2023-10-05 12:43:57,632:INFO:strategy:init_strategy_csv_log:Strategy:500:added csv row to csv_files/strategy_20231005.csv
2023-10-05 12:43:57,634:INFO:strategy:init_strategy_json:Strategy:301:read previous not empty strategy state from json_files/strategy_20231005.json
2023-10-05 12:43:57,634:INFO:strategy:initialise_logs_n_files:Strategy:301:logs and json initialised
2023-10-05 12:44:20,062:INFO:strategy:_set_dataprocessor_obj:Strategy:301:instrument objects created
2023-10-05 12:44:23,563:INFO:fnodataprocessor:read_instruments_df:FnoDataProcessor: fetched instruments df from kite
2023-10-05 12:44:23,572:INFO:fnodataprocessor:get_instru_basic_data:FnoDataProcessor: instrument data fetched name:NIFTY, symbol:NIFTY23OCTFUT expiry:2023-10-26 strike:0.0 lot:50 tick:0.05 type:FUT
2023-10-05 12:44:23,579:INFO:fnodataprocessor:create_hist_data_obj:FnoDataProcessor: historical data object created
2023-10-05 12:44:23,579:INFO:fnodataprocessor:set_indicator_enable:FnoDataProcessor: enabled indicators 1:True 2:True 3:True 4:True 5:True
2023-10-05 12:44:23,579:INFO:fnodataprocessor:initialise:FnoDataProcessor: instruToken: 8980226, instruSymbol: NIFTY23OCTFUT, object initialised
2023-10-05 12:44:27,118:INFO:fnodataprocessor:read_instruments_df:FnoDataProcessor: fetched instruments df from kite
2023-10-05 12:44:27,127:INFO:fnodataprocessor:get_instru_basic_data:FnoDataProcessor: instrument data fetched name:NIFTY, symbol:NIFTY23O0519600CE expiry:2023-10-05 strike:19600.0 lot:50 tick:0.05 type:CE
2023-10-05 12:44:27,134:INFO:fnodataprocessor:create_hist_data_obj:FnoDataProcessor: historical data object created
2023-10-05 12:44:27,134:INFO:fnodataprocessor:set_indicator_enable:FnoDataProcessor: enabled indicators 1:True 2:True 3:True 4:True 5:True
2023-10-05 12:44:27,134:INFO:fnodataprocessor:initialise:FnoDataProcessor: instruToken: 14578690, instruSymbol: NIFTY23O0519600CE, object initialised
2023-10-05 12:44:30,638:INFO:fnodataprocessor:read_instruments_df:FnoDataProcessor: fetched instruments df from kite
2023-10-05 12:44:30,646:INFO:fnodataprocessor:get_instru_basic_data:FnoDataProcessor: instrument data fetched name:NIFTY, symbol:NIFTY23O0519600PE expiry:2023-10-05 strike:19600.0 lot:50 tick:0.05 type:PE
2023-10-05 12:44:30,653:INFO:fnodataprocessor:create_hist_data_obj:FnoDataProcessor: historical data object created
2023-10-05 12:44:30,653:INFO:fnodataprocessor:set_indicator_enable:FnoDataProcessor: enabled indicators 1:True 2:True 3:True 4:True 5:True
2023-10-05 12:44:30,653:INFO:fnodataprocessor:initialise:FnoDataProcessor: instruToken: 14578946, instruSymbol: NIFTY23O0519600PE, object initialised
2023-10-05 12:44:34,221:INFO:fnodataprocessor:read_instruments_df:FnoDataProcessor: fetched instruments df from kite
2023-10-05 12:44:34,231:INFO:fnodataprocessor:get_instru_basic_data:FnoDataProcessor: instrument data fetched name:BANKNIFTY, symbol:BANKNIFTY23OCTFUT expiry:2023-10-26 strike:0.0 lot:15 tick:0.05 type:FUT
2023-10-05 12:44:34,238:INFO:fnodataprocessor:create_hist_data_obj:FnoDataProcessor: historical data object created
2023-10-05 12:44:34,238:INFO:fnodataprocessor:set_indicator_enable:FnoDataProcessor: enabled indicators 1:True 2:True 3:True 4:True 5:True
2023-10-05 12:44:34,238:INFO:fnodataprocessor:initialise:FnoDataProcessor: instruToken: 8979970, instruSymbol: BANKNIFTY23OCTFUT, object initialised
2023-10-05 12:44:38,102:INFO:fnodataprocessor:read_instruments_df:FnoDataProcessor: fetched instruments df from kite
2023-10-05 12:44:38,113:INFO:fnodataprocessor:get_instru_basic_data:FnoDataProcessor: instrument data fetched name:BANKNIFTY, symbol:BANKNIFTY23O1144600CE expiry:2023-10-11 strike:44600.0 lot:15 tick:0.05 type:CE
2023-10-05 12:44:38,120:INFO:fnodataprocessor:create_hist_data_obj:FnoDataProcessor: historical data object created
2023-10-05 12:44:38,120:INFO:fnodataprocessor:set_indicator_enable:FnoDataProcessor: enabled indicators 1:True 2:True 3:True 4:True 5:True
2023-10-05 12:44:38,120:INFO:fnodataprocessor:initialise:FnoDataProcessor: instruToken: 10270210, instruSymbol: BANKNIFTY23O1144600CE, object initialised
2023-10-05 12:44:41,640:INFO:fnodataprocessor:read_instruments_df:FnoDataProcessor: fetched instruments df from kite
2023-10-05 12:44:41,649:INFO:fnodataprocessor:get_instru_basic_data:FnoDataProcessor: instrument data fetched name:BANKNIFTY, symbol:BANKNIFTY23O1144600PE expiry:2023-10-11 strike:44600.0 lot:15 tick:0.05 type:PE
2023-10-05 12:44:41,656:INFO:fnodataprocessor:create_hist_data_obj:FnoDataProcessor: historical data object created
2023-10-05 12:44:41,656:INFO:fnodataprocessor:set_indicator_enable:FnoDataProcessor: enabled indicators 1:True 2:True 3:True 4:True 5:True
2023-10-05 12:44:41,656:INFO:fnodataprocessor:initialise:FnoDataProcessor: instruToken: 10270722, instruSymbol: BANKNIFTY23O1144600PE, object initialised
2023-10-05 12:44:41,656:INFO:strategy:_update_dataprocessor:Strategy:301: instrument objects update called
2023-10-05 12:44:41,657:INFO:orders:initialise_csv_logs:Orders: csv log initialised
2023-10-05 12:44:41,657:INFO:strategy:set_order_object:Strategy:301:order class object created
2023-10-05 12:44:41,657:INFO:strategy:initialise:Strategy:301: initialised strategy object
2023-10-05 12:44:41,669:INFO:strategy:update:Strategy:500: not a market holiday
2023-10-05 12:44:41,671:INFO:strategy:update:Strategy:500: market is open
2023-10-05 12:44:41,672:INFO:strategy:ready_for_next_candle:Strategy:500: candle interval 1min last timestamp processed 2023-10-05 12:40:00, next candle time 2023-10-05 12:42:00
2023-10-05 12:44:41,672:INFO:strategy:ready_for_next_candle:Strategy:500: now>nextcandletime last timestamp processed 2023-10-05 12:40:00, next candle time 2023-10-05 12:42:00
2023-10-05 12:44:41,673:INFO:strategy:update:Strategy:500: ready for next candle
2023-10-05 12:44:42,703:INFO:fnodataprocessor:set_hist_data:FnoDataProcessor: historical data fetched size (7709, 5)
2023-10-05 12:44:42,703:INFO:fnodataprocessor:set_hist_data:FnoDataProcessor: latest timestamp set to 2023-10-05 12:43:00+05:30
2023-10-05 12:44:42,703:INFO:fnodataprocessor:set_last_close_price:FnoDataProcessor: last close price set lcp:19553.5 lastfuturecloseprice19553.5
2023-10-05 12:44:42,706:INFO:fnodataprocessor:get_indicator_value_signal:FnoDataProcessor: indicator 1 set value:19555.79 signal:-1 config:20
2023-10-05 12:44:42,710:INFO:fnodataprocessor:get_indicator_value_signal:FnoDataProcessor: indicator 2 set value:19567.67 signal:-1 config:VWAP
2023-10-05 12:44:48,027:INFO:fnodataprocessor:get_indicator_value_signal:FnoDataProcessor: indicator 3 set value:0.0 signal:0 config:[7, 3]
2023-10-05 12:44:48,030:INFO:fnodataprocessor:get_indicator_value_signal:FnoDataProcessor: indicator 4 set value:-2.6 signal:0 config:[12, 26, 9]
2023-10-05 12:44:48,034:INFO:fnodataprocessor:get_indicator_value_signal:FnoDataProcessor: indicator 5 set value:25.35 signal:0 config:14
2023-10-05 12:44:48,035:INFO:fnodataprocessor:get_indicator_value_signal:FnoDataProcessor: indicator tp 1 set value:19556.42 signal:-1 config:10
2023-10-05 12:44:48,036:INFO:fnodataprocessor:get_indicator_value_signal:FnoDataProcessor: indicator tp 2 set value:19556.99 signal:-1 config:15
2023-10-05 12:44:48,037:INFO:fnodataprocessor:get_indicator_value_signal:FnoDataProcessor: indicator tp 3 set value:19555.79 signal:-1 config:20
2023-10-05 12:44:48,037:INFO:fnodataprocessor:set_level_signal:FnoDataProcessor:  NIFTY level set value:(19400, 19200) signal:1
2023-10-05 12:44:48,037:INFO:fnodataprocessor:set_sl_indi_sell_signal:FnoDataProcessor: NIFTY NIFTY23OCTFUT sl indicator sell signal set as False
2023-10-05 12:44:48,037:INFO:fnodataprocessor:set_rank:FnoDataProcessor: weights for rank set as 1:0 2:0 3:0 4:0 5:0 level:20
2023-10-05 12:44:48,037:INFO:fnodataprocessor:set_rank:FnoDataProcessor: rank set as 20
2023-10-05 12:44:48,037:INFO:fnodataprocessor:update:FnoDataProcessor: instruToken: 8980226, instruSymbol: NIFTY23OCTFUT, object updated
2023-10-05 12:44:48,929:INFO:fnodataprocessor:set_hist_data:FnoDataProcessor: historical data fetched size (7206, 5)
2023-10-05 12:44:48,930:INFO:fnodataprocessor:set_hist_data:FnoDataProcessor: latest timestamp set to 2023-10-05 12:43:00+05:30
2023-10-05 12:44:48,930:INFO:fnodataprocessor:set_last_close_price:FnoDataProcessor: last close price set lcp:2.8 lastfuturecloseprice2.8
2023-10-05 12:44:48,931:INFO:fnodataprocessor:get_indicator_value_signal:FnoDataProcessor: indicator 1 set value:3.02 signal:-1 config:20
2023-10-05 12:44:48,935:INFO:fnodataprocessor:get_indicator_value_signal:FnoDataProcessor: indicator 2 set value:7.33 signal:-1 config:VWAP
2023-10-05 12:44:53,230:INFO:fnodataprocessor:get_indicator_value_signal:FnoDataProcessor: indicator 3 set value:0.0 signal:0 config:[7, 3]
2023-10-05 12:44:53,233:INFO:fnodataprocessor:get_indicator_value_signal:FnoDataProcessor: indicator 4 set value:-0.4 signal:0 config:[12, 26, 9]
2023-10-05 12:44:53,237:INFO:fnodataprocessor:get_indicator_value_signal:FnoDataProcessor: indicator 5 set value:16.67 signal:0 config:14
2023-10-05 12:44:53,238:INFO:fnodataprocessor:get_indicator_value_signal:FnoDataProcessor: indicator tp 1 set value:2.97 signal:-1 config:10
2023-10-05 12:44:53,239:INFO:fnodataprocessor:get_indicator_value_signal:FnoDataProcessor: indicator tp 2 set value:3.08 signal:-1 config:15
2023-10-05 12:44:53,240:INFO:fnodataprocessor:get_indicator_value_signal:FnoDataProcessor: indicator tp 3 set value:3.02 signal:-1 config:20
2023-10-05 12:44:53,240:INFO:fnodataprocessor:set_level_signal:FnoDataProcessor:  NIFTY level set value:(19400, 19200) signal:1
2023-10-05 12:44:53,240:INFO:fnodataprocessor:set_sl_indi_sell_signal:FnoDataProcessor: NIFTY NIFTY23O0519600CE sl indicator sell signal set as False
2023-10-05 12:44:53,240:INFO:fnodataprocessor:set_rank:FnoDataProcessor: weights for rank set as 1:0 2:0 3:0 4:0 5:0 level:20
2023-10-05 12:44:53,240:INFO:fnodataprocessor:set_rank:FnoDataProcessor: rank set as 20
2023-10-05 12:44:53,240:INFO:fnodataprocessor:update:FnoDataProcessor: instruToken: 14578690, instruSymbol: NIFTY23O0519600CE, object updated
2023-10-05 12:44:54,283:INFO:fnodataprocessor:set_hist_data:FnoDataProcessor: historical data fetched size (7669, 5)
2023-10-05 12:44:54,284:INFO:fnodataprocessor:set_hist_data:FnoDataProcessor: latest timestamp set to 2023-10-05 12:43:00+05:30
2023-10-05 12:44:54,284:INFO:fnodataprocessor:set_last_close_price:FnoDataProcessor: last close price set lcp:65.2 lastfuturecloseprice65.2
2023-10-05 12:44:54,285:INFO:fnodataprocessor:get_indicator_value_signal:FnoDataProcessor: indicator 1 set value:64.64 signal:1 config:20
2023-10-05 12:44:54,290:INFO:fnodataprocessor:get_indicator_value_signal:FnoDataProcessor: indicator 2 set value:55.82 signal:1 config:VWAP
2023-10-05 12:44:59,290:INFO:fnodataprocessor:get_indicator_value_signal:FnoDataProcessor: indicator 3 set value:0 signal:0 config:[7, 3]
2023-10-05 12:44:59,294:INFO:fnodataprocessor:get_indicator_value_signal:FnoDataProcessor: indicator 4 set value:1.51 signal:0 config:[12, 26, 9]
2023-10-05 12:44:59,297:INFO:fnodataprocessor:get_indicator_value_signal:FnoDataProcessor: indicator 5 set value:66.26 signal:0 config:14
2023-10-05 12:44:59,298:INFO:fnodataprocessor:get_indicator_value_signal:FnoDataProcessor: indicator tp 1 set value:63.36 signal:1 config:10
2023-10-05 12:44:59,299:INFO:fnodataprocessor:get_indicator_value_signal:FnoDataProcessor: indicator tp 2 set value:63.24 signal:1 config:15
2023-10-05 12:44:59,301:INFO:fnodataprocessor:get_indicator_value_signal:FnoDataProcessor: indicator tp 3 set value:64.64 signal:1 config:20
2023-10-05 12:44:59,301:INFO:fnodataprocessor:set_level_signal:FnoDataProcessor:  NIFTY level set value:(19400, 19200) signal:1
2023-10-05 12:44:59,301:INFO:fnodataprocessor:set_sl_indi_sell_signal:FnoDataProcessor: NIFTY NIFTY23O0519600PE sl indicator sell signal set as False
2023-10-05 12:44:59,301:INFO:fnodataprocessor:set_rank:FnoDataProcessor: weights for rank set as 1:5 2:15 3:0 4:0 5:0 level:20
2023-10-05 12:44:59,301:INFO:fnodataprocessor:set_rank:FnoDataProcessor: rank set as 40
2023-10-05 12:44:59,301:INFO:fnodataprocessor:update:FnoDataProcessor: instruToken: 14578946, instruSymbol: NIFTY23O0519600PE, object updated
2023-10-05 12:45:00,336:INFO:fnodataprocessor:set_hist_data:FnoDataProcessor: historical data fetched size (7709, 5)
2023-10-05 12:45:00,336:INFO:fnodataprocessor:set_hist_data:FnoDataProcessor: latest timestamp set to 2023-10-05 12:43:00+05:30
2023-10-05 12:45:00,336:INFO:fnodataprocessor:set_last_close_price:FnoDataProcessor: last close price set lcp:44439.05 lastfuturecloseprice44439.05
2023-10-05 12:45:00,338:INFO:fnodataprocessor:get_indicator_value_signal:FnoDataProcessor: indicator 1 set value:44457.5 signal:-1 config:20
2023-10-05 12:45:00,341:INFO:fnodataprocessor:get_indicator_value_signal:FnoDataProcessor: indicator 2 set value:44438.34 signal:1 config:VWAP
2023-10-05 12:45:06,160:INFO:fnodataprocessor:get_indicator_value_signal:FnoDataProcessor: indicator 3 set value:44481.18 signal:0 config:[7, 3]
2023-10-05 12:45:06,163:INFO:fnodataprocessor:get_indicator_value_signal:FnoDataProcessor: indicator 4 set value:-5.64 signal:0 config:[12, 26, 9]
2023-10-05 12:45:06,167:INFO:fnodataprocessor:get_indicator_value_signal:FnoDataProcessor: indicator 5 set value:25.38 signal:0 config:14
2023-10-05 12:45:06,168:INFO:fnodataprocessor:get_indicator_value_signal:FnoDataProcessor: indicator tp 1 set value:44452.28 signal:-1 config:10
2023-10-05 12:45:06,169:INFO:fnodataprocessor:get_indicator_value_signal:FnoDataProcessor: indicator tp 2 set value:44454.12 signal:-1 config:15
2023-10-05 12:45:06,170:INFO:fnodataprocessor:get_indicator_value_signal:FnoDataProcessor: indicator tp 3 set value:44457.5 signal:-1 config:20
2023-10-05 12:45:06,170:INFO:fnodataprocessor:set_level_signal:FnoDataProcessor: BANKNIFTY level set value:(44200, 43800) signal:1
2023-10-05 12:45:06,170:INFO:fnodataprocessor:set_sl_indi_sell_signal:FnoDataProcessor: BANKNIFTY BANKNIFTY23OCTFUT sl indicator sell signal set as False
2023-10-05 12:45:06,170:INFO:fnodataprocessor:set_rank:FnoDataProcessor: weights for rank set as 1:0 2:15 3:0 4:0 5:0 level:20
2023-10-05 12:45:06,170:INFO:fnodataprocessor:set_rank:FnoDataProcessor: rank set as 35
2023-10-05 12:45:06,170:INFO:fnodataprocessor:update:FnoDataProcessor: instruToken: 8979970, instruSymbol: BANKNIFTY23OCTFUT, object updated
2023-10-05 12:45:06,649:INFO:fnodataprocessor:set_hist_data:FnoDataProcessor: historical data fetched size (3492, 5)
2023-10-05 12:45:06,649:INFO:fnodataprocessor:set_hist_data:FnoDataProcessor: latest timestamp set to 2023-10-05 12:44:00+05:30
2023-10-05 12:45:06,649:INFO:fnodataprocessor:set_last_close_price:FnoDataProcessor: last close price set lcp:127.5 lastfuturecloseprice127.5
2023-10-05 12:45:06,651:INFO:fnodataprocessor:get_indicator_value_signal:FnoDataProcessor: indicator 1 set value:140.29 signal:-1 config:20
2023-10-05 12:45:06,653:INFO:fnodataprocessor:get_indicator_value_signal:FnoDataProcessor: indicator 2 set value:146.19 signal:-1 config:VWAP
2023-10-05 12:45:08,726:INFO:fnodataprocessor:get_indicator_value_signal:FnoDataProcessor: indicator 3 set value:0.0 signal:0 config:[7, 3]
2023-10-05 12:45:08,729:INFO:fnodataprocessor:get_indicator_value_signal:FnoDataProcessor: indicator 4 set value:-2.19 signal:0 config:[12, 26, 9]
2023-10-05 12:45:08,732:INFO:fnodataprocessor:get_indicator_value_signal:FnoDataProcessor: indicator 5 set value:2.63 signal:0 config:14
2023-10-05 12:45:08,733:INFO:fnodataprocessor:get_indicator_value_signal:FnoDataProcessor: indicator tp 1 set value:137.33 signal:-1 config:10
2023-10-05 12:45:08,734:INFO:fnodataprocessor:get_indicator_value_signal:FnoDataProcessor: indicator tp 2 set value:138.74 signal:-1 config:15
2023-10-05 12:45:08,736:INFO:fnodataprocessor:get_indicator_value_signal:FnoDataProcessor: indicator tp 3 set value:140.29 signal:-1 config:20
2023-10-05 12:45:08,736:INFO:fnodataprocessor:set_level_signal:FnoDataProcessor: BANKNIFTY level set value:(44200, 43800) signal:1
2023-10-05 12:45:08,736:INFO:fnodataprocessor:set_sl_indi_sell_signal:FnoDataProcessor: BANKNIFTY BANKNIFTY23O1144600CE sl indicator sell signal set as False
2023-10-05 12:45:08,736:INFO:fnodataprocessor:set_rank:FnoDataProcessor: weights for rank set as 1:0 2:0 3:0 4:0 5:0 level:20
2023-10-05 12:45:08,736:INFO:fnodataprocessor:set_rank:FnoDataProcessor: rank set as 20
2023-10-05 12:45:08,736:INFO:fnodataprocessor:update:FnoDataProcessor: instruToken: 10270210, instruSymbol: BANKNIFTY23O1144600CE, object updated
2023-10-05 12:45:09,156:INFO:fnodataprocessor:set_hist_data:FnoDataProcessor: historical data fetched size (3233, 5)
2023-10-05 12:45:09,156:INFO:fnodataprocessor:set_hist_data:FnoDataProcessor: latest timestamp set to 2023-10-05 12:44:00+05:30
2023-10-05 12:45:09,156:INFO:fnodataprocessor:set_last_close_price:FnoDataProcessor: last close price set lcp:429.0 lastfuturecloseprice429.0
2023-10-05 12:45:09,158:INFO:fnodataprocessor:get_indicator_value_signal:FnoDataProcessor: indicator 1 set value:405.51 signal:1 config:20
2023-10-05 12:45:09,160:INFO:fnodataprocessor:get_indicator_value_signal:FnoDataProcessor: indicator 2 set value:423.96 signal:1 config:VWAP
2023-10-05 12:45:11,171:INFO:fnodataprocessor:get_indicator_value_signal:FnoDataProcessor: indicator 3 set value:0.0 signal:0 config:[7, 3]
2023-10-05 12:45:11,173:INFO:fnodataprocessor:get_indicator_value_signal:FnoDataProcessor: indicator 4 set value:3.34 signal:0 config:[12, 26, 9]
2023-10-05 12:45:11,176:INFO:fnodataprocessor:get_indicator_value_signal:FnoDataProcessor: indicator 5 set value:96.89 signal:0 config:14
2023-10-05 12:45:11,177:INFO:fnodataprocessor:get_indicator_value_signal:FnoDataProcessor: indicator tp 1 set value:410.28 signal:1 config:10
2023-10-05 12:45:11,178:INFO:fnodataprocessor:get_indicator_value_signal:FnoDataProcessor: indicator tp 2 set value:407.53 signal:1 config:15
2023-10-05 12:45:11,179:INFO:fnodataprocessor:get_indicator_value_signal:FnoDataProcessor: indicator tp 3 set value:405.51 signal:1 config:20
2023-10-05 12:45:11,180:INFO:fnodataprocessor:set_level_signal:FnoDataProcessor: BANKNIFTY level set value:(44200, 43800) signal:1
2023-10-05 12:45:11,180:INFO:fnodataprocessor:set_sl_indi_sell_signal:FnoDataProcessor: BANKNIFTY BANKNIFTY23O1144600PE sl indicator sell signal set as False
2023-10-05 12:45:11,180:INFO:fnodataprocessor:set_rank:FnoDataProcessor: weights for rank set as 1:5 2:15 3:0 4:0 5:0 level:20
2023-10-05 12:45:11,180:INFO:fnodataprocessor:set_rank:FnoDataProcessor: rank set as 40
2023-10-05 12:45:11,180:INFO:fnodataprocessor:update:FnoDataProcessor: instruToken: 10270722, instruSymbol: BANKNIFTY23O1144600PE, object updated
2023-10-05 12:45:11,180:INFO:strategy:_update_dataprocessor:Strategy:500: instrument objects update called
2023-10-05 12:45:11,180:INFO:strategy:check_for_signal:Strategy:500:signal for None no rank conditions matched
2023-10-05 12:45:11,180:INFO:strategy:set_strategy_kill_switch_codes:Strategy:500:none kill switch condition triggered
2023-10-05 12:45:11,180:INFO:strategy:update_order_status:Strategy:500:none updated order status
2023-10-05 12:45:11,180:INFO:utils:printer_logger:placing entry order after valid signal
2023-10-05 12:46:09,693:INFO:orders:place_validity_limit_buy_nfo:Orders: limit validity buy order sent NIFTY23O0519600PE 50 65.2 1 entry 231005601695189
2023-10-05 12:46:17,634:INFO:strategy:send_buy_order_if_signal_n_valid_code:Strategy:301:entry buy order sent for {'symbol': 'NIFTY23O0519600PE', 'quantity': 50, 'limit_price': 65.2, 'oid': '231005601695189', 'status': ''}
2023-10-05 12:46:17,636:INFO:strategy:update_last_processed_timestamp:Strategy:301: updated last processes timestamp 2023-10-05 12:44:00
2023-10-05 12:46:17,636:INFO:strategy:update_unrealised_pnl:Strategy:301: none updated unrealised pnl 0
2023-10-05 12:46:17,637:INFO:strategy:set_status_beacon:Strategy:301: status beacon updated ON-WT
2023-10-05 12:46:17,640:INFO:strategy:write_csv_n_json:Strategy:301: saving json to json_files/strategy_20231005.json and csv to csv_files/strategy_20231005.csv
2023-10-05 12:46:17,666:INFO:strategy:update:Strategy:301: not a market holiday
2023-10-05 12:46:17,671:INFO:strategy:update:Strategy:301: market is open
2023-10-05 12:46:17,672:INFO:strategy:ready_for_next_candle:Strategy:301: candle interval 1min last timestamp processed 2023-10-05 12:44:00, next candle time 2023-10-05 12:46:00
2023-10-05 12:46:17,672:INFO:strategy:ready_for_next_candle:Strategy:301: now>nextcandletime last timestamp processed 2023-10-05 12:44:00, next candle time 2023-10-05 12:46:00
2023-10-05 12:46:17,672:INFO:strategy:update:Strategy:301: ready for next candle
2023-10-05 12:46:18,749:INFO:fnodataprocessor:set_hist_data:FnoDataProcessor: historical data fetched size (7711, 5)
2023-10-05 12:46:18,749:INFO:fnodataprocessor:set_hist_data:FnoDataProcessor: latest timestamp set to 2023-10-05 12:45:00+05:30
2023-10-05 12:46:18,749:INFO:fnodataprocessor:set_last_close_price:FnoDataProcessor: last close price set lcp:19550.05 lastfuturecloseprice19553.5
2023-10-05 12:46:18,751:INFO:fnodataprocessor:get_indicator_value_signal:FnoDataProcessor: indicator 1 set value:19555.35 signal:-1 config:20
2023-10-05 12:46:18,756:INFO:fnodataprocessor:get_indicator_value_signal:FnoDataProcessor: indicator 2 set value:19567.56 signal:-1 config:VWAP
2023-10-05 12:46:24,269:INFO:fnodataprocessor:get_indicator_value_signal:FnoDataProcessor: indicator 3 set value:0.0 signal:0 config:[7, 3]
2023-10-05 12:46:24,272:INFO:fnodataprocessor:get_indicator_value_signal:FnoDataProcessor: indicator 4 set value:-2.66 signal:0 config:[12, 26, 9]
2023-10-05 12:46:24,276:INFO:fnodataprocessor:get_indicator_value_signal:FnoDataProcessor: indicator 5 set value:29.22 signal:0 config:14
2023-10-05 12:46:24,277:INFO:fnodataprocessor:get_indicator_value_signal:FnoDataProcessor: indicator tp 1 set value:19554.06 signal:-1 config:10
2023-10-05 12:46:24,278:INFO:fnodataprocessor:get_indicator_value_signal:FnoDataProcessor: indicator tp 2 set value:19556.06 signal:-1 config:15
2023-10-05 12:46:24,279:INFO:fnodataprocessor:get_indicator_value_signal:FnoDataProcessor: indicator tp 3 set value:19555.35 signal:-1 config:20
2023-10-05 12:46:24,279:INFO:fnodataprocessor:set_level_signal:FnoDataProcessor:  NIFTY level set value:(19400, 19200) signal:1
2023-10-05 12:46:24,279:INFO:fnodataprocessor:set_sl_indi_sell_signal:FnoDataProcessor: NIFTY NIFTY23OCTFUT sl indicator sell signal set as False
2023-10-05 12:46:24,279:INFO:fnodataprocessor:set_rank:FnoDataProcessor: weights for rank set as 1:0 2:0 3:0 4:0 5:0 level:20
2023-10-05 12:46:24,279:INFO:fnodataprocessor:set_rank:FnoDataProcessor: rank set as 20
2023-10-05 12:46:24,279:INFO:fnodataprocessor:update:FnoDataProcessor: instruToken: 8980226, instruSymbol: NIFTY23OCTFUT, object updated
2023-10-05 12:46:25,471:INFO:fnodataprocessor:set_hist_data:FnoDataProcessor: historical data fetched size (7208, 5)
2023-10-05 12:46:25,471:INFO:fnodataprocessor:set_hist_data:FnoDataProcessor: latest timestamp set to 2023-10-05 12:45:00+05:30
2023-10-05 12:46:25,472:INFO:fnodataprocessor:set_last_close_price:FnoDataProcessor: last close price set lcp:2.45 lastfuturecloseprice2.8
2023-10-05 12:46:25,473:INFO:fnodataprocessor:get_indicator_value_signal:FnoDataProcessor: indicator 1 set value:2.98 signal:-1 config:20
2023-10-05 12:46:25,479:INFO:fnodataprocessor:get_indicator_value_signal:FnoDataProcessor: indicator 2 set value:7.28 signal:-1 config:VWAP
2023-10-05 12:46:29,896:INFO:fnodataprocessor:get_indicator_value_signal:FnoDataProcessor: indicator 3 set value:0.0 signal:0 config:[7, 3]
2023-10-05 12:46:29,899:INFO:fnodataprocessor:get_indicator_value_signal:FnoDataProcessor: indicator 4 set value:-0.39 signal:0 config:[12, 26, 9]
2023-10-05 12:46:29,904:INFO:fnodataprocessor:get_indicator_value_signal:FnoDataProcessor: indicator 5 set value:18.18 signal:0 config:14
2023-10-05 12:46:29,905:INFO:fnodataprocessor:get_indicator_value_signal:FnoDataProcessor: indicator tp 1 set value:2.74 signal:-1 config:10
2023-10-05 12:46:29,906:INFO:fnodataprocessor:get_indicator_value_signal:FnoDataProcessor: indicator tp 2 set value:2.96 signal:-1 config:15
2023-10-05 12:46:29,907:INFO:fnodataprocessor:get_indicator_value_signal:FnoDataProcessor: indicator tp 3 set value:2.98 signal:-1 config:20
2023-10-05 12:46:29,907:INFO:fnodataprocessor:set_level_signal:FnoDataProcessor:  NIFTY level set value:(19400, 19200) signal:1
2023-10-05 12:46:29,907:INFO:fnodataprocessor:set_sl_indi_sell_signal:FnoDataProcessor: NIFTY NIFTY23O0519600CE sl indicator sell signal set as False
2023-10-05 12:46:29,907:INFO:fnodataprocessor:set_rank:FnoDataProcessor: weights for rank set as 1:0 2:0 3:0 4:0 5:0 level:20
2023-10-05 12:46:29,908:INFO:fnodataprocessor:set_rank:FnoDataProcessor: rank set as 20
2023-10-05 12:46:29,908:INFO:fnodataprocessor:update:FnoDataProcessor: instruToken: 14578690, instruSymbol: NIFTY23O0519600CE, object updated
2023-10-05 12:46:31,083:INFO:fnodataprocessor:set_hist_data:FnoDataProcessor: historical data fetched size (7672, 5)
2023-10-05 12:46:31,084:INFO:fnodataprocessor:set_hist_data:FnoDataProcessor: latest timestamp set to 2023-10-05 12:45:00+05:30
2023-10-05 12:46:31,084:INFO:fnodataprocessor:set_last_close_price:FnoDataProcessor: last close price set lcp:66.05 lastfuturecloseprice65.2
2023-10-05 12:46:31,087:INFO:fnodataprocessor:get_indicator_value_signal:FnoDataProcessor: indicator 1 set value:64.59 signal:1 config:20
2023-10-05 12:46:31,092:INFO:fnodataprocessor:get_indicator_value_signal:FnoDataProcessor: indicator 2 set value:55.69 signal:1 config:VWAP
2023-10-05 12:46:36,160:INFO:fnodataprocessor:get_indicator_value_signal:FnoDataProcessor: indicator 3 set value:0 signal:0 config:[7, 3]
2023-10-05 12:46:36,163:INFO:fnodataprocessor:get_indicator_value_signal:FnoDataProcessor: indicator 4 set value:1.54 signal:0 config:[12, 26, 9]
2023-10-05 12:46:36,166:INFO:fnodataprocessor:get_indicator_value_signal:FnoDataProcessor: indicator 5 set value:56.51 signal:-1 config:14
2023-10-05 12:46:36,167:INFO:fnodataprocessor:get_indicator_value_signal:FnoDataProcessor: indicator tp 1 set value:65.24 signal:1 config:10
2023-10-05 12:46:36,168:INFO:fnodataprocessor:get_indicator_value_signal:FnoDataProcessor: indicator tp 2 set value:63.77 signal:1 config:15
2023-10-05 12:46:36,169:INFO:fnodataprocessor:get_indicator_value_signal:FnoDataProcessor: indicator tp 3 set value:64.59 signal:1 config:20
2023-10-05 12:46:36,170:INFO:fnodataprocessor:set_level_signal:FnoDataProcessor:  NIFTY level set value:(19400, 19200) signal:1
2023-10-05 12:46:36,170:INFO:fnodataprocessor:set_sl_indi_sell_signal:FnoDataProcessor: NIFTY NIFTY23O0519600PE sl indicator sell signal set as False
2023-10-05 12:46:36,170:INFO:fnodataprocessor:set_rank:FnoDataProcessor: weights for rank set as 1:5 2:15 3:0 4:0 5:0 level:20
2023-10-05 12:46:36,170:INFO:fnodataprocessor:set_rank:FnoDataProcessor: rank set as 40
2023-10-05 12:46:36,170:INFO:fnodataprocessor:update:FnoDataProcessor: instruToken: 14578946, instruSymbol: NIFTY23O0519600PE, object updated
2023-10-05 12:46:37,175:INFO:fnodataprocessor:set_hist_data:FnoDataProcessor: historical data fetched size (7711, 5)
2023-10-05 12:46:37,175:INFO:fnodataprocessor:set_hist_data:FnoDataProcessor: latest timestamp set to 2023-10-05 12:45:00+05:30
2023-10-05 12:46:37,176:INFO:fnodataprocessor:set_last_close_price:FnoDataProcessor: last close price set lcp:44423.9 lastfuturecloseprice44439.05
2023-10-05 12:46:37,177:INFO:fnodataprocessor:get_indicator_value_signal:FnoDataProcessor: indicator 1 set value:44452.6 signal:-1 config:20
2023-10-05 12:46:37,180:INFO:fnodataprocessor:get_indicator_value_signal:FnoDataProcessor: indicator 2 set value:44439.58 signal:-1 config:VWAP
2023-10-05 12:46:43,034:INFO:fnodataprocessor:get_indicator_value_signal:FnoDataProcessor: indicator 3 set value:44469.83 signal:0 config:[7, 3]
2023-10-05 12:46:43,037:INFO:fnodataprocessor:get_indicator_value_signal:FnoDataProcessor: indicator 4 set value:-7.15 signal:0 config:[12, 26, 9]
2023-10-05 12:46:43,040:INFO:fnodataprocessor:get_indicator_value_signal:FnoDataProcessor: indicator 5 set value:16.9 signal:0 config:14
2023-10-05 12:46:43,041:INFO:fnodataprocessor:get_indicator_value_signal:FnoDataProcessor: indicator tp 1 set value:44444.97 signal:-1 config:10
2023-10-05 12:46:43,042:INFO:fnodataprocessor:get_indicator_value_signal:FnoDataProcessor: indicator tp 2 set value:44449.08 signal:-1 config:15
2023-10-05 12:46:43,043:INFO:fnodataprocessor:get_indicator_value_signal:FnoDataProcessor: indicator tp 3 set value:44452.6 signal:-1 config:20
2023-10-05 12:46:43,043:INFO:fnodataprocessor:set_level_signal:FnoDataProcessor: BANKNIFTY level set value:(44200, 43800) signal:1
2023-10-05 12:46:43,043:INFO:fnodataprocessor:set_sl_indi_sell_signal:FnoDataProcessor: BANKNIFTY BANKNIFTY23OCTFUT sl indicator sell signal set as False
2023-10-05 12:46:43,043:INFO:fnodataprocessor:set_rank:FnoDataProcessor: weights for rank set as 1:0 2:0 3:0 4:0 5:0 level:20
2023-10-05 12:46:43,043:INFO:fnodataprocessor:set_rank:FnoDataProcessor: rank set as 20
2023-10-05 12:46:43,043:INFO:fnodataprocessor:update:FnoDataProcessor: instruToken: 8979970, instruSymbol: BANKNIFTY23OCTFUT, object updated
2023-10-05 12:46:43,522:INFO:fnodataprocessor:set_hist_data:FnoDataProcessor: historical data fetched size (3493, 5)
2023-10-05 12:46:43,522:INFO:fnodataprocessor:set_hist_data:FnoDataProcessor: latest timestamp set to 2023-10-05 12:45:00+05:30
2023-10-05 12:46:43,522:INFO:fnodataprocessor:set_last_close_price:FnoDataProcessor: last close price set lcp:127.8 lastfuturecloseprice127.5
2023-10-05 12:46:43,523:INFO:fnodataprocessor:get_indicator_value_signal:FnoDataProcessor: indicator 1 set value:139.3 signal:-1 config:20
2023-10-05 12:46:43,526:INFO:fnodataprocessor:get_indicator_value_signal:FnoDataProcessor: indicator 2 set value:146.07 signal:-1 config:VWAP
2023-10-05 12:46:45,625:INFO:fnodataprocessor:get_indicator_value_signal:FnoDataProcessor: indicator 3 set value:0.0 signal:0 config:[7, 3]
2023-10-05 12:46:45,628:INFO:fnodataprocessor:get_indicator_value_signal:FnoDataProcessor: indicator 4 set value:-2.48 signal:0 config:[12, 26, 9]
2023-10-05 12:46:45,631:INFO:fnodataprocessor:get_indicator_value_signal:FnoDataProcessor: indicator 5 set value:9.47 signal:0 config:14
2023-10-05 12:46:45,632:INFO:fnodataprocessor:get_indicator_value_signal:FnoDataProcessor: indicator tp 1 set value:136.23 signal:-1 config:10
2023-10-05 12:46:45,633:INFO:fnodataprocessor:get_indicator_value_signal:FnoDataProcessor: indicator tp 2 set value:137.75 signal:-1 config:15
2023-10-05 12:46:45,634:INFO:fnodataprocessor:get_indicator_value_signal:FnoDataProcessor: indicator tp 3 set value:139.3 signal:-1 config:20
2023-10-05 12:46:45,634:INFO:fnodataprocessor:set_level_signal:FnoDataProcessor: BANKNIFTY level set value:(44200, 43800) signal:1
2023-10-05 12:46:45,634:INFO:fnodataprocessor:set_sl_indi_sell_signal:FnoDataProcessor: BANKNIFTY BANKNIFTY23O1144600CE sl indicator sell signal set as False
2023-10-05 12:46:45,634:INFO:fnodataprocessor:set_rank:FnoDataProcessor: weights for rank set as 1:0 2:0 3:0 4:0 5:0 level:20
2023-10-05 12:46:45,634:INFO:fnodataprocessor:set_rank:FnoDataProcessor: rank set as 20
2023-10-05 12:46:45,634:INFO:fnodataprocessor:update:FnoDataProcessor: instruToken: 10270210, instruSymbol: BANKNIFTY23O1144600CE, object updated
2023-10-05 12:46:46,094:INFO:fnodataprocessor:set_hist_data:FnoDataProcessor: historical data fetched size (3234, 5)
2023-10-05 12:46:46,094:INFO:fnodataprocessor:set_hist_data:FnoDataProcessor: latest timestamp set to 2023-10-05 12:45:00+05:30
2023-10-05 12:46:46,095:INFO:fnodataprocessor:set_last_close_price:FnoDataProcessor: last close price set lcp:423.95 lastfuturecloseprice429.0
2023-10-05 12:46:46,096:INFO:fnodataprocessor:get_indicator_value_signal:FnoDataProcessor: indicator 1 set value:406.94 signal:1 config:20
2023-10-05 12:46:46,099:INFO:fnodataprocessor:get_indicator_value_signal:FnoDataProcessor: indicator 2 set value:424.11 signal:-1 config:VWAP
2023-10-05 12:46:49,036:INFO:fnodataprocessor:get_indicator_value_signal:FnoDataProcessor: indicator 3 set value:0.0 signal:0 config:[7, 3]
2023-10-05 12:46:49,039:INFO:fnodataprocessor:get_indicator_value_signal:FnoDataProcessor: indicator 4 set value:3.85 signal:0 config:[12, 26, 9]
2023-10-05 12:46:49,043:INFO:fnodataprocessor:get_indicator_value_signal:FnoDataProcessor: indicator 5 set value:77.61 signal:0 config:14
2023-10-05 12:46:49,044:INFO:fnodataprocessor:get_indicator_value_signal:FnoDataProcessor: indicator tp 1 set value:412.1 signal:1 config:10
2023-10-05 12:46:49,045:INFO:fnodataprocessor:get_indicator_value_signal:FnoDataProcessor: indicator tp 2 set value:409.16 signal:1 config:15
2023-10-05 12:46:49,046:INFO:fnodataprocessor:get_indicator_value_signal:FnoDataProcessor: indicator tp 3 set value:406.94 signal:1 config:20
2023-10-05 12:46:49,046:INFO:fnodataprocessor:set_level_signal:FnoDataProcessor: BANKNIFTY level set value:(44200, 43800) signal:1
2023-10-05 12:46:49,046:INFO:fnodataprocessor:set_sl_indi_sell_signal:FnoDataProcessor: BANKNIFTY BANKNIFTY23O1144600PE sl indicator sell signal set as False
2023-10-05 12:46:49,046:INFO:fnodataprocessor:set_rank:FnoDataProcessor: weights for rank set as 1:5 2:0 3:0 4:0 5:0 level:20
2023-10-05 12:46:49,046:INFO:fnodataprocessor:set_rank:FnoDataProcessor: rank set as 25
2023-10-05 12:46:49,046:INFO:fnodataprocessor:update:FnoDataProcessor: instruToken: 10270722, instruSymbol: BANKNIFTY23O1144600PE, object updated
2023-10-05 12:46:49,046:INFO:strategy:_update_dataprocessor:Strategy:301: instrument objects update called
2023-10-05 12:46:49,046:INFO:strategy:check_for_signal:Strategy:301:signal for None no rank conditions matched
2023-10-05 12:46:49,046:INFO:strategy:set_strategy_kill_switch_codes:Strategy:301:none kill switch condition triggered
2023-10-05 12:46:49,093:INFO:orders:get_orders:Orders: fetched existing orders for tag lunar
2023-10-05 12:46:49,097:INFO:orders:get_order_status:Orders: order status fetched oid:231005601695189 COMPLETE
2023-10-05 12:46:49,097:INFO:strategy:update_order_status:Strategy:301:updated order status for entry COMPLETE
2023-10-05 12:46:49,097:INFO:strategy:if_buy_filled_or_cancelled:Strategy:303:entry buy order complete
2023-10-05 12:46:49,097:INFO:strategy:update_last_processed_timestamp:Strategy:303: updated last processes timestamp 2023-10-05 12:45:00
2023-10-05 12:46:49,097:INFO:strategy:update_unrealised_pnl:Strategy:303: none updated unrealised pnl 0
2023-10-05 12:46:49,097:INFO:strategy:set_status_beacon:Strategy:303: status beacon updated IN-POS
2023-10-05 12:46:49,099:INFO:strategy:write_csv_n_json:Strategy:303: saving json to json_files/strategy_20231005.json and csv to csv_files/strategy_20231005.csv
2023-10-05 12:46:49,108:INFO:strategy:update:Strategy:303: not a market holiday
2023-10-05 12:46:49,111:INFO:strategy:update:Strategy:303: market is open
2023-10-05 12:46:49,111:INFO:strategy:ready_for_next_candle:Strategy:303: candle interval 1min last timestamp processed 2023-10-05 12:45:00, next candle time 2023-10-05 12:47:00
2023-10-05 12:46:49,111:INFO:strategy:ready_for_next_candle:Strategy:303: now not> nextcandletime last timestamp processed 2023-10-05 12:45:00, next candle time 2023-10-05 12:47:00
2023-10-05 12:46:49,111:INFO:strategy:update:Strategy:303: not ready for next candle
2023-10-05 12:46:49,111:INFO:strategy:update_order_status:Strategy:303:none updated order status
2023-10-05 12:47:53,711:INFO:orders:place_limit_sell_nfo:Orders: limit sell order sent NIFTY23O0519600PE 50 65.25 tp 231005601701907
2023-10-05 12:47:53,714:INFO:strategy:send_tp_orders:Strategy:303:tp order sent {'symbol': 'NIFTY23O0519600PE', 'quantity': 50, 'limit_price': 65.25, 'oid': '231005601701907', 'status': ''}
2023-10-05 12:48:12,628:INFO:orders:place_sl_market_sell_nfo:Orders: sl order sent NIFTY23O0519600PE 50 20.2 global_sl 231005601704519
2023-10-05 12:48:12,777:INFO:strategy:send_global_sl:Strategy:303:global sl sent {'symbol': 'NIFTY23O0519600PE', 'quantity': 50, 'limit_price': 20.2, 'oid': '231005601704519', 'status': ''}
