2023-10-05 12:40:37,583:INFO:strategy:init_strategy_csv_log:Strategy:500:added csv row to csv_files/strategy_20231005.csv
2023-10-05 12:40:37,583:INFO:strategy:initialise_logs_n_files:Strategy:500:logs and json initialised
2023-10-05 12:41:00,691:INFO:strategy:_set_dataprocessor_obj:Strategy:500:instrument objects created
2023-10-05 12:41:04,163:INFO:fnodataprocessor:read_instruments_df:FnoDataProcessor: fetched instruments df from kite
2023-10-05 12:41:04,171:INFO:fnodataprocessor:get_instru_basic_data:FnoDataProcessor: instrument data fetched name:NIFTY, symbol:NIFTY23OCTFUT expiry:2023-10-26 strike:0.0 lot:50 tick:0.05 type:FUT
2023-10-05 12:41:04,178:INFO:fnodataprocessor:create_hist_data_obj:FnoDataProcessor: historical data object created
2023-10-05 12:41:04,178:INFO:fnodataprocessor:set_indicator_enable:FnoDataProcessor: enabled indicators 1:True 2:True 3:True 4:True 5:True
2023-10-05 12:41:04,178:INFO:fnodataprocessor:initialise:FnoDataProcessor: instruToken: 8980226, instruSymbol: NIFTY23OCTFUT, object initialised
2023-10-05 12:41:07,649:INFO:fnodataprocessor:read_instruments_df:FnoDataProcessor: fetched instruments df from kite
2023-10-05 12:41:07,657:INFO:fnodataprocessor:get_instru_basic_data:FnoDataProcessor: instrument data fetched name:NIFTY, symbol:NIFTY23O0519600CE expiry:2023-10-05 strike:19600.0 lot:50 tick:0.05 type:CE
2023-10-05 12:41:07,664:INFO:fnodataprocessor:create_hist_data_obj:FnoDataProcessor: historical data object created
2023-10-05 12:41:07,664:INFO:fnodataprocessor:set_indicator_enable:FnoDataProcessor: enabled indicators 1:True 2:True 3:True 4:True 5:True
2023-10-05 12:41:07,664:INFO:fnodataprocessor:initialise:FnoDataProcessor: instruToken: 14578690, instruSymbol: NIFTY23O0519600CE, object initialised
2023-10-05 12:41:11,172:INFO:fnodataprocessor:read_instruments_df:FnoDataProcessor: fetched instruments df from kite
2023-10-05 12:41:11,180:INFO:fnodataprocessor:get_instru_basic_data:FnoDataProcessor: instrument data fetched name:NIFTY, symbol:NIFTY23O0519600PE expiry:2023-10-05 strike:19600.0 lot:50 tick:0.05 type:PE
2023-10-05 12:41:11,187:INFO:fnodataprocessor:create_hist_data_obj:FnoDataProcessor: historical data object created
2023-10-05 12:41:11,187:INFO:fnodataprocessor:set_indicator_enable:FnoDataProcessor: enabled indicators 1:True 2:True 3:True 4:True 5:True
2023-10-05 12:41:11,187:INFO:fnodataprocessor:initialise:FnoDataProcessor: instruToken: 14578946, instruSymbol: NIFTY23O0519600PE, object initialised
2023-10-05 12:41:14,725:INFO:fnodataprocessor:read_instruments_df:FnoDataProcessor: fetched instruments df from kite
2023-10-05 12:41:14,733:INFO:fnodataprocessor:get_instru_basic_data:FnoDataProcessor: instrument data fetched name:BANKNIFTY, symbol:BANKNIFTY23OCTFUT expiry:2023-10-26 strike:0.0 lot:15 tick:0.05 type:FUT
2023-10-05 12:41:14,740:INFO:fnodataprocessor:create_hist_data_obj:FnoDataProcessor: historical data object created
2023-10-05 12:41:14,740:INFO:fnodataprocessor:set_indicator_enable:FnoDataProcessor: enabled indicators 1:True 2:True 3:True 4:True 5:True
2023-10-05 12:41:14,740:INFO:fnodataprocessor:initialise:FnoDataProcessor: instruToken: 8979970, instruSymbol: BANKNIFTY23OCTFUT, object initialised
2023-10-05 12:41:18,235:INFO:fnodataprocessor:read_instruments_df:FnoDataProcessor: fetched instruments df from kite
2023-10-05 12:41:18,245:INFO:fnodataprocessor:get_instru_basic_data:FnoDataProcessor: instrument data fetched name:BANKNIFTY, symbol:BANKNIFTY23O1144600CE expiry:2023-10-11 strike:44600.0 lot:15 tick:0.05 type:CE
2023-10-05 12:41:18,253:INFO:fnodataprocessor:create_hist_data_obj:FnoDataProcessor: historical data object created
2023-10-05 12:41:18,253:INFO:fnodataprocessor:set_indicator_enable:FnoDataProcessor: enabled indicators 1:True 2:True 3:True 4:True 5:True
2023-10-05 12:41:18,253:INFO:fnodataprocessor:initialise:FnoDataProcessor: instruToken: 10270210, instruSymbol: BANKNIFTY23O1144600CE, object initialised
2023-10-05 12:41:21,858:INFO:fnodataprocessor:read_instruments_df:FnoDataProcessor: fetched instruments df from kite
2023-10-05 12:41:21,868:INFO:fnodataprocessor:get_instru_basic_data:FnoDataProcessor: instrument data fetched name:BANKNIFTY, symbol:BANKNIFTY23O1144600PE expiry:2023-10-11 strike:44600.0 lot:15 tick:0.05 type:PE
2023-10-05 12:41:21,875:INFO:fnodataprocessor:create_hist_data_obj:FnoDataProcessor: historical data object created
2023-10-05 12:41:21,875:INFO:fnodataprocessor:set_indicator_enable:FnoDataProcessor: enabled indicators 1:True 2:True 3:True 4:True 5:True
2023-10-05 12:41:21,875:INFO:fnodataprocessor:initialise:FnoDataProcessor: instruToken: 10270722, instruSymbol: BANKNIFTY23O1144600PE, object initialised
2023-10-05 12:41:21,875:INFO:strategy:_update_dataprocessor:Strategy:500: instrument objects update called
2023-10-05 12:41:21,876:INFO:orders:initialise_csv_logs:Orders: csv log initialised
2023-10-05 12:41:21,876:INFO:strategy:set_order_object:Strategy:500:order class object created
2023-10-05 12:41:21,876:INFO:strategy:initialise:Strategy:500: initialised strategy object
2023-10-05 12:41:21,887:INFO:strategy:update:Strategy:500: not a market holiday
2023-10-05 12:41:21,889:INFO:strategy:update:Strategy:500: market is open
2023-10-05 12:41:21,890:INFO:strategy:ready_for_next_candle:Strategy:500: last timestamp processed None, next candle time 2023-10-05 09:19:00
2023-10-05 12:41:21,890:INFO:strategy:ready_for_next_candle:Strategy:500: now>nextcandletime last timestamp processed None, next candle time 2023-10-05 09:19:00
2023-10-05 12:41:21,890:INFO:strategy:update:Strategy:500: ready for next candle
2023-10-05 12:41:22,976:INFO:fnodataprocessor:set_hist_data:FnoDataProcessor: historical data fetched size (7706, 5)
2023-10-05 12:41:22,977:INFO:fnodataprocessor:set_hist_data:FnoDataProcessor: latest timestamp set to 2023-10-05 12:40:00+05:30
2023-10-05 12:41:22,977:INFO:fnodataprocessor:set_last_close_price:FnoDataProcessor: last close price set lcp:19559.0 lastfuturecloseprice19559.0
2023-10-05 12:41:22,980:INFO:fnodataprocessor:get_indicator_value_signal:FnoDataProcessor: indicator 1 set value:19554.84 signal:1 config:20
2023-10-05 12:41:22,984:INFO:fnodataprocessor:get_indicator_value_signal:FnoDataProcessor: indicator 2 set value:19567.7 signal:-1 config:VWAP
2023-10-05 12:41:28,182:INFO:fnodataprocessor:get_indicator_value_signal:FnoDataProcessor: indicator 3 set value:0.0 signal:0 config:[7, 3]
2023-10-05 12:41:28,185:INFO:fnodataprocessor:get_indicator_value_signal:FnoDataProcessor: indicator 4 set value:-3.13 signal:0 config:[12, 26, 9]
2023-10-05 12:41:28,190:INFO:fnodataprocessor:get_indicator_value_signal:FnoDataProcessor: indicator 5 set value:64.08 signal:1 config:14
2023-10-05 12:41:28,191:INFO:fnodataprocessor:get_indicator_value_signal:FnoDataProcessor: indicator tp 1 set value:19557.88 signal:1 config:10
2023-10-05 12:41:28,192:INFO:fnodataprocessor:get_indicator_value_signal:FnoDataProcessor: indicator tp 2 set value:19556.32 signal:1 config:15
2023-10-05 12:41:28,193:INFO:fnodataprocessor:get_indicator_value_signal:FnoDataProcessor: indicator tp 3 set value:19554.84 signal:1 config:20
2023-10-05 12:41:28,196:INFO:fnodataprocessor:set_level_signal:FnoDataProcessor:  NIFTY level set value:(19400, 19200) signal:1
2023-10-05 12:41:28,196:INFO:fnodataprocessor:set_sl_indi_sell_signal:FnoDataProcessor: NIFTY NIFTY23OCTFUT sl indicator sell signal set as False
2023-10-05 12:41:28,196:INFO:fnodataprocessor:set_rank:FnoDataProcessor: weights for rank set as 1:5 2:0 3:0 4:0 5:20 level:20
2023-10-05 12:41:28,197:INFO:fnodataprocessor:set_rank:FnoDataProcessor: rank set as 45
2023-10-05 12:41:28,197:INFO:fnodataprocessor:update:FnoDataProcessor: instruToken: 8980226, instruSymbol: NIFTY23OCTFUT, object updated
2023-10-05 12:41:29,148:INFO:fnodataprocessor:set_hist_data:FnoDataProcessor: historical data fetched size (7203, 5)
2023-10-05 12:41:29,148:INFO:fnodataprocessor:set_hist_data:FnoDataProcessor: latest timestamp set to 2023-10-05 12:40:00+05:30
2023-10-05 12:41:29,148:INFO:fnodataprocessor:set_last_close_price:FnoDataProcessor: last close price set lcp:2.9 lastfuturecloseprice2.9
2023-10-05 12:41:29,149:INFO:fnodataprocessor:get_indicator_value_signal:FnoDataProcessor: indicator 1 set value:3.01 signal:-1 config:20
2023-10-05 12:41:29,153:INFO:fnodataprocessor:get_indicator_value_signal:FnoDataProcessor: indicator 2 set value:7.36 signal:-1 config:VWAP
2023-10-05 12:41:33,396:INFO:fnodataprocessor:get_indicator_value_signal:FnoDataProcessor: indicator 3 set value:0.0 signal:0 config:[7, 3]
2023-10-05 12:41:33,399:INFO:fnodataprocessor:get_indicator_value_signal:FnoDataProcessor: indicator 4 set value:-0.45 signal:0 config:[12, 26, 9]
2023-10-05 12:41:33,402:INFO:fnodataprocessor:get_indicator_value_signal:FnoDataProcessor: indicator 5 set value:25.0 signal:0 config:14
2023-10-05 12:41:33,403:INFO:fnodataprocessor:get_indicator_value_signal:FnoDataProcessor: indicator tp 1 set value:3.13 signal:-1 config:10
2023-10-05 12:41:33,404:INFO:fnodataprocessor:get_indicator_value_signal:FnoDataProcessor: indicator tp 2 set value:3.09 signal:-1 config:15
2023-10-05 12:41:33,405:INFO:fnodataprocessor:get_indicator_value_signal:FnoDataProcessor: indicator tp 3 set value:3.01 signal:-1 config:20
2023-10-05 12:41:33,405:INFO:fnodataprocessor:set_level_signal:FnoDataProcessor:  NIFTY level set value:(19400, 19200) signal:1
2023-10-05 12:41:33,405:INFO:fnodataprocessor:set_sl_indi_sell_signal:FnoDataProcessor: NIFTY NIFTY23O0519600CE sl indicator sell signal set as False
2023-10-05 12:41:33,405:INFO:fnodataprocessor:set_rank:FnoDataProcessor: weights for rank set as 1:0 2:0 3:0 4:0 5:0 level:20
2023-10-05 12:41:33,405:INFO:fnodataprocessor:set_rank:FnoDataProcessor: rank set as 20
2023-10-05 12:41:33,405:INFO:fnodataprocessor:update:FnoDataProcessor: instruToken: 14578690, instruSymbol: NIFTY23O0519600CE, object updated
2023-10-05 12:41:34,682:INFO:fnodataprocessor:set_hist_data:FnoDataProcessor: historical data fetched size (7666, 5)
2023-10-05 12:41:34,682:INFO:fnodataprocessor:set_hist_data:FnoDataProcessor: latest timestamp set to 2023-10-05 12:40:00+05:30
2023-10-05 12:41:34,682:INFO:fnodataprocessor:set_last_close_price:FnoDataProcessor: last close price set lcp:63.45 lastfuturecloseprice63.45
2023-10-05 12:41:34,683:INFO:fnodataprocessor:get_indicator_value_signal:FnoDataProcessor: indicator 1 set value:65.5 signal:-1 config:20
2023-10-05 12:41:34,687:INFO:fnodataprocessor:get_indicator_value_signal:FnoDataProcessor: indicator 2 set value:55.77 signal:1 config:VWAP
2023-10-05 12:41:39,631:INFO:fnodataprocessor:get_indicator_value_signal:FnoDataProcessor: indicator 3 set value:0 signal:0 config:[7, 3]
2023-10-05 12:41:39,634:INFO:fnodataprocessor:get_indicator_value_signal:FnoDataProcessor: indicator 4 set value:1.85 signal:0 config:[12, 26, 9]
2023-10-05 12:41:39,637:INFO:fnodataprocessor:get_indicator_value_signal:FnoDataProcessor: indicator 5 set value:47.01 signal:0 config:14
2023-10-05 12:41:39,638:INFO:fnodataprocessor:get_indicator_value_signal:FnoDataProcessor: indicator tp 1 set value:62.54 signal:1 config:10
2023-10-05 12:41:39,639:INFO:fnodataprocessor:get_indicator_value_signal:FnoDataProcessor: indicator tp 2 set value:64.01 signal:-1 config:15
2023-10-05 12:41:39,640:INFO:fnodataprocessor:get_indicator_value_signal:FnoDataProcessor: indicator tp 3 set value:65.5 signal:-1 config:20
2023-10-05 12:41:39,640:INFO:fnodataprocessor:set_level_signal:FnoDataProcessor:  NIFTY level set value:(19400, 19200) signal:1
2023-10-05 12:41:39,640:INFO:fnodataprocessor:set_sl_indi_sell_signal:FnoDataProcessor: NIFTY NIFTY23O0519600PE sl indicator sell signal set as False
2023-10-05 12:41:39,640:INFO:fnodataprocessor:set_rank:FnoDataProcessor: weights for rank set as 1:0 2:15 3:0 4:0 5:0 level:20
2023-10-05 12:41:39,640:INFO:fnodataprocessor:set_rank:FnoDataProcessor: rank set as 35
2023-10-05 12:41:39,640:INFO:fnodataprocessor:update:FnoDataProcessor: instruToken: 14578946, instruSymbol: NIFTY23O0519600PE, object updated
2023-10-05 12:41:40,651:INFO:fnodataprocessor:set_hist_data:FnoDataProcessor: historical data fetched size (7706, 5)
2023-10-05 12:41:40,651:INFO:fnodataprocessor:set_hist_data:FnoDataProcessor: latest timestamp set to 2023-10-05 12:40:00+05:30
2023-10-05 12:41:40,651:INFO:fnodataprocessor:set_last_close_price:FnoDataProcessor: last close price set lcp:44455.3 lastfuturecloseprice44455.3
2023-10-05 12:41:40,652:INFO:fnodataprocessor:get_indicator_value_signal:FnoDataProcessor: indicator 1 set value:44461.19 signal:-1 config:20
2023-10-05 12:41:40,656:INFO:fnodataprocessor:get_indicator_value_signal:FnoDataProcessor: indicator 2 set value:44438.31 signal:1 config:VWAP
2023-10-05 12:41:46,866:INFO:fnodataprocessor:get_indicator_value_signal:FnoDataProcessor: indicator 3 set value:44491.45 signal:0 config:[7, 3]
2023-10-05 12:41:46,878:INFO:fnodataprocessor:get_indicator_value_signal:FnoDataProcessor: indicator 4 set value:-5.34 signal:1 config:[12, 26, 9]
2023-10-05 12:41:46,897:INFO:fnodataprocessor:get_indicator_value_signal:FnoDataProcessor: indicator 5 set value:44.66 signal:0 config:14
2023-10-05 12:41:46,898:INFO:fnodataprocessor:get_indicator_value_signal:FnoDataProcessor: indicator tp 1 set value:44455.98 signal:-1 config:10
2023-10-05 12:41:46,899:INFO:fnodataprocessor:get_indicator_value_signal:FnoDataProcessor: indicator tp 2 set value:44458.38 signal:-1 config:15
2023-10-05 12:41:46,901:INFO:fnodataprocessor:get_indicator_value_signal:FnoDataProcessor: indicator tp 3 set value:44461.19 signal:-1 config:20
2023-10-05 12:41:46,901:INFO:fnodataprocessor:set_level_signal:FnoDataProcessor: BANKNIFTY level set value:(44200, 43800) signal:1
2023-10-05 12:41:46,901:INFO:fnodataprocessor:set_sl_indi_sell_signal:FnoDataProcessor: BANKNIFTY BANKNIFTY23OCTFUT sl indicator sell signal set as False
2023-10-05 12:41:46,901:INFO:fnodataprocessor:set_rank:FnoDataProcessor: weights for rank set as 1:0 2:15 3:0 4:20 5:0 level:20
2023-10-05 12:41:46,901:INFO:fnodataprocessor:set_rank:FnoDataProcessor: rank set as 55
2023-10-05 12:41:46,901:INFO:fnodataprocessor:update:FnoDataProcessor: instruToken: 8979970, instruSymbol: BANKNIFTY23OCTFUT, object updated
2023-10-05 12:41:47,399:INFO:fnodataprocessor:set_hist_data:FnoDataProcessor: historical data fetched size (3488, 5)
2023-10-05 12:41:47,399:INFO:fnodataprocessor:set_hist_data:FnoDataProcessor: latest timestamp set to 2023-10-05 12:40:00+05:30
2023-10-05 12:41:47,399:INFO:fnodataprocessor:set_last_close_price:FnoDataProcessor: last close price set lcp:140.35 lastfuturecloseprice140.35
2023-10-05 12:41:47,400:INFO:fnodataprocessor:get_indicator_value_signal:FnoDataProcessor: indicator 1 set value:142.71 signal:-1 config:20
2023-10-05 12:41:47,403:INFO:fnodataprocessor:get_indicator_value_signal:FnoDataProcessor: indicator 2 set value:146.19 signal:-1 config:VWAP
2023-10-05 12:41:50,325:INFO:fnodataprocessor:get_indicator_value_signal:FnoDataProcessor: indicator 3 set value:0.0 signal:0 config:[7, 3]
2023-10-05 12:41:50,331:INFO:fnodataprocessor:get_indicator_value_signal:FnoDataProcessor: indicator 4 set value:-1.7 signal:0 config:[12, 26, 9]
2023-10-05 12:41:50,335:INFO:fnodataprocessor:get_indicator_value_signal:FnoDataProcessor: indicator 5 set value:45.15 signal:0 config:14
2023-10-05 12:41:50,336:INFO:fnodataprocessor:get_indicator_value_signal:FnoDataProcessor: indicator tp 1 set value:140.28 signal:1 config:10
2023-10-05 12:41:50,337:INFO:fnodataprocessor:get_indicator_value_signal:FnoDataProcessor: indicator tp 2 set value:141.48 signal:-1 config:15
2023-10-05 12:41:50,339:INFO:fnodataprocessor:get_indicator_value_signal:FnoDataProcessor: indicator tp 3 set value:142.71 signal:-1 config:20
2023-10-05 12:41:50,339:INFO:fnodataprocessor:set_level_signal:FnoDataProcessor: BANKNIFTY level set value:(44200, 43800) signal:1
2023-10-05 12:41:50,339:INFO:fnodataprocessor:set_sl_indi_sell_signal:FnoDataProcessor: BANKNIFTY BANKNIFTY23O1144600CE sl indicator sell signal set as False
2023-10-05 12:41:50,339:INFO:fnodataprocessor:set_rank:FnoDataProcessor: weights for rank set as 1:0 2:0 3:0 4:0 5:0 level:20
2023-10-05 12:41:50,339:INFO:fnodataprocessor:set_rank:FnoDataProcessor: rank set as 20
2023-10-05 12:41:50,339:INFO:fnodataprocessor:update:FnoDataProcessor: instruToken: 10270210, instruSymbol: BANKNIFTY23O1144600CE, object updated
2023-10-05 12:41:50,802:INFO:fnodataprocessor:set_hist_data:FnoDataProcessor: historical data fetched size (3229, 5)
2023-10-05 12:41:50,802:INFO:fnodataprocessor:set_hist_data:FnoDataProcessor: latest timestamp set to 2023-10-05 12:40:00+05:30
2023-10-05 12:41:50,803:INFO:fnodataprocessor:set_last_close_price:FnoDataProcessor: last close price set lcp:403.35 lastfuturecloseprice403.35
2023-10-05 12:41:50,804:INFO:fnodataprocessor:get_indicator_value_signal:FnoDataProcessor: indicator 1 set value:401.76 signal:1 config:20
2023-10-05 12:41:50,809:INFO:fnodataprocessor:get_indicator_value_signal:FnoDataProcessor: indicator 2 set value:424.13 signal:-1 config:VWAP
2023-10-05 12:41:52,832:INFO:fnodataprocessor:get_indicator_value_signal:FnoDataProcessor: indicator 3 set value:0.0 signal:0 config:[7, 3]
2023-10-05 12:41:52,834:INFO:fnodataprocessor:get_indicator_value_signal:FnoDataProcessor: indicator 4 set value:2.36 signal:0 config:[12, 26, 9]
2023-10-05 12:41:52,838:INFO:fnodataprocessor:get_indicator_value_signal:FnoDataProcessor: indicator 5 set value:51.42 signal:-1 config:14
2023-10-05 12:41:52,839:INFO:fnodataprocessor:get_indicator_value_signal:FnoDataProcessor: indicator tp 1 set value:404.54 signal:-1 config:10
2023-10-05 12:41:52,840:INFO:fnodataprocessor:get_indicator_value_signal:FnoDataProcessor: indicator tp 2 set value:403.12 signal:1 config:15
2023-10-05 12:41:52,841:INFO:fnodataprocessor:get_indicator_value_signal:FnoDataProcessor: indicator tp 3 set value:401.76 signal:1 config:20
2023-10-05 12:41:52,841:INFO:fnodataprocessor:set_level_signal:FnoDataProcessor: BANKNIFTY level set value:(44200, 43800) signal:1
2023-10-05 12:41:52,841:INFO:fnodataprocessor:set_sl_indi_sell_signal:FnoDataProcessor: BANKNIFTY BANKNIFTY23O1144600PE sl indicator sell signal set as False
2023-10-05 12:41:52,841:INFO:fnodataprocessor:set_rank:FnoDataProcessor: weights for rank set as 1:5 2:0 3:0 4:0 5:0 level:20
2023-10-05 12:41:52,841:INFO:fnodataprocessor:set_rank:FnoDataProcessor: rank set as 25
2023-10-05 12:41:52,842:INFO:fnodataprocessor:update:FnoDataProcessor: instruToken: 10270722, instruSymbol: BANKNIFTY23O1144600PE, object updated
2023-10-05 12:41:52,842:INFO:strategy:_update_dataprocessor:Strategy:500: instrument objects update called
2023-10-05 12:41:52,842:INFO:strategy:check_for_signal:Strategy:500:signal for None no rank conditions matched
2023-10-05 12:41:52,842:INFO:strategy:set_strategy_kill_switch_codes:Strategy:500:none kill switch condition triggered
2023-10-05 12:41:52,842:INFO:strategy:update_order_status:Strategy:500:none updated order status
2023-10-05 12:41:52,842:INFO:utils:printer_logger:placing entry order after valid signal
2023-10-05 12:41:52,891:INFO:orders:place_validity_limit_buy_nfo:Orders: limit validity buy order sent NIFTY23O0519600PE 50 63.45 1 entry 231005601675093
2023-10-05 12:41:52,892:INFO:strategy:send_buy_order_if_signal_n_valid_code:Strategy:301:entry buy order sent for {'symbol': 'NIFTY23O0519600PE', 'quantity': 50, 'limit_price': 63.45, 'oid': '231005601675093', 'status': ''}
2023-10-05 12:41:52,893:INFO:strategy:update_last_processed_timestamp:Strategy:301: updated last processes timestamp 2023-10-05 12:40:00
2023-10-05 12:41:52,893:INFO:strategy:update_unrealised_pnl:Strategy:301: none updated unrealised pnl 0
2023-10-05 12:41:52,893:INFO:strategy:set_status_beacon:Strategy:301: status beacon updated ON-WT
2023-10-05 12:41:52,895:INFO:strategy:write_csv_n_json:Strategy:301: saving json to json_files/strategy_20231005.json and csv to csv_files/strategy_20231005.csv
2023-10-05 12:41:52,919:INFO:strategy:update:Strategy:301: not a market holiday
2023-10-05 12:41:52,924:INFO:strategy:update:Strategy:301: market is open
2023-10-05 12:41:52,927:INFO:strategy:ready_for_next_candle:Strategy:301: candle interval 1min last timestamp processed 2023-10-05 12:40:00, next candle time 2023-10-05 12:42:00
2023-10-05 12:41:52,928:INFO:strategy:ready_for_next_candle:Strategy:301: now not> nextcandletime last timestamp processed 2023-10-05 12:40:00, next candle time 2023-10-05 12:42:00
2023-10-05 12:41:52,928:INFO:strategy:update:Strategy:301: not ready for next candle
2023-10-05 12:41:52,970:INFO:orders:get_orders:Orders: fetched existing orders for tag lunar
2023-10-05 12:41:52,973:INFO:orders:get_order_status:Orders: order status fetched oid:231005601675093 COMPLETE
2023-10-05 12:41:52,973:INFO:strategy:update_order_status:Strategy:301:updated order status for entry COMPLETE
2023-10-05 12:41:52,973:INFO:strategy:if_buy_filled_or_cancelled:Strategy:303:entry buy order complete
