2023-10-04 10:40:07,257:INFO:strategy:init_strategy_csv_log:Strategy:500:added csv row to csv_files/strategy_20231004.csv
2023-10-04 10:40:07,257:INFO:strategy:init_strategy_json:Strategy:500:created new json file json_files/strategy_20231004.json
2023-10-04 10:40:07,257:INFO:strategy:initialise_logs_n_files:Strategy:500:logs and json initialised
2023-10-04 10:40:15,617:INFO:strategy:_set_dataprocessor_obj:Strategy:500:instrument objects created
2023-10-04 10:40:23,982:INFO:strategy:_update_dataprocessor:Strategy:500:added csv row to csv_files/strategy_20231004.csv
2023-10-04 10:40:23,982:INFO:strategy:set_order_object:Strategy:500:order class object created
2023-10-04 10:40:23,982:INFO:strategy:initialise:Strategy:500: initialised strategy object
2023-10-04 10:40:23,985:INFO:strategy:update:Strategy:500: not a market holiday
2023-10-04 10:40:23,986:INFO:strategy:update:Strategy:500: market is open
2023-10-04 10:40:23,986:INFO:strategy:ready_for_next_candle:Strategy:500: last timestamp processed None, next candle time 2023-10-04 09:19:00
2023-10-04 10:40:23,986:INFO:strategy:ready_for_next_candle:Strategy:500: now>nextcandletime last timestamp processed None, next candle time 2023-10-04 09:19:00
2023-10-04 10:40:23,986:INFO:strategy:update:Strategy:500: ready for next candle
2023-10-04 10:40:35,386:INFO:strategy:_update_dataprocessor:Strategy:500:added csv row to csv_files/strategy_20231004.csv
2023-10-04 10:40:35,386:INFO:strategy:check_for_signal:Strategy:500:signal for None no rank conditions matched
2023-10-04 10:40:35,386:INFO:strategy:set_strategy_kill_switch_codes:Strategy:500:none kill switch condition triggered
2023-10-04 10:40:35,386:INFO:strategy:update_order_status:Strategy:500:none updated order status
2023-10-04 10:40:35,386:INFO:utils:printer_logger:placing entry order after valid signal
2023-10-04 10:40:35,436:INFO:strategy:send_buy_order_if_signal_n_valid_code:Strategy:301:entry buy order sent for {'symbol': 'NIFTY23O0519600PE', 'quantity': 50, 'limit_price': 183.0, 'oid': '231004601079167', 'status': ''}
2023-10-04 10:40:35,438:INFO:strategy:update_last_processed_timestamp:Strategy:301: updated last processes timestamp 2023-10-04 10:39:00
2023-10-04 10:40:35,438:INFO:strategy:update_unrealised_pnl:Strategy:301: none updated unrealised pnl 0
2023-10-04 10:40:35,438:INFO:strategy:set_status_beacon:Strategy:301: status beacon updated ON-WT
2023-10-04 10:40:35,439:INFO:strategy:write_csv_n_json:Strategy:301: saving json to json_files/strategy_20231004.json and csv to csv_files/strategy_20231004.csv
2023-10-04 10:40:35,442:INFO:strategy:update:Strategy:301: not a market holiday
2023-10-04 10:40:35,445:INFO:strategy:update:Strategy:301: market is open
2023-10-04 10:40:35,446:INFO:strategy:ready_for_next_candle:Strategy:301: candle interval 1min last timestamp processed 2023-10-04 10:39:00, next candle time 2023-10-04 10:41:00
2023-10-04 10:40:35,446:INFO:strategy:ready_for_next_candle:Strategy:301: now not> nextcandletime last timestamp processed 2023-10-04 10:39:00, next candle time 2023-10-04 10:41:00
2023-10-04 10:40:35,446:INFO:strategy:update:Strategy:301: not ready for next candle
2023-10-04 10:40:35,486:INFO:strategy:update_order_status:Strategy:301:updated order status for entry COMPLETE
2023-10-04 10:40:35,486:INFO:strategy:if_buy_filled_or_cancelled:Strategy:303:entry buy order complete
2023-10-04 10:40:55,521:INFO:strategy:update:Strategy:303: not a market holiday
2023-10-04 10:40:55,525:INFO:strategy:update:Strategy:303: market is open
2023-10-04 10:40:55,525:INFO:strategy:ready_for_next_candle:Strategy:303: candle interval 1min last timestamp processed 2023-10-04 10:39:00, next candle time 2023-10-04 10:41:00
2023-10-04 10:40:55,525:INFO:strategy:ready_for_next_candle:Strategy:303: now not> nextcandletime last timestamp processed 2023-10-04 10:39:00, next candle time 2023-10-04 10:41:00
2023-10-04 10:40:55,525:INFO:strategy:update:Strategy:303: not ready for next candle
2023-10-04 10:40:55,525:INFO:strategy:update_order_status:Strategy:303:none updated order status
2023-10-04 10:40:55,584:INFO:strategy:send_tp_orders:Strategy:303:tp order sent {'symbol': 'NIFTY23O0519600PE', 'quantity': 50, 'limit_price': 181.95, 'oid': '231004601081298', 'status': ''}
2023-10-04 10:40:55,640:INFO:strategy:send_global_sl:Strategy:303:global sl sent {'symbol': 'NIFTY23O0519600PE', 'quantity': 50, 'limit_price': 138.0, 'oid': '231004601081303', 'status': ''}
2023-10-04 10:40:55,641:INFO:strategy:send_sl_tp_orders:Strategy:304:takeprofit and global sl orders sent
2023-10-04 10:41:15,665:INFO:strategy:update:Strategy:304: not a market holiday
2023-10-04 10:41:15,669:INFO:strategy:update:Strategy:304: market is open
2023-10-04 10:41:15,670:INFO:strategy:ready_for_next_candle:Strategy:304: candle interval 1min last timestamp processed 2023-10-04 10:39:00, next candle time 2023-10-04 10:41:00
2023-10-04 10:41:15,670:INFO:strategy:ready_for_next_candle:Strategy:304: now>nextcandletime last timestamp processed 2023-10-04 10:39:00, next candle time 2023-10-04 10:41:00
2023-10-04 10:41:15,670:INFO:strategy:update:Strategy:304: ready for next candle
2023-10-04 10:41:25,321:INFO:strategy:_update_dataprocessor:Strategy:304:added csv row to csv_files/strategy_20231004.csv
2023-10-04 10:41:25,321:INFO:strategy:check_for_signal:Strategy:304:signal for None no rank conditions matched
2023-10-04 10:41:25,321:INFO:strategy:set_strategy_kill_switch_codes:Strategy:304:none kill switch condition triggered
2023-10-04 10:41:25,410:INFO:strategy:update_order_status:Strategy:304:updated order status for tp1 OPEN, slglobal REJECTED
2023-10-04 10:41:25,410:INFO:strategy:update_last_processed_timestamp:Strategy:304: updated last processes timestamp 2023-10-04 10:40:00
2023-10-04 10:41:25,410:INFO:strategy:update_unrealised_pnl:Strategy:304: updated unrealised pnl -290.00000000000057
2023-10-04 10:41:25,410:INFO:strategy:set_status_beacon:Strategy:304: status beacon updated IN-POS
2023-10-04 10:41:25,412:INFO:strategy:write_csv_n_json:Strategy:304: saving json to json_files/strategy_20231004.json and csv to csv_files/strategy_20231004.csv
2023-10-04 10:41:25,414:INFO:strategy:update:Strategy:304: not a market holiday
2023-10-04 10:41:25,416:INFO:strategy:update:Strategy:304: market is open
2023-10-04 10:41:25,417:INFO:strategy:ready_for_next_candle:Strategy:304: candle interval 1min last timestamp processed 2023-10-04 10:40:00, next candle time 2023-10-04 10:42:00
2023-10-04 10:41:25,417:INFO:strategy:ready_for_next_candle:Strategy:304: now not> nextcandletime last timestamp processed 2023-10-04 10:40:00, next candle time 2023-10-04 10:42:00
2023-10-04 10:41:25,417:INFO:strategy:update:Strategy:304: not ready for next candle
2023-10-04 10:41:25,501:INFO:strategy:update_order_status:Strategy:304:updated order status for tp1 OPEN, slglobal REJECTED
2023-10-04 10:41:45,520:INFO:strategy:update:Strategy:304: not a market holiday
2023-10-04 10:41:45,525:INFO:strategy:update:Strategy:304: market is open
2023-10-04 10:41:45,527:INFO:strategy:ready_for_next_candle:Strategy:304: candle interval 1min last timestamp processed 2023-10-04 10:40:00, next candle time 2023-10-04 10:42:00
2023-10-04 10:41:45,527:INFO:strategy:ready_for_next_candle:Strategy:304: now not> nextcandletime last timestamp processed 2023-10-04 10:40:00, next candle time 2023-10-04 10:42:00
2023-10-04 10:41:45,527:INFO:strategy:update:Strategy:304: not ready for next candle
2023-10-04 10:41:45,628:INFO:strategy:update_order_status:Strategy:304:updated order status for tp1 COMPLETE, slglobal REJECTED
2023-10-04 10:41:45,628:INFO:strategy:if_tp_1_complete:Strategy:403:final take profit 1 complete status:COMPLETE
2023-10-04 10:41:45,628:INFO:strategy:update_realised_pnl:Strategy:403:updated realised pnl from exit tp3 337.5
2023-10-04 10:41:45,676:INFO:strategy:send_global_sl:Strategy:403:global sl sent {'symbol': 'NIFTY23O0519600PE', 'quantity': 50, 'limit_price': 138.0, 'oid': '231004601089546', 'status': 'REJECTED'}
2023-10-04 10:42:05,694:INFO:strategy:update:Strategy:403: not a market holiday
2023-10-04 10:42:05,699:INFO:strategy:update:Strategy:403: market is open
2023-10-04 10:42:05,701:INFO:strategy:ready_for_next_candle:Strategy:403: candle interval 1min last timestamp processed 2023-10-04 10:40:00, next candle time 2023-10-04 10:42:00
2023-10-04 10:42:05,701:INFO:strategy:ready_for_next_candle:Strategy:403: now>nextcandletime last timestamp processed 2023-10-04 10:40:00, next candle time 2023-10-04 10:42:00
2023-10-04 10:42:05,701:INFO:strategy:update:Strategy:403: ready for next candle
