2023-10-05 14:45:09,642:INFO:strategy:init_strategy_csv_log:Strategy:500:added csv row to csv_files/strategy_20231005.csv
2023-10-05 14:45:09,643:INFO:strategy:init_strategy_json:Strategy:303:read previous not empty strategy state from json_files/strategy_20231005.json
2023-10-05 14:45:09,643:INFO:strategy:initialise_logs_n_files:Strategy:303:logs and json initialised
2023-10-05 14:45:17,977:INFO:strategy:_set_dataprocessor_obj:Strategy:303:instrument objects created
2023-10-05 14:45:19,254:INFO:fnodataprocessor:read_instruments_df:FnoDataProcessor: fetched instruments df from kite
2023-10-05 14:45:19,261:INFO:fnodataprocessor:get_instru_basic_data:FnoDataProcessor: instrument data fetched name:NIFTY, symbol:NIFTY23OCTFUT expiry:2023-10-26 strike:0.0 lot:50 tick:0.05 type:FUT
2023-10-05 14:45:19,268:INFO:fnodataprocessor:create_hist_data_obj:FnoDataProcessor: historical data object created
2023-10-05 14:45:19,268:INFO:fnodataprocessor:set_indicator_enable:FnoDataProcessor: enabled indicators 1:True 2:True 3:True 4:True 5:True
2023-10-05 14:45:19,268:INFO:fnodataprocessor:initialise:FnoDataProcessor: instruToken: 8980226, instruSymbol: NIFTY23OCTFUT, object initialised
2023-10-05 14:45:20,540:INFO:fnodataprocessor:read_instruments_df:FnoDataProcessor: fetched instruments df from kite
2023-10-05 14:45:20,547:INFO:fnodataprocessor:get_instru_basic_data:FnoDataProcessor: instrument data fetched name:NIFTY, symbol:NIFTY23O0519600CE expiry:2023-10-05 strike:19600.0 lot:50 tick:0.05 type:CE
2023-10-05 14:45:20,554:INFO:fnodataprocessor:create_hist_data_obj:FnoDataProcessor: historical data object created
2023-10-05 14:45:20,554:INFO:fnodataprocessor:set_indicator_enable:FnoDataProcessor: enabled indicators 1:True 2:True 3:True 4:True 5:True
2023-10-05 14:45:20,554:INFO:fnodataprocessor:initialise:FnoDataProcessor: instruToken: 14578690, instruSymbol: NIFTY23O0519600CE, object initialised
2023-10-05 14:45:21,858:INFO:fnodataprocessor:read_instruments_df:FnoDataProcessor: fetched instruments df from kite
2023-10-05 14:45:21,866:INFO:fnodataprocessor:get_instru_basic_data:FnoDataProcessor: instrument data fetched name:NIFTY, symbol:NIFTY23O0519600PE expiry:2023-10-05 strike:19600.0 lot:50 tick:0.05 type:PE
2023-10-05 14:45:21,873:INFO:fnodataprocessor:create_hist_data_obj:FnoDataProcessor: historical data object created
2023-10-05 14:45:21,873:INFO:fnodataprocessor:set_indicator_enable:FnoDataProcessor: enabled indicators 1:True 2:True 3:True 4:True 5:True
2023-10-05 14:45:21,873:INFO:fnodataprocessor:initialise:FnoDataProcessor: instruToken: 14578946, instruSymbol: NIFTY23O0519600PE, object initialised
2023-10-05 14:45:23,159:INFO:fnodataprocessor:read_instruments_df:FnoDataProcessor: fetched instruments df from kite
2023-10-05 14:45:23,168:INFO:fnodataprocessor:get_instru_basic_data:FnoDataProcessor: instrument data fetched name:BANKNIFTY, symbol:BANKNIFTY23OCTFUT expiry:2023-10-26 strike:0.0 lot:15 tick:0.05 type:FUT
2023-10-05 14:45:23,175:INFO:fnodataprocessor:create_hist_data_obj:FnoDataProcessor: historical data object created
2023-10-05 14:45:23,175:INFO:fnodataprocessor:set_indicator_enable:FnoDataProcessor: enabled indicators 1:True 2:True 3:True 4:True 5:True
2023-10-05 14:45:23,175:INFO:fnodataprocessor:initialise:FnoDataProcessor: instruToken: 8979970, instruSymbol: BANKNIFTY23OCTFUT, object initialised
2023-10-05 14:45:24,444:INFO:fnodataprocessor:read_instruments_df:FnoDataProcessor: fetched instruments df from kite
2023-10-05 14:45:24,451:INFO:fnodataprocessor:get_instru_basic_data:FnoDataProcessor: instrument data fetched name:BANKNIFTY, symbol:BANKNIFTY23O1144600CE expiry:2023-10-11 strike:44600.0 lot:15 tick:0.05 type:CE
2023-10-05 14:45:24,458:INFO:fnodataprocessor:create_hist_data_obj:FnoDataProcessor: historical data object created
2023-10-05 14:45:24,458:INFO:fnodataprocessor:set_indicator_enable:FnoDataProcessor: enabled indicators 1:True 2:True 3:True 4:True 5:True
2023-10-05 14:45:24,458:INFO:fnodataprocessor:initialise:FnoDataProcessor: instruToken: 10270210, instruSymbol: BANKNIFTY23O1144600CE, object initialised
2023-10-05 14:45:25,717:INFO:fnodataprocessor:read_instruments_df:FnoDataProcessor: fetched instruments df from kite
2023-10-05 14:45:25,725:INFO:fnodataprocessor:get_instru_basic_data:FnoDataProcessor: instrument data fetched name:BANKNIFTY, symbol:BANKNIFTY23O1144600PE expiry:2023-10-11 strike:44600.0 lot:15 tick:0.05 type:PE
2023-10-05 14:45:25,732:INFO:fnodataprocessor:create_hist_data_obj:FnoDataProcessor: historical data object created
2023-10-05 14:45:25,732:INFO:fnodataprocessor:set_indicator_enable:FnoDataProcessor: enabled indicators 1:True 2:True 3:True 4:True 5:True
2023-10-05 14:45:25,732:INFO:fnodataprocessor:initialise:FnoDataProcessor: instruToken: 10270722, instruSymbol: BANKNIFTY23O1144600PE, object initialised
2023-10-05 14:45:25,732:INFO:strategy:_update_dataprocessor:Strategy:303: instrument objects update called
2023-10-05 14:45:25,733:INFO:orders:initialise_csv_logs:Orders: csv log initialised
2023-10-05 14:45:25,733:INFO:strategy:set_order_object:Strategy:303:order class object created
2023-10-05 14:45:25,733:INFO:strategy:initialise:Strategy:303: initialised strategy object
2023-10-05 14:45:25,739:INFO:strategy:update:Strategy:500: not a market holiday
2023-10-05 14:45:25,740:INFO:strategy:update:Strategy:500: market is open
2023-10-05 14:45:25,741:INFO:strategy:ready_for_next_candle:Strategy:500: candle interval 1min last timestamp processed 2023-10-05 12:45:00, next candle time 2023-10-05 12:47:00
2023-10-05 14:45:25,741:INFO:strategy:ready_for_next_candle:Strategy:500: now>nextcandletime last timestamp processed 2023-10-05 12:45:00, next candle time 2023-10-05 12:47:00
2023-10-05 14:45:25,741:INFO:strategy:update:Strategy:500: ready for next candle
2023-10-05 14:45:26,166:INFO:fnodataprocessor:set_hist_data:FnoDataProcessor: historical data fetched size (7830, 5)
2023-10-05 14:45:26,166:INFO:fnodataprocessor:set_hist_data:FnoDataProcessor: latest timestamp set to 2023-10-05 14:44:00+05:30
2023-10-05 14:45:26,167:INFO:fnodataprocessor:set_last_close_price:FnoDataProcessor: last close price set lcp:19576.9 lastfuturecloseprice19576.9
2023-10-05 14:45:26,170:INFO:fnodataprocessor:get_indicator_value_signal:FnoDataProcessor: indicator 1 set value:19569.59 signal:1 config:20
2023-10-05 14:45:26,177:INFO:fnodataprocessor:get_indicator_value_signal:FnoDataProcessor: indicator 2 set value:19567.54 signal:1 config:VWAP
2023-10-05 14:45:27,724:INFO:fnodataprocessor:get_indicator_value_signal:FnoDataProcessor: indicator 3 set value:0.0 signal:0 config:[7, 3]
2023-10-05 14:45:27,726:INFO:fnodataprocessor:get_indicator_value_signal:FnoDataProcessor: indicator 4 set value:0.2 signal:0 config:[12, 26, 9]
2023-10-05 14:45:27,727:INFO:fnodataprocessor:get_indicator_value_signal:FnoDataProcessor: indicator 5 set value:79.73 signal:0 config:14
2023-10-05 14:45:27,728:INFO:fnodataprocessor:get_indicator_value_signal:FnoDataProcessor: indicator tp 1 set value:19572.22 signal:1 config:10
2023-10-05 14:45:27,728:INFO:fnodataprocessor:get_indicator_value_signal:FnoDataProcessor: indicator tp 2 set value:19570.36 signal:1 config:15
2023-10-05 14:45:27,729:INFO:fnodataprocessor:get_indicator_value_signal:FnoDataProcessor: indicator tp 3 set value:19569.59 signal:1 config:20
2023-10-05 14:45:27,729:INFO:fnodataprocessor:set_level_signal:FnoDataProcessor:  NIFTY level set value:(19400, 19200) signal:1
2023-10-05 14:45:27,729:INFO:fnodataprocessor:set_sl_indi_sell_signal:FnoDataProcessor: NIFTY NIFTY23OCTFUT sl indicator sell signal set as False
2023-10-05 14:45:27,729:INFO:fnodataprocessor:set_rank:FnoDataProcessor: weights for rank set as 1:5 2:15 3:0 4:0 5:0 level:20
2023-10-05 14:45:27,729:INFO:fnodataprocessor:set_rank:FnoDataProcessor: rank set as 40
2023-10-05 14:45:27,729:INFO:fnodataprocessor:update:FnoDataProcessor: instruToken: 8980226, instruSymbol: NIFTY23OCTFUT, object updated
2023-10-05 14:45:28,109:INFO:fnodataprocessor:set_hist_data:FnoDataProcessor: historical data fetched size (7327, 5)
2023-10-05 14:45:28,109:INFO:fnodataprocessor:set_hist_data:FnoDataProcessor: latest timestamp set to 2023-10-05 14:44:00+05:30
2023-10-05 14:45:28,109:INFO:fnodataprocessor:set_last_close_price:FnoDataProcessor: last close price set lcp:0.75 lastfuturecloseprice0.75
2023-10-05 14:45:28,110:INFO:fnodataprocessor:get_indicator_value_signal:FnoDataProcessor: indicator 1 set value:0.63 signal:1 config:20
2023-10-05 14:45:28,112:INFO:fnodataprocessor:get_indicator_value_signal:FnoDataProcessor: indicator 2 set value:5.31 signal:-1 config:VWAP
2023-10-05 14:45:29,363:INFO:fnodataprocessor:get_indicator_value_signal:FnoDataProcessor: indicator 3 set value:0.0 signal:0 config:[7, 3]
2023-10-05 14:45:29,364:INFO:fnodataprocessor:get_indicator_value_signal:FnoDataProcessor: indicator 4 set value:-0.17 signal:0 config:[12, 26, 9]
2023-10-05 14:45:29,366:INFO:fnodataprocessor:get_indicator_value_signal:FnoDataProcessor: indicator 5 set value:50.0 signal:0 config:14
2023-10-05 14:45:29,367:INFO:fnodataprocessor:get_indicator_value_signal:FnoDataProcessor: indicator tp 1 set value:0.65 signal:1 config:10
2023-10-05 14:45:29,367:INFO:fnodataprocessor:get_indicator_value_signal:FnoDataProcessor: indicator tp 2 set value:0.63 signal:1 config:15
2023-10-05 14:45:29,368:INFO:fnodataprocessor:get_indicator_value_signal:FnoDataProcessor: indicator tp 3 set value:0.63 signal:1 config:20
2023-10-05 14:45:29,368:INFO:fnodataprocessor:set_level_signal:FnoDataProcessor:  NIFTY level set value:(19400, 19200) signal:1
2023-10-05 14:45:29,368:INFO:fnodataprocessor:set_sl_indi_sell_signal:FnoDataProcessor: NIFTY NIFTY23O0519600CE sl indicator sell signal set as False
2023-10-05 14:45:29,368:INFO:fnodataprocessor:set_rank:FnoDataProcessor: weights for rank set as 1:5 2:0 3:0 4:0 5:0 level:20
2023-10-05 14:45:29,368:INFO:fnodataprocessor:set_rank:FnoDataProcessor: rank set as 25
2023-10-05 14:45:29,368:INFO:fnodataprocessor:update:FnoDataProcessor: instruToken: 14578690, instruSymbol: NIFTY23O0519600CE, object updated
2023-10-05 14:45:29,695:INFO:fnodataprocessor:set_hist_data:FnoDataProcessor: historical data fetched size (7790, 5)
2023-10-05 14:45:29,695:INFO:fnodataprocessor:set_hist_data:FnoDataProcessor: latest timestamp set to 2023-10-05 14:44:00+05:30
2023-10-05 14:45:29,695:INFO:fnodataprocessor:set_last_close_price:FnoDataProcessor: last close price set lcp:47.1 lastfuturecloseprice47.1
2023-10-05 14:45:29,696:INFO:fnodataprocessor:get_indicator_value_signal:FnoDataProcessor: indicator 1 set value:52.56 signal:-1 config:20
2023-10-05 14:45:29,698:INFO:fnodataprocessor:get_indicator_value_signal:FnoDataProcessor: indicator 2 set value:55.34 signal:-1 config:VWAP
2023-10-05 14:45:31,029:INFO:fnodataprocessor:get_indicator_value_signal:FnoDataProcessor: indicator 3 set value:0 signal:0 config:[7, 3]
2023-10-05 14:45:31,031:INFO:fnodataprocessor:get_indicator_value_signal:FnoDataProcessor: indicator 4 set value:-0.62 signal:0 config:[12, 26, 9]
2023-10-05 14:45:31,033:INFO:fnodataprocessor:get_indicator_value_signal:FnoDataProcessor: indicator 5 set value:14.54 signal:0 config:14
2023-10-05 14:45:31,033:INFO:fnodataprocessor:get_indicator_value_signal:FnoDataProcessor: indicator tp 1 set value:51.26 signal:-1 config:10
2023-10-05 14:45:31,034:INFO:fnodataprocessor:get_indicator_value_signal:FnoDataProcessor: indicator tp 2 set value:52.2 signal:-1 config:15
2023-10-05 14:45:31,034:INFO:fnodataprocessor:get_indicator_value_signal:FnoDataProcessor: indicator tp 3 set value:52.56 signal:-1 config:20
2023-10-05 14:45:31,034:INFO:fnodataprocessor:set_level_signal:FnoDataProcessor:  NIFTY level set value:(19400, 19200) signal:1
2023-10-05 14:45:31,034:INFO:fnodataprocessor:set_sl_indi_sell_signal:FnoDataProcessor: NIFTY NIFTY23O0519600PE sl indicator sell signal set as False
2023-10-05 14:45:31,034:INFO:fnodataprocessor:set_rank:FnoDataProcessor: weights for rank set as 1:0 2:0 3:0 4:0 5:0 level:20
2023-10-05 14:45:31,034:INFO:fnodataprocessor:set_rank:FnoDataProcessor: rank set as 20
2023-10-05 14:45:31,034:INFO:fnodataprocessor:update:FnoDataProcessor: instruToken: 14578946, instruSymbol: NIFTY23O0519600PE, object updated
2023-10-05 14:45:31,490:INFO:fnodataprocessor:set_hist_data:FnoDataProcessor: historical data fetched size (7830, 5)
2023-10-05 14:45:31,490:INFO:fnodataprocessor:set_hist_data:FnoDataProcessor: latest timestamp set to 2023-10-05 14:44:00+05:30
2023-10-05 14:45:31,490:INFO:fnodataprocessor:set_last_close_price:FnoDataProcessor: last close price set lcp:44433.0 lastfuturecloseprice44433.0
2023-10-05 14:45:31,491:INFO:fnodataprocessor:get_indicator_value_signal:FnoDataProcessor: indicator 1 set value:44431.09 signal:1 config:20
2023-10-05 14:45:31,493:INFO:fnodataprocessor:get_indicator_value_signal:FnoDataProcessor: indicator 2 set value:44438.24 signal:-1 config:VWAP
2023-10-05 14:45:33,185:INFO:fnodataprocessor:get_indicator_value_signal:FnoDataProcessor: indicator 3 set value:44455.27 signal:0 config:[7, 3]
2023-10-05 14:45:33,186:INFO:fnodataprocessor:get_indicator_value_signal:FnoDataProcessor: indicator 4 set value:-1.2 signal:0 config:[12, 26, 9]
2023-10-05 14:45:33,188:INFO:fnodataprocessor:get_indicator_value_signal:FnoDataProcessor: indicator 5 set value:51.0 signal:0 config:14
2023-10-05 14:45:33,189:INFO:fnodataprocessor:get_indicator_value_signal:FnoDataProcessor: indicator tp 1 set value:44432.4 signal:1 config:10
2023-10-05 14:45:33,189:INFO:fnodataprocessor:get_indicator_value_signal:FnoDataProcessor: indicator tp 2 set value:44432.58 signal:1 config:15
2023-10-05 14:45:33,190:INFO:fnodataprocessor:get_indicator_value_signal:FnoDataProcessor: indicator tp 3 set value:44431.09 signal:1 config:20
2023-10-05 14:45:33,190:INFO:fnodataprocessor:set_level_signal:FnoDataProcessor: BANKNIFTY level set value:(44200, 43800) signal:1
2023-10-05 14:45:33,190:INFO:fnodataprocessor:set_sl_indi_sell_signal:FnoDataProcessor: BANKNIFTY BANKNIFTY23OCTFUT sl indicator sell signal set as False
2023-10-05 14:45:33,190:INFO:fnodataprocessor:set_rank:FnoDataProcessor: weights for rank set as 1:5 2:0 3:0 4:0 5:0 level:20
2023-10-05 14:45:33,190:INFO:fnodataprocessor:set_rank:FnoDataProcessor: rank set as 25
2023-10-05 14:45:33,190:INFO:fnodataprocessor:update:FnoDataProcessor: instruToken: 8979970, instruSymbol: BANKNIFTY23OCTFUT, object updated
2023-10-05 14:45:33,606:INFO:fnodataprocessor:set_hist_data:FnoDataProcessor: historical data fetched size (3612, 5)
2023-10-05 14:45:33,606:INFO:fnodataprocessor:set_hist_data:FnoDataProcessor: latest timestamp set to 2023-10-05 14:44:00+05:30
2023-10-05 14:45:33,606:INFO:fnodataprocessor:set_last_close_price:FnoDataProcessor: last close price set lcp:126.35 lastfuturecloseprice126.35
2023-10-05 14:45:33,607:INFO:fnodataprocessor:get_indicator_value_signal:FnoDataProcessor: indicator 1 set value:127.04 signal:-1 config:20
2023-10-05 14:45:33,609:INFO:fnodataprocessor:get_indicator_value_signal:FnoDataProcessor: indicator 2 set value:142.61 signal:-1 config:VWAP
2023-10-05 14:45:34,235:INFO:fnodataprocessor:get_indicator_value_signal:FnoDataProcessor: indicator 3 set value:0.0 signal:0 config:[7, 3]
2023-10-05 14:45:34,236:INFO:fnodataprocessor:get_indicator_value_signal:FnoDataProcessor: indicator 4 set value:-0.01 signal:-1 config:[12, 26, 9]
2023-10-05 14:45:34,238:INFO:fnodataprocessor:get_indicator_value_signal:FnoDataProcessor: indicator 5 set value:27.49 signal:0 config:14
2023-10-05 14:45:34,238:INFO:fnodataprocessor:get_indicator_value_signal:FnoDataProcessor: indicator tp 1 set value:127.56 signal:-1 config:10
2023-10-05 14:45:34,238:INFO:fnodataprocessor:get_indicator_value_signal:FnoDataProcessor: indicator tp 2 set value:127.47 signal:-1 config:15
2023-10-05 14:45:34,239:INFO:fnodataprocessor:get_indicator_value_signal:FnoDataProcessor: indicator tp 3 set value:127.04 signal:-1 config:20
2023-10-05 14:45:34,239:INFO:fnodataprocessor:set_level_signal:FnoDataProcessor: BANKNIFTY level set value:(44200, 43800) signal:1
2023-10-05 14:45:34,239:INFO:fnodataprocessor:set_sl_indi_sell_signal:FnoDataProcessor: BANKNIFTY BANKNIFTY23O1144600CE sl indicator sell signal set as False
2023-10-05 14:45:34,239:INFO:fnodataprocessor:set_rank:FnoDataProcessor: weights for rank set as 1:0 2:0 3:0 4:0 5:0 level:20
2023-10-05 14:45:34,239:INFO:fnodataprocessor:set_rank:FnoDataProcessor: rank set as 20
2023-10-05 14:45:34,239:INFO:fnodataprocessor:update:FnoDataProcessor: instruToken: 10270210, instruSymbol: BANKNIFTY23O1144600CE, object updated
2023-10-05 14:45:34,439:INFO:fnodataprocessor:set_hist_data:FnoDataProcessor: historical data fetched size (3353, 5)
2023-10-05 14:45:34,439:INFO:fnodataprocessor:set_hist_data:FnoDataProcessor: latest timestamp set to 2023-10-05 14:44:00+05:30
2023-10-05 14:45:34,439:INFO:fnodataprocessor:set_last_close_price:FnoDataProcessor: last close price set lcp:409.55 lastfuturecloseprice409.55
2023-10-05 14:45:34,440:INFO:fnodataprocessor:get_indicator_value_signal:FnoDataProcessor: indicator 1 set value:410.36 signal:-1 config:20
2023-10-05 14:45:34,442:INFO:fnodataprocessor:get_indicator_value_signal:FnoDataProcessor: indicator 2 set value:420.23 signal:-1 config:VWAP
2023-10-05 14:45:35,014:INFO:fnodataprocessor:get_indicator_value_signal:FnoDataProcessor: indicator 3 set value:0.0 signal:0 config:[7, 3]
2023-10-05 14:45:35,016:INFO:fnodataprocessor:get_indicator_value_signal:FnoDataProcessor: indicator 4 set value:-0.33 signal:0 config:[12, 26, 9]
2023-10-05 14:45:35,017:INFO:fnodataprocessor:get_indicator_value_signal:FnoDataProcessor: indicator 5 set value:55.15 signal:-1 config:14
2023-10-05 14:45:35,017:INFO:fnodataprocessor:get_indicator_value_signal:FnoDataProcessor: indicator tp 1 set value:408.54 signal:1 config:10
2023-10-05 14:45:35,018:INFO:fnodataprocessor:get_indicator_value_signal:FnoDataProcessor: indicator tp 2 set value:408.88 signal:1 config:15
2023-10-05 14:45:35,018:INFO:fnodataprocessor:get_indicator_value_signal:FnoDataProcessor: indicator tp 3 set value:410.36 signal:-1 config:20
2023-10-05 14:45:35,018:INFO:fnodataprocessor:set_level_signal:FnoDataProcessor: BANKNIFTY level set value:(44200, 43800) signal:1
2023-10-05 14:45:35,018:INFO:fnodataprocessor:set_sl_indi_sell_signal:FnoDataProcessor: BANKNIFTY BANKNIFTY23O1144600PE sl indicator sell signal set as False
2023-10-05 14:45:35,018:INFO:fnodataprocessor:set_rank:FnoDataProcessor: weights for rank set as 1:0 2:0 3:0 4:0 5:0 level:20
2023-10-05 14:45:35,018:INFO:fnodataprocessor:set_rank:FnoDataProcessor: rank set as 20
2023-10-05 14:45:35,018:INFO:fnodataprocessor:update:FnoDataProcessor: instruToken: 10270722, instruSymbol: BANKNIFTY23O1144600PE, object updated
2023-10-05 14:45:35,018:INFO:strategy:_update_dataprocessor:Strategy:500: instrument objects update called
2023-10-05 14:45:35,018:INFO:strategy:check_for_signal:Strategy:500:signal for None no rank conditions matched
2023-10-05 14:45:35,019:INFO:strategy:set_strategy_kill_switch_codes:Strategy:500:none kill switch condition triggered
2023-10-05 14:45:35,019:INFO:strategy:update_order_status:Strategy:500:none updated order status
2023-10-05 14:45:35,019:INFO:utils:printer_logger:placing entry order after valid signal
2023-10-05 14:45:35,079:INFO:orders:place_validity_limit_buy_nfo:Orders: limit validity buy order sent NIFTY23O0519600PE 50 47.1 1 entry 231005602296413
2023-10-05 14:45:35,121:INFO:orders:get_orders:Orders: fetched existing orders for tag lunar
2023-10-05 14:45:35,124:INFO:orders:get_order_status:Orders: order status fetched oid:231005602296413 COMPLETE
2023-10-05 14:45:35,125:INFO:strategy:send_buy_order_if_signal_n_valid_code:Strategy:301:entry buy order sent for {'symbol': 'NIFTY23O0519600PE', 'quantity': 50, 'limit_price': 47.1, 'oid': '231005602296413', 'status': ''}
2023-10-05 14:45:35,125:INFO:strategy:update_last_processed_timestamp:Strategy:301: updated last processes timestamp 2023-10-05 14:44:00
2023-10-05 14:45:35,125:INFO:strategy:update_unrealised_pnl:Strategy:301: none updated unrealised pnl 0
2023-10-05 14:45:35,125:INFO:strategy:set_status_beacon:Strategy:301: status beacon updated ON-WT
2023-10-05 14:45:35,127:INFO:strategy:write_csv_n_json:Strategy:301: saving json to json_files/strategy_20231005.json and csv to csv_files/strategy_20231005.csv
2023-10-05 14:45:35,138:INFO:strategy:update:Strategy:301: not a market holiday
2023-10-05 14:45:35,143:INFO:strategy:update:Strategy:301: market is open
2023-10-05 14:45:35,143:INFO:strategy:ready_for_next_candle:Strategy:301: candle interval 1min last timestamp processed 2023-10-05 14:44:00, next candle time 2023-10-05 14:46:00
2023-10-05 14:45:35,143:INFO:strategy:ready_for_next_candle:Strategy:301: now not> nextcandletime last timestamp processed 2023-10-05 14:44:00, next candle time 2023-10-05 14:46:00
2023-10-05 14:45:35,143:INFO:strategy:update:Strategy:301: not ready for next candle
2023-10-05 14:45:35,209:INFO:orders:get_orders:Orders: fetched existing orders for tag lunar
2023-10-05 14:45:35,210:INFO:orders:get_order_status:Orders: order status fetched oid:231005602296413 COMPLETE
2023-10-05 14:45:35,211:INFO:strategy:update_order_status:Strategy:301:updated order status for entry COMPLETE
2023-10-05 14:45:35,211:INFO:strategy:if_buy_filled_or_cancelled:Strategy:303:entry buy order complete
2023-10-05 14:45:55,233:INFO:strategy:update:Strategy:303: not a market holiday
2023-10-05 14:45:55,237:INFO:strategy:update:Strategy:303: market is open
2023-10-05 14:45:55,238:INFO:strategy:ready_for_next_candle:Strategy:303: candle interval 1min last timestamp processed 2023-10-05 14:44:00, next candle time 2023-10-05 14:46:00
2023-10-05 14:45:55,238:INFO:strategy:ready_for_next_candle:Strategy:303: now not> nextcandletime last timestamp processed 2023-10-05 14:44:00, next candle time 2023-10-05 14:46:00
2023-10-05 14:45:55,238:INFO:strategy:update:Strategy:303: not ready for next candle
2023-10-05 14:45:55,238:INFO:strategy:update_order_status:Strategy:303:none updated order status
2023-10-05 14:45:55,299:INFO:orders:place_limit_sell_nfo:Orders: limit sell order sent NIFTY23O0519600PE 50 51.25 tp 231005602298243
2023-10-05 14:45:55,344:INFO:orders:get_orders:Orders: fetched existing orders for tag lunar
2023-10-05 14:45:55,347:INFO:orders:get_order_status:Orders: order status fetched oid:231005602298243 OPEN
2023-10-05 14:45:55,347:INFO:strategy:send_tp_orders:Strategy:303:tp order sent {'symbol': 'NIFTY23O0519600PE', 'quantity': 50, 'limit_price': 51.25, 'oid': '231005602298243', 'status': ''}
2023-10-05 14:45:55,393:INFO:orders:place_sl_market_sell_nfo:Orders: sl order sent NIFTY23O0519600PE 50 2.1 global_sl 231005602298252
2023-10-05 14:45:55,438:INFO:orders:get_orders:Orders: fetched existing orders for tag lunar
2023-10-05 14:45:55,440:INFO:orders:get_order_status:Orders: order status fetched oid:231005602298252 REJECTED
2023-10-05 14:45:55,440:INFO:strategy:update:Strategy:602: exception
2023-10-05 14:45:55,440:ERROR:strategy:update:Order status invalid REJECTED for oid 231005602298252
Traceback (most recent call last):
  File "/Users/anirudh/Documents/lunar/strategy.py", line 677, in update
    self.orders_handler()
  File "/Users/anirudh/Documents/lunar/strategy.py", line 459, in orders_handler
    self.send_sl_tp_orders()
  File "/Users/anirudh/Documents/lunar/strategy.py", line 278, in send_sl_tp_orders
    self.send_global_sl()
  File "/Users/anirudh/Documents/lunar/strategy.py", line 341, in send_global_sl
    self.raise_error_if_order_status_invalid(self.order_dict["sl_global"]["oid"])
  File "/Users/anirudh/Documents/lunar/strategy.py", line 272, in raise_error_if_order_status_invalid
    raise Exception(f"Order status invalid {status} for oid {oid}")
Exception: Order status invalid REJECTED for oid 231005602298252
2023-10-05 14:45:55,562:INFO:orders:cancel_all_tagged_open_orders:Orders: cancelled order oid231005602298243
2023-10-05 14:45:55,562:INFO:orders:cancel_all_tagged_open_orders:Orders: cancelled all tagged open orders
2023-10-05 14:45:55,646:INFO:orders:place_market_sell_nfo:Orders: market sell order sent NIFTY23O0519600PE 50 squareoffopen 231005602298274
2023-10-05 14:45:55,652:INFO:orders:marketsell_tagged_open_orders:Orders: marketsell tagged open orders complete
2023-10-05 14:45:55,653:INFO:strategy:pull_the_plug:Strategy:602:exiting all orders
