2023-10-05 14:43:43,861:INFO:strategy:init_strategy_csv_log:Strategy:500:added csv row to csv_files/strategy_20231005.csv
2023-10-05 14:43:43,862:INFO:strategy:init_strategy_json:Strategy:303:read previous not empty strategy state from json_files/strategy_20231005.json
2023-10-05 14:43:43,862:INFO:strategy:initialise_logs_n_files:Strategy:303:logs and json initialised
2023-10-05 14:43:53,702:INFO:strategy:_set_dataprocessor_obj:Strategy:303:instrument objects created
2023-10-05 14:43:55,030:INFO:fnodataprocessor:read_instruments_df:FnoDataProcessor: fetched instruments df from kite
2023-10-05 14:43:55,038:INFO:fnodataprocessor:get_instru_basic_data:FnoDataProcessor: instrument data fetched name:NIFTY, symbol:NIFTY23OCTFUT expiry:2023-10-26 strike:0.0 lot:50 tick:0.05 type:FUT
2023-10-05 14:43:55,045:INFO:fnodataprocessor:create_hist_data_obj:FnoDataProcessor: historical data object created
2023-10-05 14:43:55,045:INFO:fnodataprocessor:set_indicator_enable:FnoDataProcessor: enabled indicators 1:True 2:True 3:True 4:True 5:True
2023-10-05 14:43:55,045:INFO:fnodataprocessor:initialise:FnoDataProcessor: instruToken: 8980226, instruSymbol: NIFTY23OCTFUT, object initialised
2023-10-05 14:43:56,322:INFO:fnodataprocessor:read_instruments_df:FnoDataProcessor: fetched instruments df from kite
2023-10-05 14:43:56,329:INFO:fnodataprocessor:get_instru_basic_data:FnoDataProcessor: instrument data fetched name:NIFTY, symbol:NIFTY23O0519600CE expiry:2023-10-05 strike:19600.0 lot:50 tick:0.05 type:CE
2023-10-05 14:43:56,336:INFO:fnodataprocessor:create_hist_data_obj:FnoDataProcessor: historical data object created
2023-10-05 14:43:56,336:INFO:fnodataprocessor:set_indicator_enable:FnoDataProcessor: enabled indicators 1:True 2:True 3:True 4:True 5:True
2023-10-05 14:43:56,336:INFO:fnodataprocessor:initialise:FnoDataProcessor: instruToken: 14578690, instruSymbol: NIFTY23O0519600CE, object initialised
2023-10-05 14:43:57,647:INFO:fnodataprocessor:read_instruments_df:FnoDataProcessor: fetched instruments df from kite
2023-10-05 14:43:57,654:INFO:fnodataprocessor:get_instru_basic_data:FnoDataProcessor: instrument data fetched name:NIFTY, symbol:NIFTY23O0519600PE expiry:2023-10-05 strike:19600.0 lot:50 tick:0.05 type:PE
2023-10-05 14:43:57,661:INFO:fnodataprocessor:create_hist_data_obj:FnoDataProcessor: historical data object created
2023-10-05 14:43:57,661:INFO:fnodataprocessor:set_indicator_enable:FnoDataProcessor: enabled indicators 1:True 2:True 3:True 4:True 5:True
2023-10-05 14:43:57,661:INFO:fnodataprocessor:initialise:FnoDataProcessor: instruToken: 14578946, instruSymbol: NIFTY23O0519600PE, object initialised
2023-10-05 14:43:58,987:INFO:fnodataprocessor:read_instruments_df:FnoDataProcessor: fetched instruments df from kite
2023-10-05 14:43:58,995:INFO:fnodataprocessor:get_instru_basic_data:FnoDataProcessor: instrument data fetched name:BANKNIFTY, symbol:BANKNIFTY23OCTFUT expiry:2023-10-26 strike:0.0 lot:15 tick:0.05 type:FUT
2023-10-05 14:43:59,002:INFO:fnodataprocessor:create_hist_data_obj:FnoDataProcessor: historical data object created
2023-10-05 14:43:59,002:INFO:fnodataprocessor:set_indicator_enable:FnoDataProcessor: enabled indicators 1:True 2:True 3:True 4:True 5:True
2023-10-05 14:43:59,002:INFO:fnodataprocessor:initialise:FnoDataProcessor: instruToken: 8979970, instruSymbol: BANKNIFTY23OCTFUT, object initialised
2023-10-05 14:44:00,565:INFO:fnodataprocessor:read_instruments_df:FnoDataProcessor: fetched instruments df from kite
2023-10-05 14:44:00,576:INFO:fnodataprocessor:get_instru_basic_data:FnoDataProcessor: instrument data fetched name:BANKNIFTY, symbol:BANKNIFTY23O1144600CE expiry:2023-10-11 strike:44600.0 lot:15 tick:0.05 type:CE
2023-10-05 14:44:00,585:INFO:fnodataprocessor:create_hist_data_obj:FnoDataProcessor: historical data object created
2023-10-05 14:44:00,585:INFO:fnodataprocessor:set_indicator_enable:FnoDataProcessor: enabled indicators 1:True 2:True 3:True 4:True 5:True
2023-10-05 14:44:00,585:INFO:fnodataprocessor:initialise:FnoDataProcessor: instruToken: 10270210, instruSymbol: BANKNIFTY23O1144600CE, object initialised
2023-10-05 14:44:02,193:INFO:fnodataprocessor:read_instruments_df:FnoDataProcessor: fetched instruments df from kite
2023-10-05 14:44:02,210:INFO:fnodataprocessor:get_instru_basic_data:FnoDataProcessor: instrument data fetched name:BANKNIFTY, symbol:BANKNIFTY23O1144600PE expiry:2023-10-11 strike:44600.0 lot:15 tick:0.05 type:PE
2023-10-05 14:44:02,219:INFO:fnodataprocessor:create_hist_data_obj:FnoDataProcessor: historical data object created
2023-10-05 14:44:02,219:INFO:fnodataprocessor:set_indicator_enable:FnoDataProcessor: enabled indicators 1:True 2:True 3:True 4:True 5:True
2023-10-05 14:44:02,219:INFO:fnodataprocessor:initialise:FnoDataProcessor: instruToken: 10270722, instruSymbol: BANKNIFTY23O1144600PE, object initialised
2023-10-05 14:44:02,219:INFO:strategy:_update_dataprocessor:Strategy:303: instrument objects update called
2023-10-05 14:44:02,219:INFO:orders:initialise_csv_logs:Orders: csv log initialised
2023-10-05 14:44:02,219:INFO:strategy:set_order_object:Strategy:303:order class object created
2023-10-05 14:44:02,219:INFO:strategy:initialise:Strategy:303: initialised strategy object
2023-10-05 14:44:02,227:INFO:strategy:update:Strategy:500: not a market holiday
2023-10-05 14:44:02,229:INFO:strategy:update:Strategy:500: market is open
2023-10-05 14:44:02,230:INFO:strategy:ready_for_next_candle:Strategy:500: candle interval 1min last timestamp processed 2023-10-05 12:45:00, next candle time 2023-10-05 12:47:00
2023-10-05 14:44:02,230:INFO:strategy:ready_for_next_candle:Strategy:500: now>nextcandletime last timestamp processed 2023-10-05 12:45:00, next candle time 2023-10-05 12:47:00
2023-10-05 14:44:02,230:INFO:strategy:update:Strategy:500: ready for next candle
2023-10-05 14:44:02,586:INFO:fnodataprocessor:set_hist_data:FnoDataProcessor: historical data fetched size (7828, 5)
2023-10-05 14:44:02,587:INFO:fnodataprocessor:set_hist_data:FnoDataProcessor: latest timestamp set to 2023-10-05 14:42:00+05:30
2023-10-05 14:44:02,587:INFO:fnodataprocessor:set_last_close_price:FnoDataProcessor: last close price set lcp:19577.75 lastfuturecloseprice19577.75
2023-10-05 14:44:02,589:INFO:fnodataprocessor:get_indicator_value_signal:FnoDataProcessor: indicator 1 set value:19568.51 signal:1 config:20
2023-10-05 14:44:02,592:INFO:fnodataprocessor:get_indicator_value_signal:FnoDataProcessor: indicator 2 set value:19567.44 signal:1 config:VWAP
2023-10-05 14:44:04,158:INFO:fnodataprocessor:get_indicator_value_signal:FnoDataProcessor: indicator 3 set value:0.0 signal:0 config:[7, 3]
2023-10-05 14:44:04,160:INFO:fnodataprocessor:get_indicator_value_signal:FnoDataProcessor: indicator 4 set value:-0.7 signal:0 config:[12, 26, 9]
2023-10-05 14:44:04,162:INFO:fnodataprocessor:get_indicator_value_signal:FnoDataProcessor: indicator 5 set value:82.6 signal:0 config:14
2023-10-05 14:44:04,163:INFO:fnodataprocessor:get_indicator_value_signal:FnoDataProcessor: indicator tp 1 set value:19569.72 signal:1 config:10
2023-10-05 14:44:04,163:INFO:fnodataprocessor:get_indicator_value_signal:FnoDataProcessor: indicator tp 2 set value:19569.1 signal:1 config:15
2023-10-05 14:44:04,163:INFO:fnodataprocessor:get_indicator_value_signal:FnoDataProcessor: indicator tp 3 set value:19568.51 signal:1 config:20
2023-10-05 14:44:04,163:INFO:fnodataprocessor:set_level_signal:FnoDataProcessor:  NIFTY level set value:(19400, 19200) signal:1
2023-10-05 14:44:04,164:INFO:fnodataprocessor:set_sl_indi_sell_signal:FnoDataProcessor: NIFTY NIFTY23OCTFUT sl indicator sell signal set as False
2023-10-05 14:44:04,164:INFO:fnodataprocessor:set_rank:FnoDataProcessor: weights for rank set as 1:5 2:15 3:0 4:0 5:0 level:20
2023-10-05 14:44:04,164:INFO:fnodataprocessor:set_rank:FnoDataProcessor: rank set as 40
2023-10-05 14:44:04,164:INFO:fnodataprocessor:update:FnoDataProcessor: instruToken: 8980226, instruSymbol: NIFTY23OCTFUT, object updated
2023-10-05 14:44:04,488:INFO:fnodataprocessor:set_hist_data:FnoDataProcessor: historical data fetched size (7326, 5)
2023-10-05 14:44:04,488:INFO:fnodataprocessor:set_hist_data:FnoDataProcessor: latest timestamp set to 2023-10-05 14:43:00+05:30
2023-10-05 14:44:04,488:INFO:fnodataprocessor:set_last_close_price:FnoDataProcessor: last close price set lcp:0.75 lastfuturecloseprice0.75
2023-10-05 14:44:04,489:INFO:fnodataprocessor:get_indicator_value_signal:FnoDataProcessor: indicator 1 set value:0.63 signal:1 config:20
2023-10-05 14:44:04,491:INFO:fnodataprocessor:get_indicator_value_signal:FnoDataProcessor: indicator 2 set value:5.32 signal:-1 config:VWAP
2023-10-05 14:44:05,750:INFO:fnodataprocessor:get_indicator_value_signal:FnoDataProcessor: indicator 3 set value:0.0 signal:0 config:[7, 3]
2023-10-05 14:44:05,751:INFO:fnodataprocessor:get_indicator_value_signal:FnoDataProcessor: indicator 4 set value:-0.19 signal:0 config:[12, 26, 9]
2023-10-05 14:44:05,753:INFO:fnodataprocessor:get_indicator_value_signal:FnoDataProcessor: indicator 5 set value:50.0 signal:-1 config:14
2023-10-05 14:44:05,753:INFO:fnodataprocessor:get_indicator_value_signal:FnoDataProcessor: indicator tp 1 set value:0.62 signal:1 config:10
2023-10-05 14:44:05,754:INFO:fnodataprocessor:get_indicator_value_signal:FnoDataProcessor: indicator tp 2 set value:0.62 signal:1 config:15
2023-10-05 14:44:05,754:INFO:fnodataprocessor:get_indicator_value_signal:FnoDataProcessor: indicator tp 3 set value:0.63 signal:1 config:20
2023-10-05 14:44:05,754:INFO:fnodataprocessor:set_level_signal:FnoDataProcessor:  NIFTY level set value:(19400, 19200) signal:1
2023-10-05 14:44:05,754:INFO:fnodataprocessor:set_sl_indi_sell_signal:FnoDataProcessor: NIFTY NIFTY23O0519600CE sl indicator sell signal set as False
2023-10-05 14:44:05,754:INFO:fnodataprocessor:set_rank:FnoDataProcessor: weights for rank set as 1:5 2:0 3:0 4:0 5:0 level:20
2023-10-05 14:44:05,754:INFO:fnodataprocessor:set_rank:FnoDataProcessor: rank set as 25
2023-10-05 14:44:05,754:INFO:fnodataprocessor:update:FnoDataProcessor: instruToken: 14578690, instruSymbol: NIFTY23O0519600CE, object updated
2023-10-05 14:44:06,143:INFO:fnodataprocessor:set_hist_data:FnoDataProcessor: historical data fetched size (7789, 5)
2023-10-05 14:44:06,143:INFO:fnodataprocessor:set_hist_data:FnoDataProcessor: latest timestamp set to 2023-10-05 14:43:00+05:30
2023-10-05 14:44:06,143:INFO:fnodataprocessor:set_last_close_price:FnoDataProcessor: last close price set lcp:49.0 lastfuturecloseprice49.0
2023-10-05 14:44:06,144:INFO:fnodataprocessor:get_indicator_value_signal:FnoDataProcessor: indicator 1 set value:52.92 signal:-1 config:20
2023-10-05 14:44:06,146:INFO:fnodataprocessor:get_indicator_value_signal:FnoDataProcessor: indicator 2 set value:55.38 signal:-1 config:VWAP
2023-10-05 14:44:07,465:INFO:fnodataprocessor:get_indicator_value_signal:FnoDataProcessor: indicator 3 set value:0 signal:0 config:[7, 3]
2023-10-05 14:44:07,467:INFO:fnodataprocessor:get_indicator_value_signal:FnoDataProcessor: indicator 4 set value:-0.37 signal:0 config:[12, 26, 9]
2023-10-05 14:44:07,468:INFO:fnodataprocessor:get_indicator_value_signal:FnoDataProcessor: indicator 5 set value:23.04 signal:0 config:14
2023-10-05 14:44:07,469:INFO:fnodataprocessor:get_indicator_value_signal:FnoDataProcessor: indicator tp 1 set value:52.09 signal:-1 config:10
2023-10-05 14:44:07,469:INFO:fnodataprocessor:get_indicator_value_signal:FnoDataProcessor: indicator tp 2 set value:52.68 signal:-1 config:15
2023-10-05 14:44:07,470:INFO:fnodataprocessor:get_indicator_value_signal:FnoDataProcessor: indicator tp 3 set value:52.92 signal:-1 config:20
2023-10-05 14:44:07,470:INFO:fnodataprocessor:set_level_signal:FnoDataProcessor:  NIFTY level set value:(19400, 19200) signal:1
2023-10-05 14:44:07,470:INFO:fnodataprocessor:set_sl_indi_sell_signal:FnoDataProcessor: NIFTY NIFTY23O0519600PE sl indicator sell signal set as False
2023-10-05 14:44:07,470:INFO:fnodataprocessor:set_rank:FnoDataProcessor: weights for rank set as 1:0 2:0 3:0 4:0 5:0 level:20
2023-10-05 14:44:07,470:INFO:fnodataprocessor:set_rank:FnoDataProcessor: rank set as 20
2023-10-05 14:44:07,470:INFO:fnodataprocessor:update:FnoDataProcessor: instruToken: 14578946, instruSymbol: NIFTY23O0519600PE, object updated
2023-10-05 14:44:07,863:INFO:fnodataprocessor:set_hist_data:FnoDataProcessor: historical data fetched size (7829, 5)
2023-10-05 14:44:07,863:INFO:fnodataprocessor:set_hist_data:FnoDataProcessor: latest timestamp set to 2023-10-05 14:43:00+05:30
2023-10-05 14:44:07,863:INFO:fnodataprocessor:set_last_close_price:FnoDataProcessor: last close price set lcp:44424.5 lastfuturecloseprice44424.5
2023-10-05 14:44:07,864:INFO:fnodataprocessor:get_indicator_value_signal:FnoDataProcessor: indicator 1 set value:44431.13 signal:-1 config:20
2023-10-05 14:44:07,866:INFO:fnodataprocessor:get_indicator_value_signal:FnoDataProcessor: indicator 2 set value:44438.25 signal:-1 config:VWAP
2023-10-05 14:44:09,620:INFO:fnodataprocessor:get_indicator_value_signal:FnoDataProcessor: indicator 3 set value:44455.27 signal:0 config:[7, 3]
2023-10-05 14:44:09,621:INFO:fnodataprocessor:get_indicator_value_signal:FnoDataProcessor: indicator 4 set value:-1.37 signal:0 config:[12, 26, 9]
2023-10-05 14:44:09,624:INFO:fnodataprocessor:get_indicator_value_signal:FnoDataProcessor: indicator 5 set value:32.07 signal:0 config:14
2023-10-05 14:44:09,624:INFO:fnodataprocessor:get_indicator_value_signal:FnoDataProcessor: indicator tp 1 set value:44432.48 signal:-1 config:10
2023-10-05 14:44:09,625:INFO:fnodataprocessor:get_indicator_value_signal:FnoDataProcessor: indicator tp 2 set value:44431.74 signal:-1 config:15
2023-10-05 14:44:09,625:INFO:fnodataprocessor:get_indicator_value_signal:FnoDataProcessor: indicator tp 3 set value:44431.13 signal:-1 config:20
2023-10-05 14:44:09,625:INFO:fnodataprocessor:set_level_signal:FnoDataProcessor: BANKNIFTY level set value:(44200, 43800) signal:1
2023-10-05 14:44:09,625:INFO:fnodataprocessor:set_sl_indi_sell_signal:FnoDataProcessor: BANKNIFTY BANKNIFTY23OCTFUT sl indicator sell signal set as False
2023-10-05 14:44:09,625:INFO:fnodataprocessor:set_rank:FnoDataProcessor: weights for rank set as 1:0 2:0 3:0 4:0 5:0 level:20
2023-10-05 14:44:09,626:INFO:fnodataprocessor:set_rank:FnoDataProcessor: rank set as 20
2023-10-05 14:44:09,626:INFO:fnodataprocessor:update:FnoDataProcessor: instruToken: 8979970, instruSymbol: BANKNIFTY23OCTFUT, object updated
2023-10-05 14:44:09,885:INFO:fnodataprocessor:set_hist_data:FnoDataProcessor: historical data fetched size (3611, 5)
2023-10-05 14:44:09,885:INFO:fnodataprocessor:set_hist_data:FnoDataProcessor: latest timestamp set to 2023-10-05 14:43:00+05:30
2023-10-05 14:44:09,885:INFO:fnodataprocessor:set_last_close_price:FnoDataProcessor: last close price set lcp:125.05 lastfuturecloseprice125.05
2023-10-05 14:44:09,885:INFO:fnodataprocessor:get_indicator_value_signal:FnoDataProcessor: indicator 1 set value:126.92 signal:-1 config:20
2023-10-05 14:44:09,887:INFO:fnodataprocessor:get_indicator_value_signal:FnoDataProcessor: indicator 2 set value:142.47 signal:-1 config:VWAP
2023-10-05 14:44:10,498:INFO:fnodataprocessor:get_indicator_value_signal:FnoDataProcessor: indicator 3 set value:0.0 signal:0 config:[7, 3]
2023-10-05 14:44:10,499:INFO:fnodataprocessor:get_indicator_value_signal:FnoDataProcessor: indicator 4 set value:-0.03 signal:0 config:[12, 26, 9]
2023-10-05 14:44:10,501:INFO:fnodataprocessor:get_indicator_value_signal:FnoDataProcessor: indicator 5 set value:12.28 signal:0 config:14
2023-10-05 14:44:10,501:INFO:fnodataprocessor:get_indicator_value_signal:FnoDataProcessor: indicator tp 1 set value:127.62 signal:-1 config:10
2023-10-05 14:44:10,502:INFO:fnodataprocessor:get_indicator_value_signal:FnoDataProcessor: indicator tp 2 set value:127.34 signal:-1 config:15
2023-10-05 14:44:10,502:INFO:fnodataprocessor:get_indicator_value_signal:FnoDataProcessor: indicator tp 3 set value:126.92 signal:-1 config:20
2023-10-05 14:44:10,502:INFO:fnodataprocessor:set_level_signal:FnoDataProcessor: BANKNIFTY level set value:(44200, 43800) signal:1
2023-10-05 14:44:10,502:INFO:fnodataprocessor:set_sl_indi_sell_signal:FnoDataProcessor: BANKNIFTY BANKNIFTY23O1144600CE sl indicator sell signal set as False
2023-10-05 14:44:10,502:INFO:fnodataprocessor:set_rank:FnoDataProcessor: weights for rank set as 1:0 2:0 3:0 4:0 5:0 level:20
2023-10-05 14:44:10,502:INFO:fnodataprocessor:set_rank:FnoDataProcessor: rank set as 20
2023-10-05 14:44:10,502:INFO:fnodataprocessor:update:FnoDataProcessor: instruToken: 10270210, instruSymbol: BANKNIFTY23O1144600CE, object updated
2023-10-05 14:44:10,718:INFO:fnodataprocessor:set_hist_data:FnoDataProcessor: historical data fetched size (3351, 5)
2023-10-05 14:44:10,718:INFO:fnodataprocessor:set_hist_data:FnoDataProcessor: latest timestamp set to 2023-10-05 14:42:00+05:30
2023-10-05 14:44:10,718:INFO:fnodataprocessor:set_last_close_price:FnoDataProcessor: last close price set lcp:411.6 lastfuturecloseprice411.6
2023-10-05 14:44:10,718:INFO:fnodataprocessor:get_indicator_value_signal:FnoDataProcessor: indicator 1 set value:410.8 signal:1 config:20
2023-10-05 14:44:10,720:INFO:fnodataprocessor:get_indicator_value_signal:FnoDataProcessor: indicator 2 set value:420.18 signal:-1 config:VWAP
2023-10-05 14:44:11,326:INFO:fnodataprocessor:get_indicator_value_signal:FnoDataProcessor: indicator 3 set value:0.0 signal:0 config:[7, 3]
2023-10-05 14:44:11,327:INFO:fnodataprocessor:get_indicator_value_signal:FnoDataProcessor: indicator 4 set value:-0.13 signal:0 config:[12, 26, 9]
2023-10-05 14:44:11,329:INFO:fnodataprocessor:get_indicator_value_signal:FnoDataProcessor: indicator 5 set value:62.3 signal:1 config:14
2023-10-05 14:44:11,329:INFO:fnodataprocessor:get_indicator_value_signal:FnoDataProcessor: indicator tp 1 set value:407.36 signal:1 config:10
2023-10-05 14:44:11,330:INFO:fnodataprocessor:get_indicator_value_signal:FnoDataProcessor: indicator tp 2 set value:409.41 signal:1 config:15
2023-10-05 14:44:11,330:INFO:fnodataprocessor:get_indicator_value_signal:FnoDataProcessor: indicator tp 3 set value:410.8 signal:1 config:20
2023-10-05 14:44:11,330:INFO:fnodataprocessor:set_level_signal:FnoDataProcessor: BANKNIFTY level set value:(44200, 43800) signal:1
2023-10-05 14:44:11,330:INFO:fnodataprocessor:set_sl_indi_sell_signal:FnoDataProcessor: BANKNIFTY BANKNIFTY23O1144600PE sl indicator sell signal set as False
2023-10-05 14:44:11,330:INFO:fnodataprocessor:set_rank:FnoDataProcessor: weights for rank set as 1:5 2:0 3:0 4:0 5:20 level:20
2023-10-05 14:44:11,330:INFO:fnodataprocessor:set_rank:FnoDataProcessor: rank set as 45
2023-10-05 14:44:11,330:INFO:fnodataprocessor:update:FnoDataProcessor: instruToken: 10270722, instruSymbol: BANKNIFTY23O1144600PE, object updated
2023-10-05 14:44:11,330:INFO:strategy:_update_dataprocessor:Strategy:500: instrument objects update called
2023-10-05 14:44:11,330:INFO:strategy:check_for_signal:Strategy:500:signal for None no rank conditions matched
2023-10-05 14:44:11,330:INFO:strategy:set_strategy_kill_switch_codes:Strategy:500:none kill switch condition triggered
2023-10-05 14:44:11,330:INFO:strategy:update_order_status:Strategy:500:none updated order status
2023-10-05 14:44:11,330:INFO:utils:printer_logger:placing entry order after valid signal
2023-10-05 14:44:11,423:INFO:orders:place_validity_limit_buy_nfo:Orders: limit validity buy order sent NIFTY23O0519600PE 50 49.0 1 entry 231005602288235
2023-10-05 14:44:11,466:INFO:orders:get_orders:Orders: fetched existing orders for tag lunar
2023-10-05 14:44:11,468:INFO:orders:get_order_status:Orders: order status fetched oid:231005602288235 OPEN PENDING
2023-10-05 14:44:11,468:INFO:strategy:update:Strategy:602: exception
2023-10-05 14:44:11,469:ERROR:strategy:update:Order status invalid OPEN PENDING for oid 231005602288235
Traceback (most recent call last):
  File "/Users/anirudh/Documents/lunar/strategy.py", line 669, in update
    self.orders_handler()
  File "/Users/anirudh/Documents/lunar/strategy.py", line 453, in orders_handler
    self.send_buy_order_if_signal_n_valid_code()
  File "/Users/anirudh/Documents/lunar/strategy.py", line 235, in send_buy_order_if_signal_n_valid_code
    self.raise_error_if_order_status_invalid(self.order_dict["entry_order"]["oid"])
  File "/Users/anirudh/Documents/lunar/strategy.py", line 272, in raise_error_if_order_status_invalid
    raise Exception(f"Order status invalid {status} for oid {oid}")
Exception: Order status invalid OPEN PENDING for oid 231005602288235
