2023-10-04 13:33:56,609:INFO:strategy:init_strategy_csv_log:Strategy:500:added csv row to csv_files/strategy_20231004.csv
2023-10-04 13:33:56,610:INFO:strategy:init_strategy_json:Strategy:301:read previous not empty strategy state from json_files/strategy_20231004.json
2023-10-04 13:33:56,610:INFO:strategy:initialise_logs_n_files:Strategy:301:logs and json initialised
2023-10-04 13:34:04,553:INFO:strategy:_set_dataprocessor_obj:Strategy:301:instrument objects created
2023-10-04 13:34:05,830:INFO:fnodataprocessor:read_instruments_df:FnoDataProcessor: fetched instruments df from kite
2023-10-04 13:34:05,837:INFO:fnodataprocessor:get_instru_basic_data:FnoDataProcessor: instrument data fetched name:NIFTY, symbol:NIFTY23OCTFUT expiry:2023-10-26 strike:0.0 lot:50 tick:0.05 type:FUT
2023-10-04 13:34:05,844:INFO:fnodataprocessor:create_hist_data_obj:FnoDataProcessor: historical data object created
2023-10-04 13:34:05,844:INFO:fnodataprocessor:set_indicator_enable:FnoDataProcessor: enabled indicators 1:True 2:True 3:True 4:True 5:True
2023-10-04 13:34:05,844:INFO:fnodataprocessor:initialise:FnoDataProcessor: instruToken: 8980226, instruSymbol: NIFTY23OCTFUT, object initialised
2023-10-04 13:34:07,115:INFO:fnodataprocessor:read_instruments_df:FnoDataProcessor: fetched instruments df from kite
2023-10-04 13:34:07,123:INFO:fnodataprocessor:get_instru_basic_data:FnoDataProcessor: instrument data fetched name:NIFTY, symbol:NIFTY23O0519600CE expiry:2023-10-05 strike:19600.0 lot:50 tick:0.05 type:CE
2023-10-04 13:34:07,130:INFO:fnodataprocessor:create_hist_data_obj:FnoDataProcessor: historical data object created
2023-10-04 13:34:07,130:INFO:fnodataprocessor:set_indicator_enable:FnoDataProcessor: enabled indicators 1:True 2:True 3:True 4:True 5:True
2023-10-04 13:34:07,130:INFO:fnodataprocessor:initialise:FnoDataProcessor: instruToken: 14578690, instruSymbol: NIFTY23O0519600CE, object initialised
2023-10-04 13:34:08,528:INFO:fnodataprocessor:read_instruments_df:FnoDataProcessor: fetched instruments df from kite
2023-10-04 13:34:08,539:INFO:fnodataprocessor:get_instru_basic_data:FnoDataProcessor: instrument data fetched name:NIFTY, symbol:NIFTY23O0519600PE expiry:2023-10-05 strike:19600.0 lot:50 tick:0.05 type:PE
2023-10-04 13:34:08,550:INFO:fnodataprocessor:create_hist_data_obj:FnoDataProcessor: historical data object created
2023-10-04 13:34:08,550:INFO:fnodataprocessor:set_indicator_enable:FnoDataProcessor: enabled indicators 1:True 2:True 3:True 4:True 5:True
2023-10-04 13:34:08,550:INFO:fnodataprocessor:initialise:FnoDataProcessor: instruToken: 14578946, instruSymbol: NIFTY23O0519600PE, object initialised
2023-10-04 13:34:09,838:INFO:fnodataprocessor:read_instruments_df:FnoDataProcessor: fetched instruments df from kite
2023-10-04 13:34:09,845:INFO:fnodataprocessor:get_instru_basic_data:FnoDataProcessor: instrument data fetched name:BANKNIFTY, symbol:BANKNIFTY23OCTFUT expiry:2023-10-26 strike:0.0 lot:15 tick:0.05 type:FUT
2023-10-04 13:34:09,852:INFO:fnodataprocessor:create_hist_data_obj:FnoDataProcessor: historical data object created
2023-10-04 13:34:09,852:INFO:fnodataprocessor:set_indicator_enable:FnoDataProcessor: enabled indicators 1:True 2:True 3:True 4:True 5:True
2023-10-04 13:34:09,852:INFO:fnodataprocessor:initialise:FnoDataProcessor: instruToken: 8979970, instruSymbol: BANKNIFTY23OCTFUT, object initialised
2023-10-04 13:34:11,156:INFO:fnodataprocessor:read_instruments_df:FnoDataProcessor: fetched instruments df from kite
2023-10-04 13:34:11,164:INFO:fnodataprocessor:get_instru_basic_data:FnoDataProcessor: instrument data fetched name:BANKNIFTY, symbol:BANKNIFTY23O0444600CE expiry:2023-10-04 strike:44600.0 lot:15 tick:0.05 type:CE
2023-10-04 13:34:11,171:INFO:fnodataprocessor:create_hist_data_obj:FnoDataProcessor: historical data object created
2023-10-04 13:34:11,171:INFO:fnodataprocessor:set_indicator_enable:FnoDataProcessor: enabled indicators 1:True 2:True 3:True 4:True 5:True
2023-10-04 13:34:11,171:INFO:fnodataprocessor:initialise:FnoDataProcessor: instruToken: 14510594, instruSymbol: BANKNIFTY23O0444600CE, object initialised
2023-10-04 13:34:12,478:INFO:fnodataprocessor:read_instruments_df:FnoDataProcessor: fetched instruments df from kite
2023-10-04 13:34:12,487:INFO:fnodataprocessor:get_instru_basic_data:FnoDataProcessor: instrument data fetched name:BANKNIFTY, symbol:BANKNIFTY23O0444600PE expiry:2023-10-04 strike:44600.0 lot:15 tick:0.05 type:PE
2023-10-04 13:34:12,495:INFO:fnodataprocessor:create_hist_data_obj:FnoDataProcessor: historical data object created
2023-10-04 13:34:12,495:INFO:fnodataprocessor:set_indicator_enable:FnoDataProcessor: enabled indicators 1:True 2:True 3:True 4:True 5:True
2023-10-04 13:34:12,495:INFO:fnodataprocessor:initialise:FnoDataProcessor: instruToken: 14510850, instruSymbol: BANKNIFTY23O0444600PE, object initialised
2023-10-04 13:34:12,495:INFO:strategy:_update_dataprocessor:Strategy:301:added csv row to csv_files/strategy_20231004.csv
2023-10-04 13:34:12,496:INFO:orders:initialise_csv_logs:Orders: csv log initialised
2023-10-04 13:34:12,496:INFO:strategy:set_order_object:Strategy:301:order class object created
2023-10-04 13:34:12,496:INFO:strategy:initialise:Strategy:301: initialised strategy object
2023-10-04 13:34:12,499:INFO:strategy:update:Strategy:500: not a market holiday
2023-10-04 13:34:12,500:INFO:strategy:update:Strategy:500: market is open
2023-10-04 13:34:12,501:INFO:strategy:ready_for_next_candle:Strategy:500: candle interval 1min last timestamp processed 2023-10-04 13:05:00, next candle time 2023-10-04 13:07:00
2023-10-04 13:34:12,501:INFO:strategy:ready_for_next_candle:Strategy:500: now>nextcandletime last timestamp processed 2023-10-04 13:05:00, next candle time 2023-10-04 13:07:00
2023-10-04 13:34:12,501:INFO:strategy:update:Strategy:500: ready for next candle
2023-10-04 13:34:12,859:INFO:fnodataprocessor:set_hist_data:FnoDataProcessor: historical data fetched size (7759, 5)
2023-10-04 13:34:12,860:INFO:fnodataprocessor:set_hist_data:FnoDataProcessor: latest timestamp set to 2023-10-04 13:33:00+05:30
2023-10-04 13:34:12,860:INFO:fnodataprocessor:set_last_close_price:FnoDataProcessor: last close price set lcp:19378.6 lastfuturecloseprice19378.6
2023-10-04 13:34:12,862:INFO:fnodataprocessor:get_indicator_value_signal:FnoDataProcessor: indicator 1 set value:19387.4 signal:-1 config:20
2023-10-04 13:34:12,865:INFO:fnodataprocessor:get_indicator_value_signal:FnoDataProcessor: indicator 2 set value:19419.72 signal:-1 config:VWAP
2023-10-04 13:34:14,481:INFO:fnodataprocessor:get_indicator_value_signal:FnoDataProcessor: indicator 3 set value:0.0 signal:0 config:[7, 3]
2023-10-04 13:34:14,483:INFO:fnodataprocessor:get_indicator_value_signal:FnoDataProcessor: indicator 4 set value:0.15 signal:0 config:[12, 26, 9]
2023-10-04 13:34:14,486:INFO:fnodataprocessor:get_indicator_value_signal:FnoDataProcessor: indicator 5 set value:8.06 signal:0 config:14
2023-10-04 13:34:14,486:INFO:fnodataprocessor:get_indicator_value_signal:FnoDataProcessor: indicator tp 1 set value:19384.03 signal:-1 config:10
2023-10-04 13:34:14,487:INFO:fnodataprocessor:get_indicator_value_signal:FnoDataProcessor: indicator tp 2 set value:19387.49 signal:-1 config:15
2023-10-04 13:34:14,487:INFO:fnodataprocessor:get_indicator_value_signal:FnoDataProcessor: indicator tp 3 set value:19387.4 signal:-1 config:20
2023-10-04 13:34:14,487:INFO:fnodataprocessor:set_level_signal:FnoDataProcessor: NIFTY level set value:None signal:0
2023-10-04 13:34:14,487:INFO:fnodataprocessor:set_sl_indi_sell_signal:FnoDataProcessor: NIFTY NIFTY23OCTFUT sl indicator sell signal set as False
2023-10-04 13:34:14,487:INFO:fnodataprocessor:set_rank:FnoDataProcessor: weights for rank set as 1:0 2:0 3:0 4:0 5:0 level:0
2023-10-04 13:34:14,487:INFO:fnodataprocessor:set_rank:FnoDataProcessor: rank set as 0
2023-10-04 13:34:14,487:INFO:fnodataprocessor:update:FnoDataProcessor: instruToken: 8980226, instruSymbol: NIFTY23OCTFUT, object updated
2023-10-04 13:34:14,855:INFO:fnodataprocessor:set_hist_data:FnoDataProcessor: historical data fetched size (6934, 5)
2023-10-04 13:34:14,855:INFO:fnodataprocessor:set_hist_data:FnoDataProcessor: latest timestamp set to 2023-10-04 13:33:00+05:30
2023-10-04 13:34:14,855:INFO:fnodataprocessor:set_last_close_price:FnoDataProcessor: last close price set lcp:3.9 lastfuturecloseprice3.9
2023-10-04 13:34:14,856:INFO:fnodataprocessor:get_indicator_value_signal:FnoDataProcessor: indicator 1 set value:3.96 signal:-1 config:20
2023-10-04 13:34:14,858:INFO:fnodataprocessor:get_indicator_value_signal:FnoDataProcessor: indicator 2 set value:7.15 signal:-1 config:VWAP
2023-10-04 13:34:16,041:INFO:fnodataprocessor:get_indicator_value_signal:FnoDataProcessor: indicator 3 set value:0 signal:0 config:[7, 3]
2023-10-04 13:34:16,043:INFO:fnodataprocessor:get_indicator_value_signal:FnoDataProcessor: indicator 4 set value:-0.07 signal:1 config:[12, 26, 9]
2023-10-04 13:34:16,044:INFO:fnodataprocessor:get_indicator_value_signal:FnoDataProcessor: indicator 5 set value:40.0 signal:0 config:14
2023-10-04 13:34:16,045:INFO:fnodataprocessor:get_indicator_value_signal:FnoDataProcessor: indicator tp 1 set value:3.86 signal:1 config:10
2023-10-04 13:34:16,045:INFO:fnodataprocessor:get_indicator_value_signal:FnoDataProcessor: indicator tp 2 set value:3.91 signal:-1 config:15
2023-10-04 13:34:16,046:INFO:fnodataprocessor:get_indicator_value_signal:FnoDataProcessor: indicator tp 3 set value:3.96 signal:-1 config:20
2023-10-04 13:34:16,046:INFO:fnodataprocessor:set_level_signal:FnoDataProcessor:  NIFTY level set value:(19400, 19200) signal:1
2023-10-04 13:34:16,046:INFO:fnodataprocessor:set_sl_indi_sell_signal:FnoDataProcessor: NIFTY NIFTY23O0519600CE sl indicator sell signal set as False
2023-10-04 13:34:16,046:INFO:fnodataprocessor:set_rank:FnoDataProcessor: weights for rank set as 1:0 2:0 3:0 4:20 5:0 level:20
2023-10-04 13:34:16,046:INFO:fnodataprocessor:set_rank:FnoDataProcessor: rank set as 40
2023-10-04 13:34:16,046:INFO:fnodataprocessor:update:FnoDataProcessor: instruToken: 14578690, instruSymbol: NIFTY23O0519600CE, object updated
2023-10-04 13:34:16,384:INFO:fnodataprocessor:set_hist_data:FnoDataProcessor: historical data fetched size (7344, 5)
2023-10-04 13:34:16,385:INFO:fnodataprocessor:set_hist_data:FnoDataProcessor: latest timestamp set to 2023-10-04 13:33:00+05:30
2023-10-04 13:34:16,385:INFO:fnodataprocessor:set_last_close_price:FnoDataProcessor: last close price set lcp:244.25 lastfuturecloseprice244.25
2023-10-04 13:34:16,385:INFO:fnodataprocessor:get_indicator_value_signal:FnoDataProcessor: indicator 1 set value:236.61 signal:1 config:20
2023-10-04 13:34:16,388:INFO:fnodataprocessor:get_indicator_value_signal:FnoDataProcessor: indicator 2 set value:214.13 signal:1 config:VWAP
2023-10-04 13:34:17,638:INFO:fnodataprocessor:get_indicator_value_signal:FnoDataProcessor: indicator 3 set value:0 signal:0 config:[7, 3]
2023-10-04 13:34:17,640:INFO:fnodataprocessor:get_indicator_value_signal:FnoDataProcessor: indicator 4 set value:-1.59 signal:0 config:[12, 26, 9]
2023-10-04 13:34:17,641:INFO:fnodataprocessor:get_indicator_value_signal:FnoDataProcessor: indicator 5 set value:93.16 signal:0 config:14
2023-10-04 13:34:17,642:INFO:fnodataprocessor:get_indicator_value_signal:FnoDataProcessor: indicator tp 1 set value:239.46 signal:1 config:10
2023-10-04 13:34:17,643:INFO:fnodataprocessor:get_indicator_value_signal:FnoDataProcessor: indicator tp 2 set value:236.14 signal:1 config:15
2023-10-04 13:34:17,643:INFO:fnodataprocessor:get_indicator_value_signal:FnoDataProcessor: indicator tp 3 set value:236.61 signal:1 config:20
2023-10-04 13:34:17,643:INFO:fnodataprocessor:set_level_signal:FnoDataProcessor:  NIFTY level set value:(19400, 19200) signal:1
2023-10-04 13:34:17,643:INFO:fnodataprocessor:set_sl_indi_sell_signal:FnoDataProcessor: NIFTY NIFTY23O0519600PE sl indicator sell signal set as False
2023-10-04 13:34:17,643:INFO:fnodataprocessor:set_rank:FnoDataProcessor: weights for rank set as 1:5 2:15 3:0 4:0 5:0 level:20
2023-10-04 13:34:17,643:INFO:fnodataprocessor:set_rank:FnoDataProcessor: rank set as 40
2023-10-04 13:34:17,643:INFO:fnodataprocessor:update:FnoDataProcessor: instruToken: 14578946, instruSymbol: NIFTY23O0519600PE, object updated
2023-10-04 13:34:18,031:INFO:fnodataprocessor:set_hist_data:FnoDataProcessor: historical data fetched size (7759, 5)
2023-10-04 13:34:18,031:INFO:fnodataprocessor:set_hist_data:FnoDataProcessor: latest timestamp set to 2023-10-04 13:33:00+05:30
2023-10-04 13:34:18,031:INFO:fnodataprocessor:set_last_close_price:FnoDataProcessor: last close price set lcp:44111.1 lastfuturecloseprice44111.1
2023-10-04 13:34:18,032:INFO:fnodataprocessor:get_indicator_value_signal:FnoDataProcessor: indicator 1 set value:44135.88 signal:-1 config:20
2023-10-04 13:34:18,034:INFO:fnodataprocessor:get_indicator_value_signal:FnoDataProcessor: indicator 2 set value:44166.54 signal:-1 config:VWAP
2023-10-04 13:34:19,784:INFO:fnodataprocessor:get_indicator_value_signal:FnoDataProcessor: indicator 3 set value:44104.58 signal:0 config:[7, 3]
2023-10-04 13:34:19,786:INFO:fnodataprocessor:get_indicator_value_signal:FnoDataProcessor: indicator 4 set value:5.45 signal:0 config:[12, 26, 9]
2023-10-04 13:34:19,788:INFO:fnodataprocessor:get_indicator_value_signal:FnoDataProcessor: indicator 5 set value:16.77 signal:0 config:14
2023-10-04 13:34:19,788:INFO:fnodataprocessor:get_indicator_value_signal:FnoDataProcessor: indicator tp 1 set value:44128.4 signal:-1 config:10
2023-10-04 13:34:19,789:INFO:fnodataprocessor:get_indicator_value_signal:FnoDataProcessor: indicator tp 2 set value:44134.55 signal:-1 config:15
2023-10-04 13:34:19,789:INFO:fnodataprocessor:get_indicator_value_signal:FnoDataProcessor: indicator tp 3 set value:44135.88 signal:-1 config:20
2023-10-04 13:34:19,790:INFO:fnodataprocessor:set_level_signal:FnoDataProcessor: BANKNIFTY level set value:None signal:0
2023-10-04 13:34:19,790:INFO:fnodataprocessor:set_sl_indi_sell_signal:FnoDataProcessor: BANKNIFTY BANKNIFTY23OCTFUT sl indicator sell signal set as False
2023-10-04 13:34:19,790:INFO:fnodataprocessor:set_rank:FnoDataProcessor: weights for rank set as 1:0 2:0 3:0 4:0 5:0 level:0
2023-10-04 13:34:19,790:INFO:fnodataprocessor:set_rank:FnoDataProcessor: rank set as 0
2023-10-04 13:34:19,790:INFO:fnodataprocessor:update:FnoDataProcessor: instruToken: 8979970, instruSymbol: BANKNIFTY23OCTFUT, object updated
2023-10-04 13:34:20,176:INFO:fnodataprocessor:set_hist_data:FnoDataProcessor: historical data fetched size (6588, 5)
2023-10-04 13:34:20,177:INFO:fnodataprocessor:set_hist_data:FnoDataProcessor: latest timestamp set to 2023-10-04 13:33:00+05:30
2023-10-04 13:34:20,177:INFO:fnodataprocessor:set_last_close_price:FnoDataProcessor: last close price set lcp:2.1 lastfuturecloseprice2.1
2023-10-04 13:34:20,177:INFO:fnodataprocessor:get_indicator_value_signal:FnoDataProcessor: indicator 1 set value:2.6 signal:-1 config:20
2023-10-04 13:34:20,180:INFO:fnodataprocessor:get_indicator_value_signal:FnoDataProcessor: indicator 2 set value:4.39 signal:-1 config:VWAP
2023-10-04 13:34:21,337:INFO:fnodataprocessor:get_indicator_value_signal:FnoDataProcessor: indicator 3 set value:0.0 signal:0 config:[7, 3]
2023-10-04 13:34:21,338:INFO:fnodataprocessor:get_indicator_value_signal:FnoDataProcessor: indicator 4 set value:-0.1 signal:0 config:[12, 26, 9]
2023-10-04 13:34:21,340:INFO:fnodataprocessor:get_indicator_value_signal:FnoDataProcessor: indicator 5 set value:0.0 signal:0 config:14
2023-10-04 13:34:21,341:INFO:fnodataprocessor:get_indicator_value_signal:FnoDataProcessor: indicator tp 1 set value:2.32 signal:-1 config:10
2023-10-04 13:34:21,341:INFO:fnodataprocessor:get_indicator_value_signal:FnoDataProcessor: indicator tp 2 set value:2.52 signal:-1 config:15
2023-10-04 13:34:21,342:INFO:fnodataprocessor:get_indicator_value_signal:FnoDataProcessor: indicator tp 3 set value:2.6 signal:-1 config:20
2023-10-04 13:34:21,342:INFO:fnodataprocessor:set_level_signal:FnoDataProcessor: BANKNIFTY level set value:(44200, 43800) signal:1
2023-10-04 13:34:21,342:INFO:fnodataprocessor:set_sl_indi_sell_signal:FnoDataProcessor: BANKNIFTY BANKNIFTY23O0444600CE sl indicator sell signal set as False
2023-10-04 13:34:21,342:INFO:fnodataprocessor:set_rank:FnoDataProcessor: weights for rank set as 1:0 2:0 3:0 4:0 5:0 level:20
2023-10-04 13:34:21,342:INFO:fnodataprocessor:set_rank:FnoDataProcessor: rank set as 20
2023-10-04 13:34:21,342:INFO:fnodataprocessor:update:FnoDataProcessor: instruToken: 14510594, instruSymbol: BANKNIFTY23O0444600CE, object updated
2023-10-04 13:34:21,609:INFO:fnodataprocessor:set_hist_data:FnoDataProcessor: historical data fetched size (5260, 5)
2023-10-04 13:34:21,610:INFO:fnodataprocessor:set_hist_data:FnoDataProcessor: latest timestamp set to 2023-10-04 13:33:00+05:30
2023-10-04 13:34:21,610:INFO:fnodataprocessor:set_last_close_price:FnoDataProcessor: last close price set lcp:702.7 lastfuturecloseprice702.7
2023-10-04 13:34:21,610:INFO:fnodataprocessor:get_indicator_value_signal:FnoDataProcessor: indicator 1 set value:678.6 signal:1 config:20
2023-10-04 13:34:21,612:INFO:fnodataprocessor:get_indicator_value_signal:FnoDataProcessor: indicator 2 set value:633.28 signal:1 config:VWAP
2023-10-04 13:34:22,603:INFO:fnodataprocessor:get_indicator_value_signal:FnoDataProcessor: indicator 3 set value:0 signal:0 config:[7, 3]
2023-10-04 13:34:22,604:INFO:fnodataprocessor:get_indicator_value_signal:FnoDataProcessor: indicator 4 set value:-5.78 signal:0 config:[12, 26, 9]
2023-10-04 13:34:22,606:INFO:fnodataprocessor:get_indicator_value_signal:FnoDataProcessor: indicator 5 set value:88.4 signal:0 config:14
2023-10-04 13:34:22,607:INFO:fnodataprocessor:get_indicator_value_signal:FnoDataProcessor: indicator tp 1 set value:684.96 signal:1 config:10
2023-10-04 13:34:22,607:INFO:fnodataprocessor:get_indicator_value_signal:FnoDataProcessor: indicator tp 2 set value:680.58 signal:1 config:15
2023-10-04 13:34:22,608:INFO:fnodataprocessor:get_indicator_value_signal:FnoDataProcessor: indicator tp 3 set value:678.6 signal:1 config:20
2023-10-04 13:34:22,608:INFO:fnodataprocessor:set_level_signal:FnoDataProcessor: BANKNIFTY level set value:(44200, 43800) signal:1
2023-10-04 13:34:22,608:INFO:fnodataprocessor:set_sl_indi_sell_signal:FnoDataProcessor: BANKNIFTY BANKNIFTY23O0444600PE sl indicator sell signal set as False
2023-10-04 13:34:22,608:INFO:fnodataprocessor:set_rank:FnoDataProcessor: weights for rank set as 1:5 2:15 3:0 4:0 5:0 level:20
2023-10-04 13:34:22,608:INFO:fnodataprocessor:set_rank:FnoDataProcessor: rank set as 40
2023-10-04 13:34:22,608:INFO:fnodataprocessor:update:FnoDataProcessor: instruToken: 14510850, instruSymbol: BANKNIFTY23O0444600PE, object updated
2023-10-04 13:34:22,608:INFO:strategy:_update_dataprocessor:Strategy:500:added csv row to csv_files/strategy_20231004.csv
2023-10-04 13:34:22,608:INFO:strategy:check_for_signal:Strategy:500:signal for None no rank conditions matched
2023-10-04 13:34:22,608:INFO:strategy:set_strategy_kill_switch_codes:Strategy:500:none kill switch condition triggered
2023-10-04 13:34:22,608:INFO:strategy:update_order_status:Strategy:500:none updated order status
2023-10-04 13:34:22,608:INFO:utils:printer_logger:placing entry order after valid signal
2023-10-04 13:34:22,659:INFO:orders:place_validity_limit_buy_nfo:Orders: limit validity buy order sent NIFTY23O0519600PE 50 244.25 1 entry 231004602152032
2023-10-04 13:34:22,660:INFO:strategy:send_buy_order_if_signal_n_valid_code:Strategy:301:entry buy order sent for {'symbol': 'NIFTY23O0519600PE', 'quantity': 50, 'limit_price': 244.25, 'oid': '231004602152032', 'status': ''}
2023-10-04 13:34:22,661:INFO:strategy:update_last_processed_timestamp:Strategy:301: updated last processes timestamp 2023-10-04 13:33:00
2023-10-04 13:34:22,661:INFO:strategy:update_unrealised_pnl:Strategy:301: none updated unrealised pnl -290.00000000000057
2023-10-04 13:34:22,661:INFO:strategy:set_status_beacon:Strategy:301: status beacon updated ON-WT
2023-10-04 13:34:22,662:INFO:strategy:write_csv_n_json:Strategy:301: saving json to json_files/strategy_20231004.json and csv to csv_files/strategy_20231004.csv
2023-10-04 13:34:22,664:INFO:strategy:update:Strategy:301: not a market holiday
2023-10-04 13:34:22,666:INFO:strategy:update:Strategy:301: market is open
2023-10-04 13:34:22,666:INFO:strategy:ready_for_next_candle:Strategy:301: candle interval 1min last timestamp processed 2023-10-04 13:33:00, next candle time 2023-10-04 13:35:00
2023-10-04 13:34:22,666:INFO:strategy:ready_for_next_candle:Strategy:301: now not> nextcandletime last timestamp processed 2023-10-04 13:33:00, next candle time 2023-10-04 13:35:00
2023-10-04 13:34:22,666:INFO:strategy:update:Strategy:301: not ready for next candle
2023-10-04 13:34:22,708:INFO:orders:get_orders:Orders: fetched existing orders for tag lunar
2023-10-04 13:34:22,710:INFO:orders:get_order_status:Orders: order status fetched oid:231004602152032 OPEN
2023-10-04 13:34:22,710:INFO:strategy:update_order_status:Strategy:301:updated order status for entry OPEN
2023-10-04 13:34:22,710:INFO:strategy:if_buy_filled_or_cancelled:Strategy:301:entry buy order open
2023-10-04 13:34:42,737:INFO:strategy:update:Strategy:301: not a market holiday
2023-10-04 13:34:42,743:INFO:strategy:update:Strategy:301: market is open
2023-10-04 13:34:42,744:INFO:strategy:ready_for_next_candle:Strategy:301: candle interval 1min last timestamp processed 2023-10-04 13:33:00, next candle time 2023-10-04 13:35:00
2023-10-04 13:34:42,744:INFO:strategy:ready_for_next_candle:Strategy:301: now not> nextcandletime last timestamp processed 2023-10-04 13:33:00, next candle time 2023-10-04 13:35:00
2023-10-04 13:34:42,744:INFO:strategy:update:Strategy:301: not ready for next candle
2023-10-04 13:34:42,820:INFO:orders:get_orders:Orders: fetched existing orders for tag lunar
2023-10-04 13:34:42,824:INFO:orders:get_order_status:Orders: order status fetched oid:231004602152032 COMPLETE
2023-10-04 13:34:42,824:INFO:strategy:update_order_status:Strategy:301:updated order status for entry COMPLETE
2023-10-04 13:34:42,824:INFO:strategy:if_buy_filled_or_cancelled:Strategy:303:entry buy order complete
2023-10-04 13:35:02,845:INFO:strategy:update:Strategy:303: not a market holiday
2023-10-04 13:35:02,849:INFO:strategy:update:Strategy:303: market is open
2023-10-04 13:35:02,850:INFO:strategy:ready_for_next_candle:Strategy:303: candle interval 1min last timestamp processed 2023-10-04 13:33:00, next candle time 2023-10-04 13:35:00
2023-10-04 13:35:02,850:INFO:strategy:ready_for_next_candle:Strategy:303: now>nextcandletime last timestamp processed 2023-10-04 13:33:00, next candle time 2023-10-04 13:35:00
2023-10-04 13:35:02,850:INFO:strategy:update:Strategy:303: ready for next candle
2023-10-04 13:35:03,306:INFO:fnodataprocessor:set_hist_data:FnoDataProcessor: historical data fetched size (7759, 5)
2023-10-04 13:35:03,307:INFO:fnodataprocessor:set_hist_data:FnoDataProcessor: latest timestamp set to 2023-10-04 13:33:00+05:30
2023-10-04 13:35:03,307:INFO:fnodataprocessor:set_last_close_price:FnoDataProcessor: last close price set lcp:19378.6 lastfuturecloseprice19378.6
2023-10-04 13:35:03,307:INFO:fnodataprocessor:get_indicator_value_signal:FnoDataProcessor: indicator 1 set value:19387.55 signal:-1 config:20
2023-10-04 13:35:03,310:INFO:fnodataprocessor:get_indicator_value_signal:FnoDataProcessor: indicator 2 set value:19419.72 signal:-1 config:VWAP
2023-10-04 13:35:04,928:INFO:fnodataprocessor:get_indicator_value_signal:FnoDataProcessor: indicator 3 set value:0.0 signal:0 config:[7, 3]
2023-10-04 13:35:04,929:INFO:fnodataprocessor:get_indicator_value_signal:FnoDataProcessor: indicator 4 set value:0.14 signal:0 config:[12, 26, 9]
2023-10-04 13:35:04,931:INFO:fnodataprocessor:get_indicator_value_signal:FnoDataProcessor: indicator 5 set value:8.06 signal:0 config:14
2023-10-04 13:35:04,931:INFO:fnodataprocessor:get_indicator_value_signal:FnoDataProcessor: indicator tp 1 set value:19384.03 signal:-1 config:10
2023-10-04 13:35:04,932:INFO:fnodataprocessor:get_indicator_value_signal:FnoDataProcessor: indicator tp 2 set value:19387.49 signal:-1 config:15
2023-10-04 13:35:04,932:INFO:fnodataprocessor:get_indicator_value_signal:FnoDataProcessor: indicator tp 3 set value:19387.55 signal:-1 config:20
2023-10-04 13:35:04,932:INFO:fnodataprocessor:set_level_signal:FnoDataProcessor: NIFTY level set value:None signal:0
2023-10-04 13:35:04,932:INFO:fnodataprocessor:set_sl_indi_sell_signal:FnoDataProcessor: NIFTY NIFTY23OCTFUT sl indicator sell signal set as False
2023-10-04 13:35:04,932:INFO:fnodataprocessor:set_rank:FnoDataProcessor: weights for rank set as 1:0 2:0 3:0 4:0 5:0 level:0
2023-10-04 13:35:04,932:INFO:fnodataprocessor:set_rank:FnoDataProcessor: rank set as 0
2023-10-04 13:35:04,932:INFO:fnodataprocessor:update:FnoDataProcessor: instruToken: 8980226, instruSymbol: NIFTY23OCTFUT, object updated
2023-10-04 13:35:05,265:INFO:fnodataprocessor:set_hist_data:FnoDataProcessor: historical data fetched size (6935, 5)
2023-10-04 13:35:05,265:INFO:fnodataprocessor:set_hist_data:FnoDataProcessor: latest timestamp set to 2023-10-04 13:34:00+05:30
2023-10-04 13:35:05,265:INFO:fnodataprocessor:set_last_close_price:FnoDataProcessor: last close price set lcp:3.75 lastfuturecloseprice3.9
2023-10-04 13:35:05,266:INFO:fnodataprocessor:get_indicator_value_signal:FnoDataProcessor: indicator 1 set value:3.94 signal:-1 config:20
2023-10-04 13:35:05,268:INFO:fnodataprocessor:get_indicator_value_signal:FnoDataProcessor: indicator 2 set value:7.14 signal:-1 config:VWAP
2023-10-04 13:35:06,483:INFO:fnodataprocessor:get_indicator_value_signal:FnoDataProcessor: indicator 3 set value:0 signal:0 config:[7, 3]
2023-10-04 13:35:06,485:INFO:fnodataprocessor:get_indicator_value_signal:FnoDataProcessor: indicator 4 set value:-0.07 signal:-1 config:[12, 26, 9]
2023-10-04 13:35:06,487:INFO:fnodataprocessor:get_indicator_value_signal:FnoDataProcessor: indicator 5 set value:12.5 signal:0 config:14
2023-10-04 13:35:06,487:INFO:fnodataprocessor:get_indicator_value_signal:FnoDataProcessor: indicator tp 1 set value:3.84 signal:-1 config:10
2023-10-04 13:35:06,488:INFO:fnodataprocessor:get_indicator_value_signal:FnoDataProcessor: indicator tp 2 set value:3.89 signal:-1 config:15
2023-10-04 13:35:06,488:INFO:fnodataprocessor:get_indicator_value_signal:FnoDataProcessor: indicator tp 3 set value:3.94 signal:-1 config:20
2023-10-04 13:35:06,488:INFO:fnodataprocessor:set_level_signal:FnoDataProcessor:  NIFTY level set value:(19400, 19200) signal:1
2023-10-04 13:35:06,488:INFO:fnodataprocessor:set_sl_indi_sell_signal:FnoDataProcessor: NIFTY NIFTY23O0519600CE sl indicator sell signal set as False
2023-10-04 13:35:06,488:INFO:fnodataprocessor:set_rank:FnoDataProcessor: weights for rank set as 1:0 2:0 3:0 4:0 5:0 level:20
2023-10-04 13:35:06,488:INFO:fnodataprocessor:set_rank:FnoDataProcessor: rank set as 20
2023-10-04 13:35:06,488:INFO:fnodataprocessor:update:FnoDataProcessor: instruToken: 14578690, instruSymbol: NIFTY23O0519600CE, object updated
2023-10-04 13:35:06,821:INFO:fnodataprocessor:set_hist_data:FnoDataProcessor: historical data fetched size (7345, 5)
2023-10-04 13:35:06,821:INFO:fnodataprocessor:set_hist_data:FnoDataProcessor: latest timestamp set to 2023-10-04 13:34:00+05:30
2023-10-04 13:35:06,821:INFO:fnodataprocessor:set_last_close_price:FnoDataProcessor: last close price set lcp:243.75 lastfuturecloseprice244.25
2023-10-04 13:35:06,822:INFO:fnodataprocessor:get_indicator_value_signal:FnoDataProcessor: indicator 1 set value:236.86 signal:1 config:20
2023-10-04 13:35:06,824:INFO:fnodataprocessor:get_indicator_value_signal:FnoDataProcessor: indicator 2 set value:214.14 signal:1 config:VWAP
2023-10-04 13:35:08,111:INFO:fnodataprocessor:get_indicator_value_signal:FnoDataProcessor: indicator 3 set value:0 signal:0 config:[7, 3]
2023-10-04 13:35:08,112:INFO:fnodataprocessor:get_indicator_value_signal:FnoDataProcessor: indicator 4 set value:-1.23 signal:0 config:[12, 26, 9]
2023-10-04 13:35:08,113:INFO:fnodataprocessor:get_indicator_value_signal:FnoDataProcessor: indicator 5 set value:89.33 signal:0 config:14
2023-10-04 13:35:08,114:INFO:fnodataprocessor:get_indicator_value_signal:FnoDataProcessor: indicator tp 1 set value:240.54 signal:1 config:10
2023-10-04 13:35:08,114:INFO:fnodataprocessor:get_indicator_value_signal:FnoDataProcessor: indicator tp 2 set value:237.6 signal:1 config:15
2023-10-04 13:35:08,115:INFO:fnodataprocessor:get_indicator_value_signal:FnoDataProcessor: indicator tp 3 set value:236.86 signal:1 config:20
2023-10-04 13:35:08,115:INFO:fnodataprocessor:set_level_signal:FnoDataProcessor:  NIFTY level set value:(19400, 19200) signal:1
2023-10-04 13:35:08,115:INFO:fnodataprocessor:set_sl_indi_sell_signal:FnoDataProcessor: NIFTY NIFTY23O0519600PE sl indicator sell signal set as False
2023-10-04 13:35:08,115:INFO:fnodataprocessor:set_rank:FnoDataProcessor: weights for rank set as 1:5 2:15 3:0 4:0 5:0 level:20
2023-10-04 13:35:08,115:INFO:fnodataprocessor:set_rank:FnoDataProcessor: rank set as 40
2023-10-04 13:35:08,115:INFO:fnodataprocessor:update:FnoDataProcessor: instruToken: 14578946, instruSymbol: NIFTY23O0519600PE, object updated
2023-10-04 13:35:08,514:INFO:fnodataprocessor:set_hist_data:FnoDataProcessor: historical data fetched size (7760, 5)
2023-10-04 13:35:08,514:INFO:fnodataprocessor:set_hist_data:FnoDataProcessor: latest timestamp set to 2023-10-04 13:34:00+05:30
2023-10-04 13:35:08,514:INFO:fnodataprocessor:set_last_close_price:FnoDataProcessor: last close price set lcp:44110.6 lastfuturecloseprice44111.1
2023-10-04 13:35:08,515:INFO:fnodataprocessor:get_indicator_value_signal:FnoDataProcessor: indicator 1 set value:44134.37 signal:-1 config:20
2023-10-04 13:35:08,517:INFO:fnodataprocessor:get_indicator_value_signal:FnoDataProcessor: indicator 2 set value:44166.43 signal:-1 config:VWAP
2023-10-04 13:35:10,207:INFO:fnodataprocessor:get_indicator_value_signal:FnoDataProcessor: indicator 3 set value:44104.58 signal:0 config:[7, 3]
2023-10-04 13:35:10,208:INFO:fnodataprocessor:get_indicator_value_signal:FnoDataProcessor: indicator 4 set value:4.41 signal:0 config:[12, 26, 9]
2023-10-04 13:35:10,210:INFO:fnodataprocessor:get_indicator_value_signal:FnoDataProcessor: indicator 5 set value:18.45 signal:0 config:14
2023-10-04 13:35:10,211:INFO:fnodataprocessor:get_indicator_value_signal:FnoDataProcessor: indicator tp 1 set value:44125.7 signal:-1 config:10
2023-10-04 13:35:10,211:INFO:fnodataprocessor:get_indicator_value_signal:FnoDataProcessor: indicator tp 2 set value:44131.26 signal:-1 config:15
2023-10-04 13:35:10,211:INFO:fnodataprocessor:get_indicator_value_signal:FnoDataProcessor: indicator tp 3 set value:44134.37 signal:-1 config:20
2023-10-04 13:35:10,212:INFO:fnodataprocessor:set_level_signal:FnoDataProcessor: BANKNIFTY level set value:None signal:0
2023-10-04 13:35:10,212:INFO:fnodataprocessor:set_sl_indi_sell_signal:FnoDataProcessor: BANKNIFTY BANKNIFTY23OCTFUT sl indicator sell signal set as False
2023-10-04 13:35:10,212:INFO:fnodataprocessor:set_rank:FnoDataProcessor: weights for rank set as 1:0 2:0 3:0 4:0 5:0 level:0
2023-10-04 13:35:10,212:INFO:fnodataprocessor:set_rank:FnoDataProcessor: rank set as 0
2023-10-04 13:35:10,212:INFO:fnodataprocessor:update:FnoDataProcessor: instruToken: 8979970, instruSymbol: BANKNIFTY23OCTFUT, object updated
2023-10-04 13:35:10,525:INFO:fnodataprocessor:set_hist_data:FnoDataProcessor: historical data fetched size (6589, 5)
2023-10-04 13:35:10,526:INFO:fnodataprocessor:set_hist_data:FnoDataProcessor: latest timestamp set to 2023-10-04 13:34:00+05:30
2023-10-04 13:35:10,526:INFO:fnodataprocessor:set_last_close_price:FnoDataProcessor: last close price set lcp:2.2 lastfuturecloseprice2.1
2023-10-04 13:35:10,527:INFO:fnodataprocessor:get_indicator_value_signal:FnoDataProcessor: indicator 1 set value:2.58 signal:-1 config:20
2023-10-04 13:35:10,529:INFO:fnodataprocessor:get_indicator_value_signal:FnoDataProcessor: indicator 2 set value:4.38 signal:-1 config:VWAP
2023-10-04 13:35:11,614:INFO:fnodataprocessor:get_indicator_value_signal:FnoDataProcessor: indicator 3 set value:0.0 signal:0 config:[7, 3]
2023-10-04 13:35:11,615:INFO:fnodataprocessor:get_indicator_value_signal:FnoDataProcessor: indicator 4 set value:-0.11 signal:0 config:[12, 26, 9]
2023-10-04 13:35:11,617:INFO:fnodataprocessor:get_indicator_value_signal:FnoDataProcessor: indicator 5 set value:15.0 signal:0 config:14
2023-10-04 13:35:11,617:INFO:fnodataprocessor:get_indicator_value_signal:FnoDataProcessor: indicator tp 1 set value:2.28 signal:-1 config:10
2023-10-04 13:35:11,618:INFO:fnodataprocessor:get_indicator_value_signal:FnoDataProcessor: indicator tp 2 set value:2.46 signal:-1 config:15
2023-10-04 13:35:11,618:INFO:fnodataprocessor:get_indicator_value_signal:FnoDataProcessor: indicator tp 3 set value:2.58 signal:-1 config:20
2023-10-04 13:35:11,618:INFO:fnodataprocessor:set_level_signal:FnoDataProcessor: BANKNIFTY level set value:(44200, 43800) signal:1
2023-10-04 13:35:11,618:INFO:fnodataprocessor:set_sl_indi_sell_signal:FnoDataProcessor: BANKNIFTY BANKNIFTY23O0444600CE sl indicator sell signal set as False
2023-10-04 13:35:11,618:INFO:fnodataprocessor:set_rank:FnoDataProcessor: weights for rank set as 1:0 2:0 3:0 4:0 5:0 level:20
2023-10-04 13:35:11,618:INFO:fnodataprocessor:set_rank:FnoDataProcessor: rank set as 20
2023-10-04 13:35:11,618:INFO:fnodataprocessor:update:FnoDataProcessor: instruToken: 14510594, instruSymbol: BANKNIFTY23O0444600CE, object updated
2023-10-04 13:35:11,899:INFO:fnodataprocessor:set_hist_data:FnoDataProcessor: historical data fetched size (5261, 5)
2023-10-04 13:35:11,899:INFO:fnodataprocessor:set_hist_data:FnoDataProcessor: latest timestamp set to 2023-10-04 13:34:00+05:30
2023-10-04 13:35:11,899:INFO:fnodataprocessor:set_last_close_price:FnoDataProcessor: last close price set lcp:701.5 lastfuturecloseprice702.7
2023-10-04 13:35:11,899:INFO:fnodataprocessor:get_indicator_value_signal:FnoDataProcessor: indicator 1 set value:680.15 signal:1 config:20
2023-10-04 13:35:11,901:INFO:fnodataprocessor:get_indicator_value_signal:FnoDataProcessor: indicator 2 set value:633.77 signal:1 config:VWAP
2023-10-04 13:35:12,788:INFO:fnodataprocessor:get_indicator_value_signal:FnoDataProcessor: indicator 3 set value:0 signal:0 config:[7, 3]
2023-10-04 13:35:12,789:INFO:fnodataprocessor:get_indicator_value_signal:FnoDataProcessor: indicator 4 set value:-4.8 signal:0 config:[12, 26, 9]
2023-10-04 13:35:12,791:INFO:fnodataprocessor:get_indicator_value_signal:FnoDataProcessor: indicator 5 set value:81.78 signal:0 config:14
2023-10-04 13:35:12,791:INFO:fnodataprocessor:get_indicator_value_signal:FnoDataProcessor: indicator tp 1 set value:687.66 signal:1 config:10
2023-10-04 13:35:12,792:INFO:fnodataprocessor:get_indicator_value_signal:FnoDataProcessor: indicator tp 2 set value:683.33 signal:1 config:15
2023-10-04 13:35:12,792:INFO:fnodataprocessor:get_indicator_value_signal:FnoDataProcessor: indicator tp 3 set value:680.15 signal:1 config:20
2023-10-04 13:35:12,792:INFO:fnodataprocessor:set_level_signal:FnoDataProcessor: BANKNIFTY level set value:(44200, 43800) signal:1
2023-10-04 13:35:12,792:INFO:fnodataprocessor:set_sl_indi_sell_signal:FnoDataProcessor: BANKNIFTY BANKNIFTY23O0444600PE sl indicator sell signal set as False
2023-10-04 13:35:12,792:INFO:fnodataprocessor:set_rank:FnoDataProcessor: weights for rank set as 1:5 2:15 3:0 4:0 5:0 level:20
2023-10-04 13:35:12,792:INFO:fnodataprocessor:set_rank:FnoDataProcessor: rank set as 40
2023-10-04 13:35:12,792:INFO:fnodataprocessor:update:FnoDataProcessor: instruToken: 14510850, instruSymbol: BANKNIFTY23O0444600PE, object updated
2023-10-04 13:35:12,792:INFO:strategy:_update_dataprocessor:Strategy:303:added csv row to csv_files/strategy_20231004.csv
2023-10-04 13:35:12,792:INFO:strategy:check_for_signal:Strategy:303:signal for None no rank conditions matched
2023-10-04 13:35:12,792:INFO:strategy:set_strategy_kill_switch_codes:Strategy:303:none kill switch condition triggered
2023-10-04 13:35:12,792:INFO:strategy:update_order_status:Strategy:303:none updated order status
2023-10-04 13:35:12,856:INFO:orders:place_limit_sell_nfo:Orders: limit sell order sent NIFTY23O0519600PE 50 240.55 tp 231004602156281
2023-10-04 13:35:12,859:INFO:strategy:send_tp_orders:Strategy:303:tp order sent {'symbol': 'NIFTY23O0519600PE', 'quantity': 50, 'limit_price': 240.55, 'oid': '231004602156281', 'status': ''}
2023-10-04 13:35:12,910:INFO:orders:place_sl_market_sell_nfo:Orders: sl order sent NIFTY23O0519600PE 50 199.25 global_sl 231004602156289
2023-10-04 13:35:12,911:INFO:strategy:send_global_sl:Strategy:303:global sl sent {'symbol': 'NIFTY23O0519600PE', 'quantity': 50, 'limit_price': 199.25, 'oid': '231004602156289', 'status': ''}
2023-10-04 13:35:12,911:INFO:strategy:send_sl_tp_orders:Strategy:304:takeprofit and global sl orders sent
2023-10-04 13:35:12,911:INFO:strategy:update_last_processed_timestamp:Strategy:304: updated last processes timestamp 2023-10-04 13:34:00
2023-10-04 13:35:12,911:INFO:strategy:update_unrealised_pnl:Strategy:304: updated unrealised pnl -25.0
2023-10-04 13:35:12,911:INFO:strategy:set_status_beacon:Strategy:304: status beacon updated IN-POS
2023-10-04 13:35:12,912:INFO:strategy:write_csv_n_json:Strategy:304: saving json to json_files/strategy_20231004.json and csv to csv_files/strategy_20231004.csv
2023-10-04 13:35:12,914:INFO:strategy:update:Strategy:304: not a market holiday
2023-10-04 13:35:12,923:INFO:strategy:update:Strategy:304: market is open
2023-10-04 13:35:12,923:INFO:strategy:ready_for_next_candle:Strategy:304: candle interval 1min last timestamp processed 2023-10-04 13:34:00, next candle time 2023-10-04 13:36:00
2023-10-04 13:35:12,923:INFO:strategy:ready_for_next_candle:Strategy:304: now not> nextcandletime last timestamp processed 2023-10-04 13:34:00, next candle time 2023-10-04 13:36:00
2023-10-04 13:35:12,923:INFO:strategy:update:Strategy:304: not ready for next candle
2023-10-04 13:35:12,972:INFO:orders:get_orders:Orders: fetched existing orders for tag lunar
2023-10-04 13:35:12,974:INFO:orders:get_order_status:Orders: order status fetched oid:231004602156281 COMPLETE
2023-10-04 13:35:13,014:INFO:orders:get_orders:Orders: fetched existing orders for tag lunar
2023-10-04 13:35:13,015:INFO:orders:get_order_status:Orders: order status fetched oid:231004602156289 REJECTED
2023-10-04 13:35:13,015:INFO:strategy:update_order_status:Strategy:304:updated order status for tp1 COMPLETE, slglobal REJECTED
2023-10-04 13:35:13,015:INFO:strategy:if_tp_1_complete:Strategy:403:final take profit 1 complete status:COMPLETE
2023-10-04 13:35:13,015:INFO:strategy:update_realised_pnl:Strategy:403:updated realised pnl from exit tp3 -370.0000000000003
2023-10-04 13:35:13,061:INFO:orders:place_sl_market_sell_nfo:Orders: sl order sent NIFTY23O0519600PE 50 199.25 global_sl 231004602156303
2023-10-04 13:35:13,061:INFO:strategy:send_global_sl:Strategy:403:global sl sent {'symbol': 'NIFTY23O0519600PE', 'quantity': 50, 'limit_price': 199.25, 'oid': '231004602156303', 'status': 'REJECTED'}
2023-10-04 13:35:33,084:INFO:strategy:update:Strategy:403: not a market holiday
2023-10-04 13:35:33,088:INFO:strategy:update:Strategy:403: market is open
2023-10-04 13:35:33,089:INFO:strategy:ready_for_next_candle:Strategy:403: candle interval 1min last timestamp processed 2023-10-04 13:34:00, next candle time 2023-10-04 13:36:00
2023-10-04 13:35:33,089:INFO:strategy:ready_for_next_candle:Strategy:403: now not> nextcandletime last timestamp processed 2023-10-04 13:34:00, next candle time 2023-10-04 13:36:00
2023-10-04 13:35:33,089:INFO:strategy:update:Strategy:403: not ready for next candle
2023-10-04 13:35:33,089:INFO:strategy:update_order_status:Strategy:403:none updated order status
2023-10-04 13:35:33,089:INFO:strategy:update_realised_pnl:Strategy:403:updated realised pnl from exit tp3 -740.0000000000006
2023-10-04 13:35:33,147:INFO:orders:cancel_all_tagged_open_orders:Orders: none tagged open orders for cancel
2023-10-04 13:35:33,147:INFO:strategy:trade_exit_process:Strategy:500:trade exited process complete
2023-10-04 13:35:53,166:INFO:strategy:update:Strategy:500: not a market holiday
2023-10-04 13:35:53,169:INFO:strategy:update:Strategy:500: market is open
2023-10-04 13:35:53,170:INFO:strategy:ready_for_next_candle:Strategy:500: candle interval 1min last timestamp processed 2023-10-04 13:34:00, next candle time 2023-10-04 13:36:00
2023-10-04 13:35:53,170:INFO:strategy:ready_for_next_candle:Strategy:500: now not> nextcandletime last timestamp processed 2023-10-04 13:34:00, next candle time 2023-10-04 13:36:00
2023-10-04 13:35:53,170:INFO:strategy:update:Strategy:500: not ready for next candle
2023-10-04 13:35:53,170:INFO:strategy:update_order_status:Strategy:500:none updated order status
2023-10-04 13:35:53,170:INFO:strategy:send_buy_order_if_signal_n_valid_code:Strategy:500:entry buy order signal security set as None, passing
2023-10-04 13:36:13,194:INFO:strategy:update:Strategy:500: not a market holiday
2023-10-04 13:36:13,199:INFO:strategy:update:Strategy:500: market is open
2023-10-04 13:36:13,199:INFO:strategy:ready_for_next_candle:Strategy:500: candle interval 1min last timestamp processed 2023-10-04 13:34:00, next candle time 2023-10-04 13:36:00
2023-10-04 13:36:13,199:INFO:strategy:ready_for_next_candle:Strategy:500: now>nextcandletime last timestamp processed 2023-10-04 13:34:00, next candle time 2023-10-04 13:36:00
2023-10-04 13:36:13,199:INFO:strategy:update:Strategy:500: ready for next candle
2023-10-04 13:36:13,619:INFO:fnodataprocessor:set_hist_data:FnoDataProcessor: historical data fetched size (7761, 5)
2023-10-04 13:36:13,619:INFO:fnodataprocessor:set_hist_data:FnoDataProcessor: latest timestamp set to 2023-10-04 13:35:00+05:30
2023-10-04 13:36:13,619:INFO:fnodataprocessor:set_last_close_price:FnoDataProcessor: last close price set lcp:19381.7 lastfuturecloseprice19378.6
2023-10-04 13:36:13,620:INFO:fnodataprocessor:get_indicator_value_signal:FnoDataProcessor: indicator 1 set value:19386.9 signal:-1 config:20
2023-10-04 13:36:13,622:INFO:fnodataprocessor:get_indicator_value_signal:FnoDataProcessor: indicator 2 set value:19419.56 signal:-1 config:VWAP
2023-10-04 13:36:15,169:INFO:fnodataprocessor:get_indicator_value_signal:FnoDataProcessor: indicator 3 set value:0.0 signal:0 config:[7, 3]
2023-10-04 13:36:15,170:INFO:fnodataprocessor:get_indicator_value_signal:FnoDataProcessor: indicator 4 set value:-0.38 signal:0 config:[12, 26, 9]
2023-10-04 13:36:15,172:INFO:fnodataprocessor:get_indicator_value_signal:FnoDataProcessor: indicator 5 set value:27.96 signal:0 config:14
2023-10-04 13:36:15,173:INFO:fnodataprocessor:get_indicator_value_signal:FnoDataProcessor: indicator tp 1 set value:19382.15 signal:-1 config:10
2023-10-04 13:36:15,173:INFO:fnodataprocessor:get_indicator_value_signal:FnoDataProcessor: indicator tp 2 set value:19384.83 signal:-1 config:15
2023-10-04 13:36:15,174:INFO:fnodataprocessor:get_indicator_value_signal:FnoDataProcessor: indicator tp 3 set value:19386.9 signal:-1 config:20
2023-10-04 13:36:15,174:INFO:fnodataprocessor:set_level_signal:FnoDataProcessor: NIFTY level set value:None signal:0
2023-10-04 13:36:15,174:INFO:fnodataprocessor:set_sl_indi_sell_signal:FnoDataProcessor: NIFTY NIFTY23OCTFUT sl indicator sell signal set as False
2023-10-04 13:36:15,174:INFO:fnodataprocessor:set_rank:FnoDataProcessor: weights for rank set as 1:0 2:0 3:0 4:0 5:0 level:0
2023-10-04 13:36:15,174:INFO:fnodataprocessor:set_rank:FnoDataProcessor: rank set as 0
2023-10-04 13:36:15,174:INFO:fnodataprocessor:update:FnoDataProcessor: instruToken: 8980226, instruSymbol: NIFTY23OCTFUT, object updated
2023-10-04 13:36:15,505:INFO:fnodataprocessor:set_hist_data:FnoDataProcessor: historical data fetched size (6936, 5)
2023-10-04 13:36:15,505:INFO:fnodataprocessor:set_hist_data:FnoDataProcessor: latest timestamp set to 2023-10-04 13:35:00+05:30
2023-10-04 13:36:15,505:INFO:fnodataprocessor:set_last_close_price:FnoDataProcessor: last close price set lcp:3.75 lastfuturecloseprice3.9
2023-10-04 13:36:15,506:INFO:fnodataprocessor:get_indicator_value_signal:FnoDataProcessor: indicator 1 set value:3.92 signal:-1 config:20
2023-10-04 13:36:15,508:INFO:fnodataprocessor:get_indicator_value_signal:FnoDataProcessor: indicator 2 set value:7.14 signal:-1 config:VWAP
2023-10-04 13:36:16,661:INFO:fnodataprocessor:get_indicator_value_signal:FnoDataProcessor: indicator 3 set value:0 signal:0 config:[7, 3]
2023-10-04 13:36:16,662:INFO:fnodataprocessor:get_indicator_value_signal:FnoDataProcessor: indicator 4 set value:-0.07 signal:0 config:[12, 26, 9]
2023-10-04 13:36:16,663:INFO:fnodataprocessor:get_indicator_value_signal:FnoDataProcessor: indicator 5 set value:14.29 signal:0 config:14
2023-10-04 13:36:16,664:INFO:fnodataprocessor:get_indicator_value_signal:FnoDataProcessor: indicator tp 1 set value:3.82 signal:-1 config:10
2023-10-04 13:36:16,664:INFO:fnodataprocessor:get_indicator_value_signal:FnoDataProcessor: indicator tp 2 set value:3.86 signal:-1 config:15
2023-10-04 13:36:16,665:INFO:fnodataprocessor:get_indicator_value_signal:FnoDataProcessor: indicator tp 3 set value:3.92 signal:-1 config:20
2023-10-04 13:36:16,665:INFO:fnodataprocessor:set_level_signal:FnoDataProcessor:  NIFTY level set value:(19400, 19200) signal:1
2023-10-04 13:36:16,665:INFO:fnodataprocessor:set_sl_indi_sell_signal:FnoDataProcessor: NIFTY NIFTY23O0519600CE sl indicator sell signal set as False
2023-10-04 13:36:16,665:INFO:fnodataprocessor:set_rank:FnoDataProcessor: weights for rank set as 1:0 2:0 3:0 4:0 5:0 level:20
2023-10-04 13:36:16,665:INFO:fnodataprocessor:set_rank:FnoDataProcessor: rank set as 20
2023-10-04 13:36:16,665:INFO:fnodataprocessor:update:FnoDataProcessor: instruToken: 14578690, instruSymbol: NIFTY23O0519600CE, object updated
2023-10-04 13:36:17,037:INFO:fnodataprocessor:set_hist_data:FnoDataProcessor: historical data fetched size (7347, 5)
2023-10-04 13:36:17,038:INFO:fnodataprocessor:set_hist_data:FnoDataProcessor: latest timestamp set to 2023-10-04 13:35:00+05:30
2023-10-04 13:36:17,038:INFO:fnodataprocessor:set_last_close_price:FnoDataProcessor: last close price set lcp:243.4 lastfuturecloseprice244.25
2023-10-04 13:36:17,038:INFO:fnodataprocessor:get_indicator_value_signal:FnoDataProcessor: indicator 1 set value:237.1 signal:1 config:20
2023-10-04 13:36:17,040:INFO:fnodataprocessor:get_indicator_value_signal:FnoDataProcessor: indicator 2 set value:214.13 signal:1 config:VWAP
2023-10-04 13:36:18,272:INFO:fnodataprocessor:get_indicator_value_signal:FnoDataProcessor: indicator 3 set value:0 signal:0 config:[7, 3]
2023-10-04 13:36:18,273:INFO:fnodataprocessor:get_indicator_value_signal:FnoDataProcessor: indicator 4 set value:-0.9 signal:0 config:[12, 26, 9]
2023-10-04 13:36:18,275:INFO:fnodataprocessor:get_indicator_value_signal:FnoDataProcessor: indicator 5 set value:84.13 signal:0 config:14
2023-10-04 13:36:18,276:INFO:fnodataprocessor:get_indicator_value_signal:FnoDataProcessor: indicator tp 1 set value:241.3 signal:1 config:10
2023-10-04 13:36:18,276:INFO:fnodataprocessor:get_indicator_value_signal:FnoDataProcessor: indicator tp 2 set value:238.86 signal:1 config:15
2023-10-04 13:36:18,277:INFO:fnodataprocessor:get_indicator_value_signal:FnoDataProcessor: indicator tp 3 set value:237.1 signal:1 config:20
2023-10-04 13:36:18,277:INFO:fnodataprocessor:set_level_signal:FnoDataProcessor:  NIFTY level set value:(19400, 19200) signal:1
2023-10-04 13:36:18,277:INFO:fnodataprocessor:set_sl_indi_sell_signal:FnoDataProcessor: NIFTY NIFTY23O0519600PE sl indicator sell signal set as False
2023-10-04 13:36:18,277:INFO:fnodataprocessor:set_rank:FnoDataProcessor: weights for rank set as 1:5 2:15 3:0 4:0 5:0 level:20
2023-10-04 13:36:18,277:INFO:fnodataprocessor:set_rank:FnoDataProcessor: rank set as 40
2023-10-04 13:36:18,277:INFO:fnodataprocessor:update:FnoDataProcessor: instruToken: 14578946, instruSymbol: NIFTY23O0519600PE, object updated
2023-10-04 13:36:18,608:INFO:fnodataprocessor:set_hist_data:FnoDataProcessor: historical data fetched size (7761, 5)
2023-10-04 13:36:18,609:INFO:fnodataprocessor:set_hist_data:FnoDataProcessor: latest timestamp set to 2023-10-04 13:35:00+05:30
2023-10-04 13:36:18,609:INFO:fnodataprocessor:set_last_close_price:FnoDataProcessor: last close price set lcp:44114.9 lastfuturecloseprice44111.1
2023-10-04 13:36:18,609:INFO:fnodataprocessor:get_indicator_value_signal:FnoDataProcessor: indicator 1 set value:44133.42 signal:-1 config:20
2023-10-04 13:36:18,611:INFO:fnodataprocessor:get_indicator_value_signal:FnoDataProcessor: indicator 2 set value:44166.32 signal:-1 config:VWAP
2023-10-04 13:36:20,292:INFO:fnodataprocessor:get_indicator_value_signal:FnoDataProcessor: indicator 3 set value:44104.58 signal:0 config:[7, 3]
2023-10-04 13:36:20,294:INFO:fnodataprocessor:get_indicator_value_signal:FnoDataProcessor: indicator 4 set value:3.42 signal:0 config:[12, 26, 9]
2023-10-04 13:36:20,295:INFO:fnodataprocessor:get_indicator_value_signal:FnoDataProcessor: indicator 5 set value:29.42 signal:0 config:14
2023-10-04 13:36:20,296:INFO:fnodataprocessor:get_indicator_value_signal:FnoDataProcessor: indicator tp 1 set value:44123.22 signal:-1 config:10
2023-10-04 13:36:20,296:INFO:fnodataprocessor:get_indicator_value_signal:FnoDataProcessor: indicator tp 2 set value:44128.59 signal:-1 config:15
2023-10-04 13:36:20,297:INFO:fnodataprocessor:get_indicator_value_signal:FnoDataProcessor: indicator tp 3 set value:44133.42 signal:-1 config:20
2023-10-04 13:36:20,297:INFO:fnodataprocessor:set_level_signal:FnoDataProcessor: BANKNIFTY level set value:None signal:0
2023-10-04 13:36:20,297:INFO:fnodataprocessor:set_sl_indi_sell_signal:FnoDataProcessor: BANKNIFTY BANKNIFTY23OCTFUT sl indicator sell signal set as False
2023-10-04 13:36:20,297:INFO:fnodataprocessor:set_rank:FnoDataProcessor: weights for rank set as 1:0 2:0 3:0 4:0 5:0 level:0
2023-10-04 13:36:20,297:INFO:fnodataprocessor:set_rank:FnoDataProcessor: rank set as 0
2023-10-04 13:36:20,297:INFO:fnodataprocessor:update:FnoDataProcessor: instruToken: 8979970, instruSymbol: BANKNIFTY23OCTFUT, object updated
2023-10-04 13:36:20,673:INFO:fnodataprocessor:set_hist_data:FnoDataProcessor: historical data fetched size (6590, 5)
2023-10-04 13:36:20,673:INFO:fnodataprocessor:set_hist_data:FnoDataProcessor: latest timestamp set to 2023-10-04 13:35:00+05:30
2023-10-04 13:36:20,673:INFO:fnodataprocessor:set_last_close_price:FnoDataProcessor: last close price set lcp:2.25 lastfuturecloseprice2.1
2023-10-04 13:36:20,674:INFO:fnodataprocessor:get_indicator_value_signal:FnoDataProcessor: indicator 1 set value:2.55 signal:-1 config:20
2023-10-04 13:36:20,676:INFO:fnodataprocessor:get_indicator_value_signal:FnoDataProcessor: indicator 2 set value:4.36 signal:-1 config:VWAP
2023-10-04 13:36:21,791:INFO:fnodataprocessor:get_indicator_value_signal:FnoDataProcessor: indicator 3 set value:0.0 signal:0 config:[7, 3]
2023-10-04 13:36:21,792:INFO:fnodataprocessor:get_indicator_value_signal:FnoDataProcessor: indicator 4 set value:-0.11 signal:0 config:[12, 26, 9]
2023-10-04 13:36:21,793:INFO:fnodataprocessor:get_indicator_value_signal:FnoDataProcessor: indicator 5 set value:22.22 signal:0 config:14
2023-10-04 13:36:21,794:INFO:fnodataprocessor:get_indicator_value_signal:FnoDataProcessor: indicator tp 1 set value:2.26 signal:-1 config:10
2023-10-04 13:36:21,794:INFO:fnodataprocessor:get_indicator_value_signal:FnoDataProcessor: indicator tp 2 set value:2.42 signal:-1 config:15
2023-10-04 13:36:21,795:INFO:fnodataprocessor:get_indicator_value_signal:FnoDataProcessor: indicator tp 3 set value:2.55 signal:-1 config:20
2023-10-04 13:36:21,795:INFO:fnodataprocessor:set_level_signal:FnoDataProcessor: BANKNIFTY level set value:(44200, 43800) signal:1
2023-10-04 13:36:21,795:INFO:fnodataprocessor:set_sl_indi_sell_signal:FnoDataProcessor: BANKNIFTY BANKNIFTY23O0444600CE sl indicator sell signal set as False
2023-10-04 13:36:21,795:INFO:fnodataprocessor:set_rank:FnoDataProcessor: weights for rank set as 1:0 2:0 3:0 4:0 5:0 level:20
2023-10-04 13:36:21,795:INFO:fnodataprocessor:set_rank:FnoDataProcessor: rank set as 20
2023-10-04 13:36:21,795:INFO:fnodataprocessor:update:FnoDataProcessor: instruToken: 14510594, instruSymbol: BANKNIFTY23O0444600CE, object updated
2023-10-04 13:36:22,117:INFO:fnodataprocessor:set_hist_data:FnoDataProcessor: historical data fetched size (5262, 5)
2023-10-04 13:36:22,117:INFO:fnodataprocessor:set_hist_data:FnoDataProcessor: latest timestamp set to 2023-10-04 13:35:00+05:30
2023-10-04 13:36:22,117:INFO:fnodataprocessor:set_last_close_price:FnoDataProcessor: last close price set lcp:704.95 lastfuturecloseprice702.7
2023-10-04 13:36:22,118:INFO:fnodataprocessor:get_indicator_value_signal:FnoDataProcessor: indicator 1 set value:681.6 signal:1 config:20
2023-10-04 13:36:22,119:INFO:fnodataprocessor:get_indicator_value_signal:FnoDataProcessor: indicator 2 set value:633.82 signal:1 config:VWAP
2023-10-04 13:36:23,004:INFO:fnodataprocessor:get_indicator_value_signal:FnoDataProcessor: indicator 3 set value:0 signal:0 config:[7, 3]
2023-10-04 13:36:23,005:INFO:fnodataprocessor:get_indicator_value_signal:FnoDataProcessor: indicator 4 set value:-3.72 signal:0 config:[12, 26, 9]
2023-10-04 13:36:23,007:INFO:fnodataprocessor:get_indicator_value_signal:FnoDataProcessor: indicator 5 set value:90.22 signal:0 config:14
2023-10-04 13:36:23,007:INFO:fnodataprocessor:get_indicator_value_signal:FnoDataProcessor: indicator tp 1 set value:690.27 signal:1 config:10
2023-10-04 13:36:23,008:INFO:fnodataprocessor:get_indicator_value_signal:FnoDataProcessor: indicator tp 2 set value:685.76 signal:1 config:15
2023-10-04 13:36:23,008:INFO:fnodataprocessor:get_indicator_value_signal:FnoDataProcessor: indicator tp 3 set value:681.6 signal:1 config:20
2023-10-04 13:36:23,008:INFO:fnodataprocessor:set_level_signal:FnoDataProcessor: BANKNIFTY level set value:(44200, 43800) signal:1
2023-10-04 13:36:23,008:INFO:fnodataprocessor:set_sl_indi_sell_signal:FnoDataProcessor: BANKNIFTY BANKNIFTY23O0444600PE sl indicator sell signal set as False
2023-10-04 13:36:23,008:INFO:fnodataprocessor:set_rank:FnoDataProcessor: weights for rank set as 1:5 2:15 3:0 4:0 5:0 level:20
2023-10-04 13:36:23,008:INFO:fnodataprocessor:set_rank:FnoDataProcessor: rank set as 40
2023-10-04 13:36:23,008:INFO:fnodataprocessor:update:FnoDataProcessor: instruToken: 14510850, instruSymbol: BANKNIFTY23O0444600PE, object updated
2023-10-04 13:36:23,008:INFO:strategy:_update_dataprocessor:Strategy:500:added csv row to csv_files/strategy_20231004.csv
2023-10-04 13:36:23,008:INFO:strategy:check_for_signal:Strategy:500:signal for None no rank conditions matched
2023-10-04 13:36:23,008:INFO:strategy:set_strategy_kill_switch_codes:Strategy:500:none kill switch condition triggered
2023-10-04 13:36:23,008:INFO:strategy:update_order_status:Strategy:500:none updated order status
2023-10-04 13:36:23,008:INFO:utils:printer_logger:placing entry order after valid signal
2023-10-04 13:36:23,065:INFO:orders:place_validity_limit_buy_nfo:Orders: limit validity buy order sent NIFTY23O0519600PE 50 243.4 1 entry 231004602162529
2023-10-04 13:36:23,066:INFO:strategy:send_buy_order_if_signal_n_valid_code:Strategy:301:entry buy order sent for {'symbol': 'NIFTY23O0519600PE', 'quantity': 50, 'limit_price': 243.4, 'oid': '231004602162529', 'status': ''}
2023-10-04 13:36:23,066:INFO:strategy:update_last_processed_timestamp:Strategy:301: updated last processes timestamp 2023-10-04 13:35:00
2023-10-04 13:36:23,066:INFO:strategy:update_unrealised_pnl:Strategy:301: none updated unrealised pnl 0
2023-10-04 13:36:23,066:INFO:strategy:set_status_beacon:Strategy:301: status beacon updated ON-WT
2023-10-04 13:36:23,067:INFO:strategy:write_csv_n_json:Strategy:301: saving json to json_files/strategy_20231004.json and csv to csv_files/strategy_20231004.csv
2023-10-04 13:36:23,070:INFO:strategy:update:Strategy:301: not a market holiday
2023-10-04 13:36:23,071:INFO:strategy:update:Strategy:301: market is open
2023-10-04 13:36:23,072:INFO:strategy:ready_for_next_candle:Strategy:301: candle interval 1min last timestamp processed 2023-10-04 13:35:00, next candle time 2023-10-04 13:37:00
2023-10-04 13:36:23,072:INFO:strategy:ready_for_next_candle:Strategy:301: now not> nextcandletime last timestamp processed 2023-10-04 13:35:00, next candle time 2023-10-04 13:37:00
2023-10-04 13:36:23,072:INFO:strategy:update:Strategy:301: not ready for next candle
2023-10-04 13:36:23,112:INFO:orders:get_orders:Orders: fetched existing orders for tag lunar
2023-10-04 13:36:23,114:INFO:orders:get_order_status:Orders: order status fetched oid:231004602162529 OPEN
2023-10-04 13:36:23,114:INFO:strategy:update_order_status:Strategy:301:updated order status for entry OPEN
2023-10-04 13:36:23,114:INFO:strategy:if_buy_filled_or_cancelled:Strategy:301:entry buy order open
